[2022-08-24 01:11:46,427: INFO/MainProcess] beat: Starting...
[2022-08-24 01:11:56,494: INFO/MainProcess] Scheduler: Sending due task print-message-ten-seconds (print_msg_main)
[2022-08-24 01:12:06,487: INFO/MainProcess] Scheduler: Sending due task print-message-ten-seconds (print_msg_main)
[2022-08-24 01:12:16,487: INFO/MainProcess] Scheduler: Sending due task print-message-ten-seconds (print_msg_main)
[2022-08-24 01:12:26,487: INFO/MainProcess] Scheduler: Sending due task print-message-ten-seconds (print_msg_main)
[2022-08-24 01:12:36,487: INFO/MainProcess] Scheduler: Sending due task print-message-ten-seconds (print_msg_main)
[2022-08-24 01:18:18,819: INFO/MainProcess] beat: Starting...
[2022-08-24 01:18:28,860: INFO/MainProcess] Scheduler: Sending due task send-daily-words (send_daily_words_task)
[2022-08-24 01:18:38,845: INFO/MainProcess] Scheduler: Sending due task send-daily-words (send_daily_words_task)
[2022-08-24 01:20:22,344: INFO/MainProcess] beat: Starting...
[2022-08-24 01:20:52,368: INFO/MainProcess] Scheduler: Sending due task send-daily-words (send_daily_words_task)
[2022-08-24 01:21:22,363: INFO/MainProcess] Scheduler: Sending due task send-daily-words (send_daily_words_task)
[2022-08-25 03:15:01,764: INFO/MainProcess] beat: Starting...
[2022-08-25 03:15:01,816: INFO/MainProcess] Scheduler: Sending due task send-daily-words (send_daily_words_task)
[2022-08-25 03:15:31,811: INFO/MainProcess] Scheduler: Sending due task send-daily-words (send_daily_words_task)
[2022-08-25 19:46:12,656: INFO/MainProcess] beat: Starting...
[2022-08-25 19:46:12,726: INFO/MainProcess] Scheduler: Sending due task send-daily-words (send_daily_words_task)
[2022-08-25 19:46:42,716: INFO/MainProcess] Scheduler: Sending due task send-daily-words (send_daily_words_task)
[2022-08-25 19:47:12,716: INFO/MainProcess] Scheduler: Sending due task send-daily-words (send_daily_words_task)
[2022-08-25 19:57:11,885: INFO/MainProcess] beat: Starting...
[2022-08-25 19:57:11,941: INFO/MainProcess] Scheduler: Sending due task send-daily-words (send_daily_words_task)
[2022-08-25 19:57:41,934: INFO/MainProcess] Scheduler: Sending due task send-daily-words (send_daily_words_task)
[2022-08-27 07:48:50,659: INFO/MainProcess] beat: Starting...
[2022-08-27 07:48:50,757: INFO/MainProcess] Scheduler: Sending due task send-daily-words (send_daily_words_task)
[2022-08-27 07:49:20,747: INFO/MainProcess] Scheduler: Sending due task send-daily-words (send_daily_words_task)
[2022-08-27 07:49:50,747: INFO/MainProcess] Scheduler: Sending due task send-daily-words (send_daily_words_task)
[2022-09-09 18:01:08,074: INFO/MainProcess] beat: Starting...
[2022-09-09 18:01:13,125: INFO/MainProcess] Scheduler: Sending due task send-daily-words-test (send_daily_words_test)
[2022-09-09 18:01:18,118: INFO/MainProcess] Scheduler: Sending due task print-msg (print_msg_main)
[2022-09-09 18:01:18,128: ERROR/MainProcess] Message Error: Couldn't apply scheduled task print-msg: print_message() missing 1 required positional argument: 'message'
['  File "/Users/b.vance/Coding Projects/daily_words_project/daily_words_backend/.venv/bin/celery", line 10, in <module>\n    sys.exit(main())\n', '  File "/Users/b.vance/Coding Projects/daily_words_project/daily_words_backend/.venv/lib/python3.9/site-packages/celery/__main__.py", line 15, in main\n    sys.exit(_main())\n', '  File "/Users/b.vance/Coding Projects/daily_words_project/daily_words_backend/.venv/lib/python3.9/site-packages/celery/bin/celery.py", line 217, in main\n    return celery(auto_envvar_prefix="CELERY")\n', '  File "/Users/b.vance/Coding Projects/daily_words_project/daily_words_backend/.venv/lib/python3.9/site-packages/click/core.py", line 1130, in __call__\n    return self.main(*args, **kwargs)\n', '  File "/Users/b.vance/Coding Projects/daily_words_project/daily_words_backend/.venv/lib/python3.9/site-packages/click/core.py", line 1055, in main\n    rv = self.invoke(ctx)\n', '  File "/Users/b.vance/Coding Projects/daily_words_project/daily_words_backend/.venv/lib/python3.9/site-packages/click/core.py", line 1657, in invoke\n    return _process_result(sub_ctx.command.invoke(sub_ctx))\n', '  File "/Users/b.vance/Coding Projects/daily_words_project/daily_words_backend/.venv/lib/python3.9/site-packages/click/core.py", line 1404, in invoke\n    return ctx.invoke(self.callback, **ctx.params)\n', '  File "/Users/b.vance/Coding Projects/daily_words_project/daily_words_backend/.venv/lib/python3.9/site-packages/click/core.py", line 760, in invoke\n    return __callback(*args, **kwargs)\n', '  File "/Users/b.vance/Coding Projects/daily_words_project/daily_words_backend/.venv/lib/python3.9/site-packages/click/decorators.py", line 26, in new_func\n    return f(get_current_context(), *args, **kwargs)\n', '  File "/Users/b.vance/Coding Projects/daily_words_project/daily_words_backend/.venv/lib/python3.9/site-packages/celery/bin/base.py", line 134, in caller\n    return f(ctx, *args, **kwargs)\n', '  File "/Users/b.vance/Coding Projects/daily_words_project/daily_words_backend/.venv/lib/python3.9/site-packages/celery/bin/beat.py", line 70, in beat\n    return beat().run()\n', '  File "/Users/b.vance/Coding Projects/daily_words_project/daily_words_backend/.venv/lib/python3.9/site-packages/celery/apps/beat.py", line 77, in run\n    self.start_scheduler()\n', '  File "/Users/b.vance/Coding Projects/daily_words_project/daily_words_backend/.venv/lib/python3.9/site-packages/celery/apps/beat.py", line 105, in start_scheduler\n    service.start()\n', '  File "/Users/b.vance/Coding Projects/daily_words_project/daily_words_backend/.venv/lib/python3.9/site-packages/celery/beat.py", line 645, in start\n    interval = self.scheduler.tick()\n', '  File "/Users/b.vance/Coding Projects/daily_words_project/daily_words_backend/.venv/lib/python3.9/site-packages/celery/beat.py", line 357, in tick\n    self.apply_entry(entry, producer=self.producer)\n', '  File "/Users/b.vance/Coding Projects/daily_words_project/daily_words_backend/.venv/lib/python3.9/site-packages/celery/beat.py", line 290, in apply_entry\n    exc, traceback.format_stack(), exc_info=True)\n']
Traceback (most recent call last):
  File "/Users/b.vance/Coding Projects/daily_words_project/daily_words_backend/.venv/lib/python3.9/site-packages/celery/beat.py", line 404, in apply_async
    return task.apply_async(entry_args, entry_kwargs,
  File "/Users/b.vance/Coding Projects/daily_words_project/daily_words_backend/.venv/lib/python3.9/site-packages/celery/app/task.py", line 540, in apply_async
    check_arguments(*(args or ()), **(kwargs or {}))
TypeError: print_message() missing 1 required positional argument: 'message'

During handling of the above exception, another exception occurred:

Traceback (most recent call last):
  File "/Users/b.vance/Coding Projects/daily_words_project/daily_words_backend/.venv/lib/python3.9/site-packages/celery/beat.py", line 287, in apply_entry
    result = self.apply_async(entry, producer=producer, advance=False)
  File "/Users/b.vance/Coding Projects/daily_words_project/daily_words_backend/.venv/lib/python3.9/site-packages/celery/beat.py", line 412, in apply_async
    reraise(SchedulingError, SchedulingError(
  File "/Users/b.vance/Coding Projects/daily_words_project/daily_words_backend/.venv/lib/python3.9/site-packages/celery/exceptions.py", line 108, in reraise
    raise value.with_traceback(tb)
  File "/Users/b.vance/Coding Projects/daily_words_project/daily_words_backend/.venv/lib/python3.9/site-packages/celery/beat.py", line 404, in apply_async
    return task.apply_async(entry_args, entry_kwargs,
  File "/Users/b.vance/Coding Projects/daily_words_project/daily_words_backend/.venv/lib/python3.9/site-packages/celery/app/task.py", line 540, in apply_async
    check_arguments(*(args or ()), **(kwargs or {}))
celery.beat.SchedulingError: Couldn't apply scheduled task print-msg: print_message() missing 1 required positional argument: 'message'
[2022-09-09 18:01:18,132: INFO/MainProcess] Scheduler: Sending due task send-daily-words-test (send_daily_words_test)
[2022-09-09 18:01:23,132: INFO/MainProcess] Scheduler: Sending due task send-daily-words-test (send_daily_words_test)
[2022-09-09 18:01:28,118: INFO/MainProcess] Scheduler: Sending due task print-msg (print_msg_main)
[2022-09-09 18:01:28,120: ERROR/MainProcess] Message Error: Couldn't apply scheduled task print-msg: print_message() missing 1 required positional argument: 'message'
['  File "/Users/b.vance/Coding Projects/daily_words_project/daily_words_backend/.venv/bin/celery", line 10, in <module>\n    sys.exit(main())\n', '  File "/Users/b.vance/Coding Projects/daily_words_project/daily_words_backend/.venv/lib/python3.9/site-packages/celery/__main__.py", line 15, in main\n    sys.exit(_main())\n', '  File "/Users/b.vance/Coding Projects/daily_words_project/daily_words_backend/.venv/lib/python3.9/site-packages/celery/bin/celery.py", line 217, in main\n    return celery(auto_envvar_prefix="CELERY")\n', '  File "/Users/b.vance/Coding Projects/daily_words_project/daily_words_backend/.venv/lib/python3.9/site-packages/click/core.py", line 1130, in __call__\n    return self.main(*args, **kwargs)\n', '  File "/Users/b.vance/Coding Projects/daily_words_project/daily_words_backend/.venv/lib/python3.9/site-packages/click/core.py", line 1055, in main\n    rv = self.invoke(ctx)\n', '  File "/Users/b.vance/Coding Projects/daily_words_project/daily_words_backend/.venv/lib/python3.9/site-packages/click/core.py", line 1657, in invoke\n    return _process_result(sub_ctx.command.invoke(sub_ctx))\n', '  File "/Users/b.vance/Coding Projects/daily_words_project/daily_words_backend/.venv/lib/python3.9/site-packages/click/core.py", line 1404, in invoke\n    return ctx.invoke(self.callback, **ctx.params)\n', '  File "/Users/b.vance/Coding Projects/daily_words_project/daily_words_backend/.venv/lib/python3.9/site-packages/click/core.py", line 760, in invoke\n    return __callback(*args, **kwargs)\n', '  File "/Users/b.vance/Coding Projects/daily_words_project/daily_words_backend/.venv/lib/python3.9/site-packages/click/decorators.py", line 26, in new_func\n    return f(get_current_context(), *args, **kwargs)\n', '  File "/Users/b.vance/Coding Projects/daily_words_project/daily_words_backend/.venv/lib/python3.9/site-packages/celery/bin/base.py", line 134, in caller\n    return f(ctx, *args, **kwargs)\n', '  File "/Users/b.vance/Coding Projects/daily_words_project/daily_words_backend/.venv/lib/python3.9/site-packages/celery/bin/beat.py", line 70, in beat\n    return beat().run()\n', '  File "/Users/b.vance/Coding Projects/daily_words_project/daily_words_backend/.venv/lib/python3.9/site-packages/celery/apps/beat.py", line 77, in run\n    self.start_scheduler()\n', '  File "/Users/b.vance/Coding Projects/daily_words_project/daily_words_backend/.venv/lib/python3.9/site-packages/celery/apps/beat.py", line 105, in start_scheduler\n    service.start()\n', '  File "/Users/b.vance/Coding Projects/daily_words_project/daily_words_backend/.venv/lib/python3.9/site-packages/celery/beat.py", line 645, in start\n    interval = self.scheduler.tick()\n', '  File "/Users/b.vance/Coding Projects/daily_words_project/daily_words_backend/.venv/lib/python3.9/site-packages/celery/beat.py", line 357, in tick\n    self.apply_entry(entry, producer=self.producer)\n', '  File "/Users/b.vance/Coding Projects/daily_words_project/daily_words_backend/.venv/lib/python3.9/site-packages/celery/beat.py", line 290, in apply_entry\n    exc, traceback.format_stack(), exc_info=True)\n']
Traceback (most recent call last):
  File "/Users/b.vance/Coding Projects/daily_words_project/daily_words_backend/.venv/lib/python3.9/site-packages/celery/beat.py", line 404, in apply_async
    return task.apply_async(entry_args, entry_kwargs,
  File "/Users/b.vance/Coding Projects/daily_words_project/daily_words_backend/.venv/lib/python3.9/site-packages/celery/app/task.py", line 540, in apply_async
    check_arguments(*(args or ()), **(kwargs or {}))
TypeError: print_message() missing 1 required positional argument: 'message'

During handling of the above exception, another exception occurred:

Traceback (most recent call last):
  File "/Users/b.vance/Coding Projects/daily_words_project/daily_words_backend/.venv/lib/python3.9/site-packages/celery/beat.py", line 287, in apply_entry
    result = self.apply_async(entry, producer=producer, advance=False)
  File "/Users/b.vance/Coding Projects/daily_words_project/daily_words_backend/.venv/lib/python3.9/site-packages/celery/beat.py", line 412, in apply_async
    reraise(SchedulingError, SchedulingError(
  File "/Users/b.vance/Coding Projects/daily_words_project/daily_words_backend/.venv/lib/python3.9/site-packages/celery/exceptions.py", line 108, in reraise
    raise value.with_traceback(tb)
  File "/Users/b.vance/Coding Projects/daily_words_project/daily_words_backend/.venv/lib/python3.9/site-packages/celery/beat.py", line 404, in apply_async
    return task.apply_async(entry_args, entry_kwargs,
  File "/Users/b.vance/Coding Projects/daily_words_project/daily_words_backend/.venv/lib/python3.9/site-packages/celery/app/task.py", line 540, in apply_async
    check_arguments(*(args or ()), **(kwargs or {}))
celery.beat.SchedulingError: Couldn't apply scheduled task print-msg: print_message() missing 1 required positional argument: 'message'
[2022-09-09 18:01:28,132: INFO/MainProcess] Scheduler: Sending due task send-daily-words-test (send_daily_words_test)
[2022-09-09 18:01:33,132: INFO/MainProcess] Scheduler: Sending due task send-daily-words-test (send_daily_words_test)
[2022-09-09 18:01:38,118: INFO/MainProcess] Scheduler: Sending due task print-msg (print_msg_main)
[2022-09-09 18:01:38,120: ERROR/MainProcess] Message Error: Couldn't apply scheduled task print-msg: print_message() missing 1 required positional argument: 'message'
['  File "/Users/b.vance/Coding Projects/daily_words_project/daily_words_backend/.venv/bin/celery", line 10, in <module>\n    sys.exit(main())\n', '  File "/Users/b.vance/Coding Projects/daily_words_project/daily_words_backend/.venv/lib/python3.9/site-packages/celery/__main__.py", line 15, in main\n    sys.exit(_main())\n', '  File "/Users/b.vance/Coding Projects/daily_words_project/daily_words_backend/.venv/lib/python3.9/site-packages/celery/bin/celery.py", line 217, in main\n    return celery(auto_envvar_prefix="CELERY")\n', '  File "/Users/b.vance/Coding Projects/daily_words_project/daily_words_backend/.venv/lib/python3.9/site-packages/click/core.py", line 1130, in __call__\n    return self.main(*args, **kwargs)\n', '  File "/Users/b.vance/Coding Projects/daily_words_project/daily_words_backend/.venv/lib/python3.9/site-packages/click/core.py", line 1055, in main\n    rv = self.invoke(ctx)\n', '  File "/Users/b.vance/Coding Projects/daily_words_project/daily_words_backend/.venv/lib/python3.9/site-packages/click/core.py", line 1657, in invoke\n    return _process_result(sub_ctx.command.invoke(sub_ctx))\n', '  File "/Users/b.vance/Coding Projects/daily_words_project/daily_words_backend/.venv/lib/python3.9/site-packages/click/core.py", line 1404, in invoke\n    return ctx.invoke(self.callback, **ctx.params)\n', '  File "/Users/b.vance/Coding Projects/daily_words_project/daily_words_backend/.venv/lib/python3.9/site-packages/click/core.py", line 760, in invoke\n    return __callback(*args, **kwargs)\n', '  File "/Users/b.vance/Coding Projects/daily_words_project/daily_words_backend/.venv/lib/python3.9/site-packages/click/decorators.py", line 26, in new_func\n    return f(get_current_context(), *args, **kwargs)\n', '  File "/Users/b.vance/Coding Projects/daily_words_project/daily_words_backend/.venv/lib/python3.9/site-packages/celery/bin/base.py", line 134, in caller\n    return f(ctx, *args, **kwargs)\n', '  File "/Users/b.vance/Coding Projects/daily_words_project/daily_words_backend/.venv/lib/python3.9/site-packages/celery/bin/beat.py", line 70, in beat\n    return beat().run()\n', '  File "/Users/b.vance/Coding Projects/daily_words_project/daily_words_backend/.venv/lib/python3.9/site-packages/celery/apps/beat.py", line 77, in run\n    self.start_scheduler()\n', '  File "/Users/b.vance/Coding Projects/daily_words_project/daily_words_backend/.venv/lib/python3.9/site-packages/celery/apps/beat.py", line 105, in start_scheduler\n    service.start()\n', '  File "/Users/b.vance/Coding Projects/daily_words_project/daily_words_backend/.venv/lib/python3.9/site-packages/celery/beat.py", line 645, in start\n    interval = self.scheduler.tick()\n', '  File "/Users/b.vance/Coding Projects/daily_words_project/daily_words_backend/.venv/lib/python3.9/site-packages/celery/beat.py", line 357, in tick\n    self.apply_entry(entry, producer=self.producer)\n', '  File "/Users/b.vance/Coding Projects/daily_words_project/daily_words_backend/.venv/lib/python3.9/site-packages/celery/beat.py", line 290, in apply_entry\n    exc, traceback.format_stack(), exc_info=True)\n']
Traceback (most recent call last):
  File "/Users/b.vance/Coding Projects/daily_words_project/daily_words_backend/.venv/lib/python3.9/site-packages/celery/beat.py", line 404, in apply_async
    return task.apply_async(entry_args, entry_kwargs,
  File "/Users/b.vance/Coding Projects/daily_words_project/daily_words_backend/.venv/lib/python3.9/site-packages/celery/app/task.py", line 540, in apply_async
    check_arguments(*(args or ()), **(kwargs or {}))
TypeError: print_message() missing 1 required positional argument: 'message'

During handling of the above exception, another exception occurred:

Traceback (most recent call last):
  File "/Users/b.vance/Coding Projects/daily_words_project/daily_words_backend/.venv/lib/python3.9/site-packages/celery/beat.py", line 287, in apply_entry
    result = self.apply_async(entry, producer=producer, advance=False)
  File "/Users/b.vance/Coding Projects/daily_words_project/daily_words_backend/.venv/lib/python3.9/site-packages/celery/beat.py", line 412, in apply_async
    reraise(SchedulingError, SchedulingError(
  File "/Users/b.vance/Coding Projects/daily_words_project/daily_words_backend/.venv/lib/python3.9/site-packages/celery/exceptions.py", line 108, in reraise
    raise value.with_traceback(tb)
  File "/Users/b.vance/Coding Projects/daily_words_project/daily_words_backend/.venv/lib/python3.9/site-packages/celery/beat.py", line 404, in apply_async
    return task.apply_async(entry_args, entry_kwargs,
  File "/Users/b.vance/Coding Projects/daily_words_project/daily_words_backend/.venv/lib/python3.9/site-packages/celery/app/task.py", line 540, in apply_async
    check_arguments(*(args or ()), **(kwargs or {}))
celery.beat.SchedulingError: Couldn't apply scheduled task print-msg: print_message() missing 1 required positional argument: 'message'
[2022-09-09 18:01:38,132: INFO/MainProcess] Scheduler: Sending due task send-daily-words-test (send_daily_words_test)
[2022-09-09 18:01:43,132: INFO/MainProcess] Scheduler: Sending due task send-daily-words-test (send_daily_words_test)
[2022-09-09 18:01:48,119: INFO/MainProcess] Scheduler: Sending due task print-msg (print_msg_main)
[2022-09-09 18:01:48,120: ERROR/MainProcess] Message Error: Couldn't apply scheduled task print-msg: print_message() missing 1 required positional argument: 'message'
['  File "/Users/b.vance/Coding Projects/daily_words_project/daily_words_backend/.venv/bin/celery", line 10, in <module>\n    sys.exit(main())\n', '  File "/Users/b.vance/Coding Projects/daily_words_project/daily_words_backend/.venv/lib/python3.9/site-packages/celery/__main__.py", line 15, in main\n    sys.exit(_main())\n', '  File "/Users/b.vance/Coding Projects/daily_words_project/daily_words_backend/.venv/lib/python3.9/site-packages/celery/bin/celery.py", line 217, in main\n    return celery(auto_envvar_prefix="CELERY")\n', '  File "/Users/b.vance/Coding Projects/daily_words_project/daily_words_backend/.venv/lib/python3.9/site-packages/click/core.py", line 1130, in __call__\n    return self.main(*args, **kwargs)\n', '  File "/Users/b.vance/Coding Projects/daily_words_project/daily_words_backend/.venv/lib/python3.9/site-packages/click/core.py", line 1055, in main\n    rv = self.invoke(ctx)\n', '  File "/Users/b.vance/Coding Projects/daily_words_project/daily_words_backend/.venv/lib/python3.9/site-packages/click/core.py", line 1657, in invoke\n    return _process_result(sub_ctx.command.invoke(sub_ctx))\n', '  File "/Users/b.vance/Coding Projects/daily_words_project/daily_words_backend/.venv/lib/python3.9/site-packages/click/core.py", line 1404, in invoke\n    return ctx.invoke(self.callback, **ctx.params)\n', '  File "/Users/b.vance/Coding Projects/daily_words_project/daily_words_backend/.venv/lib/python3.9/site-packages/click/core.py", line 760, in invoke\n    return __callback(*args, **kwargs)\n', '  File "/Users/b.vance/Coding Projects/daily_words_project/daily_words_backend/.venv/lib/python3.9/site-packages/click/decorators.py", line 26, in new_func\n    return f(get_current_context(), *args, **kwargs)\n', '  File "/Users/b.vance/Coding Projects/daily_words_project/daily_words_backend/.venv/lib/python3.9/site-packages/celery/bin/base.py", line 134, in caller\n    return f(ctx, *args, **kwargs)\n', '  File "/Users/b.vance/Coding Projects/daily_words_project/daily_words_backend/.venv/lib/python3.9/site-packages/celery/bin/beat.py", line 70, in beat\n    return beat().run()\n', '  File "/Users/b.vance/Coding Projects/daily_words_project/daily_words_backend/.venv/lib/python3.9/site-packages/celery/apps/beat.py", line 77, in run\n    self.start_scheduler()\n', '  File "/Users/b.vance/Coding Projects/daily_words_project/daily_words_backend/.venv/lib/python3.9/site-packages/celery/apps/beat.py", line 105, in start_scheduler\n    service.start()\n', '  File "/Users/b.vance/Coding Projects/daily_words_project/daily_words_backend/.venv/lib/python3.9/site-packages/celery/beat.py", line 645, in start\n    interval = self.scheduler.tick()\n', '  File "/Users/b.vance/Coding Projects/daily_words_project/daily_words_backend/.venv/lib/python3.9/site-packages/celery/beat.py", line 357, in tick\n    self.apply_entry(entry, producer=self.producer)\n', '  File "/Users/b.vance/Coding Projects/daily_words_project/daily_words_backend/.venv/lib/python3.9/site-packages/celery/beat.py", line 290, in apply_entry\n    exc, traceback.format_stack(), exc_info=True)\n']
Traceback (most recent call last):
  File "/Users/b.vance/Coding Projects/daily_words_project/daily_words_backend/.venv/lib/python3.9/site-packages/celery/beat.py", line 404, in apply_async
    return task.apply_async(entry_args, entry_kwargs,
  File "/Users/b.vance/Coding Projects/daily_words_project/daily_words_backend/.venv/lib/python3.9/site-packages/celery/app/task.py", line 540, in apply_async
    check_arguments(*(args or ()), **(kwargs or {}))
TypeError: print_message() missing 1 required positional argument: 'message'

During handling of the above exception, another exception occurred:

Traceback (most recent call last):
  File "/Users/b.vance/Coding Projects/daily_words_project/daily_words_backend/.venv/lib/python3.9/site-packages/celery/beat.py", line 287, in apply_entry
    result = self.apply_async(entry, producer=producer, advance=False)
  File "/Users/b.vance/Coding Projects/daily_words_project/daily_words_backend/.venv/lib/python3.9/site-packages/celery/beat.py", line 412, in apply_async
    reraise(SchedulingError, SchedulingError(
  File "/Users/b.vance/Coding Projects/daily_words_project/daily_words_backend/.venv/lib/python3.9/site-packages/celery/exceptions.py", line 108, in reraise
    raise value.with_traceback(tb)
  File "/Users/b.vance/Coding Projects/daily_words_project/daily_words_backend/.venv/lib/python3.9/site-packages/celery/beat.py", line 404, in apply_async
    return task.apply_async(entry_args, entry_kwargs,
  File "/Users/b.vance/Coding Projects/daily_words_project/daily_words_backend/.venv/lib/python3.9/site-packages/celery/app/task.py", line 540, in apply_async
    check_arguments(*(args or ()), **(kwargs or {}))
celery.beat.SchedulingError: Couldn't apply scheduled task print-msg: print_message() missing 1 required positional argument: 'message'
[2022-09-09 18:01:48,132: INFO/MainProcess] Scheduler: Sending due task send-daily-words-test (send_daily_words_test)
[2022-09-09 18:01:53,132: INFO/MainProcess] Scheduler: Sending due task send-daily-words-test (send_daily_words_test)
[2022-09-09 18:01:58,119: INFO/MainProcess] Scheduler: Sending due task print-msg (print_msg_main)
[2022-09-09 18:01:58,120: ERROR/MainProcess] Message Error: Couldn't apply scheduled task print-msg: print_message() missing 1 required positional argument: 'message'
['  File "/Users/b.vance/Coding Projects/daily_words_project/daily_words_backend/.venv/bin/celery", line 10, in <module>\n    sys.exit(main())\n', '  File "/Users/b.vance/Coding Projects/daily_words_project/daily_words_backend/.venv/lib/python3.9/site-packages/celery/__main__.py", line 15, in main\n    sys.exit(_main())\n', '  File "/Users/b.vance/Coding Projects/daily_words_project/daily_words_backend/.venv/lib/python3.9/site-packages/celery/bin/celery.py", line 217, in main\n    return celery(auto_envvar_prefix="CELERY")\n', '  File "/Users/b.vance/Coding Projects/daily_words_project/daily_words_backend/.venv/lib/python3.9/site-packages/click/core.py", line 1130, in __call__\n    return self.main(*args, **kwargs)\n', '  File "/Users/b.vance/Coding Projects/daily_words_project/daily_words_backend/.venv/lib/python3.9/site-packages/click/core.py", line 1055, in main\n    rv = self.invoke(ctx)\n', '  File "/Users/b.vance/Coding Projects/daily_words_project/daily_words_backend/.venv/lib/python3.9/site-packages/click/core.py", line 1657, in invoke\n    return _process_result(sub_ctx.command.invoke(sub_ctx))\n', '  File "/Users/b.vance/Coding Projects/daily_words_project/daily_words_backend/.venv/lib/python3.9/site-packages/click/core.py", line 1404, in invoke\n    return ctx.invoke(self.callback, **ctx.params)\n', '  File "/Users/b.vance/Coding Projects/daily_words_project/daily_words_backend/.venv/lib/python3.9/site-packages/click/core.py", line 760, in invoke\n    return __callback(*args, **kwargs)\n', '  File "/Users/b.vance/Coding Projects/daily_words_project/daily_words_backend/.venv/lib/python3.9/site-packages/click/decorators.py", line 26, in new_func\n    return f(get_current_context(), *args, **kwargs)\n', '  File "/Users/b.vance/Coding Projects/daily_words_project/daily_words_backend/.venv/lib/python3.9/site-packages/celery/bin/base.py", line 134, in caller\n    return f(ctx, *args, **kwargs)\n', '  File "/Users/b.vance/Coding Projects/daily_words_project/daily_words_backend/.venv/lib/python3.9/site-packages/celery/bin/beat.py", line 70, in beat\n    return beat().run()\n', '  File "/Users/b.vance/Coding Projects/daily_words_project/daily_words_backend/.venv/lib/python3.9/site-packages/celery/apps/beat.py", line 77, in run\n    self.start_scheduler()\n', '  File "/Users/b.vance/Coding Projects/daily_words_project/daily_words_backend/.venv/lib/python3.9/site-packages/celery/apps/beat.py", line 105, in start_scheduler\n    service.start()\n', '  File "/Users/b.vance/Coding Projects/daily_words_project/daily_words_backend/.venv/lib/python3.9/site-packages/celery/beat.py", line 645, in start\n    interval = self.scheduler.tick()\n', '  File "/Users/b.vance/Coding Projects/daily_words_project/daily_words_backend/.venv/lib/python3.9/site-packages/celery/beat.py", line 357, in tick\n    self.apply_entry(entry, producer=self.producer)\n', '  File "/Users/b.vance/Coding Projects/daily_words_project/daily_words_backend/.venv/lib/python3.9/site-packages/celery/beat.py", line 290, in apply_entry\n    exc, traceback.format_stack(), exc_info=True)\n']
Traceback (most recent call last):
  File "/Users/b.vance/Coding Projects/daily_words_project/daily_words_backend/.venv/lib/python3.9/site-packages/celery/beat.py", line 404, in apply_async
    return task.apply_async(entry_args, entry_kwargs,
  File "/Users/b.vance/Coding Projects/daily_words_project/daily_words_backend/.venv/lib/python3.9/site-packages/celery/app/task.py", line 540, in apply_async
    check_arguments(*(args or ()), **(kwargs or {}))
TypeError: print_message() missing 1 required positional argument: 'message'

During handling of the above exception, another exception occurred:

Traceback (most recent call last):
  File "/Users/b.vance/Coding Projects/daily_words_project/daily_words_backend/.venv/lib/python3.9/site-packages/celery/beat.py", line 287, in apply_entry
    result = self.apply_async(entry, producer=producer, advance=False)
  File "/Users/b.vance/Coding Projects/daily_words_project/daily_words_backend/.venv/lib/python3.9/site-packages/celery/beat.py", line 412, in apply_async
    reraise(SchedulingError, SchedulingError(
  File "/Users/b.vance/Coding Projects/daily_words_project/daily_words_backend/.venv/lib/python3.9/site-packages/celery/exceptions.py", line 108, in reraise
    raise value.with_traceback(tb)
  File "/Users/b.vance/Coding Projects/daily_words_project/daily_words_backend/.venv/lib/python3.9/site-packages/celery/beat.py", line 404, in apply_async
    return task.apply_async(entry_args, entry_kwargs,
  File "/Users/b.vance/Coding Projects/daily_words_project/daily_words_backend/.venv/lib/python3.9/site-packages/celery/app/task.py", line 540, in apply_async
    check_arguments(*(args or ()), **(kwargs or {}))
celery.beat.SchedulingError: Couldn't apply scheduled task print-msg: print_message() missing 1 required positional argument: 'message'
[2022-09-09 18:01:58,132: INFO/MainProcess] Scheduler: Sending due task send-daily-words-test (send_daily_words_test)
[2022-09-09 18:02:03,132: INFO/MainProcess] Scheduler: Sending due task send-daily-words-test (send_daily_words_test)
[2022-09-09 18:02:08,119: INFO/MainProcess] Scheduler: Sending due task print-msg (print_msg_main)
[2022-09-09 18:02:08,120: ERROR/MainProcess] Message Error: Couldn't apply scheduled task print-msg: print_message() missing 1 required positional argument: 'message'
['  File "/Users/b.vance/Coding Projects/daily_words_project/daily_words_backend/.venv/bin/celery", line 10, in <module>\n    sys.exit(main())\n', '  File "/Users/b.vance/Coding Projects/daily_words_project/daily_words_backend/.venv/lib/python3.9/site-packages/celery/__main__.py", line 15, in main\n    sys.exit(_main())\n', '  File "/Users/b.vance/Coding Projects/daily_words_project/daily_words_backend/.venv/lib/python3.9/site-packages/celery/bin/celery.py", line 217, in main\n    return celery(auto_envvar_prefix="CELERY")\n', '  File "/Users/b.vance/Coding Projects/daily_words_project/daily_words_backend/.venv/lib/python3.9/site-packages/click/core.py", line 1130, in __call__\n    return self.main(*args, **kwargs)\n', '  File "/Users/b.vance/Coding Projects/daily_words_project/daily_words_backend/.venv/lib/python3.9/site-packages/click/core.py", line 1055, in main\n    rv = self.invoke(ctx)\n', '  File "/Users/b.vance/Coding Projects/daily_words_project/daily_words_backend/.venv/lib/python3.9/site-packages/click/core.py", line 1657, in invoke\n    return _process_result(sub_ctx.command.invoke(sub_ctx))\n', '  File "/Users/b.vance/Coding Projects/daily_words_project/daily_words_backend/.venv/lib/python3.9/site-packages/click/core.py", line 1404, in invoke\n    return ctx.invoke(self.callback, **ctx.params)\n', '  File "/Users/b.vance/Coding Projects/daily_words_project/daily_words_backend/.venv/lib/python3.9/site-packages/click/core.py", line 760, in invoke\n    return __callback(*args, **kwargs)\n', '  File "/Users/b.vance/Coding Projects/daily_words_project/daily_words_backend/.venv/lib/python3.9/site-packages/click/decorators.py", line 26, in new_func\n    return f(get_current_context(), *args, **kwargs)\n', '  File "/Users/b.vance/Coding Projects/daily_words_project/daily_words_backend/.venv/lib/python3.9/site-packages/celery/bin/base.py", line 134, in caller\n    return f(ctx, *args, **kwargs)\n', '  File "/Users/b.vance/Coding Projects/daily_words_project/daily_words_backend/.venv/lib/python3.9/site-packages/celery/bin/beat.py", line 70, in beat\n    return beat().run()\n', '  File "/Users/b.vance/Coding Projects/daily_words_project/daily_words_backend/.venv/lib/python3.9/site-packages/celery/apps/beat.py", line 77, in run\n    self.start_scheduler()\n', '  File "/Users/b.vance/Coding Projects/daily_words_project/daily_words_backend/.venv/lib/python3.9/site-packages/celery/apps/beat.py", line 105, in start_scheduler\n    service.start()\n', '  File "/Users/b.vance/Coding Projects/daily_words_project/daily_words_backend/.venv/lib/python3.9/site-packages/celery/beat.py", line 645, in start\n    interval = self.scheduler.tick()\n', '  File "/Users/b.vance/Coding Projects/daily_words_project/daily_words_backend/.venv/lib/python3.9/site-packages/celery/beat.py", line 357, in tick\n    self.apply_entry(entry, producer=self.producer)\n', '  File "/Users/b.vance/Coding Projects/daily_words_project/daily_words_backend/.venv/lib/python3.9/site-packages/celery/beat.py", line 290, in apply_entry\n    exc, traceback.format_stack(), exc_info=True)\n']
Traceback (most recent call last):
  File "/Users/b.vance/Coding Projects/daily_words_project/daily_words_backend/.venv/lib/python3.9/site-packages/celery/beat.py", line 404, in apply_async
    return task.apply_async(entry_args, entry_kwargs,
  File "/Users/b.vance/Coding Projects/daily_words_project/daily_words_backend/.venv/lib/python3.9/site-packages/celery/app/task.py", line 540, in apply_async
    check_arguments(*(args or ()), **(kwargs or {}))
TypeError: print_message() missing 1 required positional argument: 'message'

During handling of the above exception, another exception occurred:

Traceback (most recent call last):
  File "/Users/b.vance/Coding Projects/daily_words_project/daily_words_backend/.venv/lib/python3.9/site-packages/celery/beat.py", line 287, in apply_entry
    result = self.apply_async(entry, producer=producer, advance=False)
  File "/Users/b.vance/Coding Projects/daily_words_project/daily_words_backend/.venv/lib/python3.9/site-packages/celery/beat.py", line 412, in apply_async
    reraise(SchedulingError, SchedulingError(
  File "/Users/b.vance/Coding Projects/daily_words_project/daily_words_backend/.venv/lib/python3.9/site-packages/celery/exceptions.py", line 108, in reraise
    raise value.with_traceback(tb)
  File "/Users/b.vance/Coding Projects/daily_words_project/daily_words_backend/.venv/lib/python3.9/site-packages/celery/beat.py", line 404, in apply_async
    return task.apply_async(entry_args, entry_kwargs,
  File "/Users/b.vance/Coding Projects/daily_words_project/daily_words_backend/.venv/lib/python3.9/site-packages/celery/app/task.py", line 540, in apply_async
    check_arguments(*(args or ()), **(kwargs or {}))
celery.beat.SchedulingError: Couldn't apply scheduled task print-msg: print_message() missing 1 required positional argument: 'message'
[2022-09-09 18:02:08,133: INFO/MainProcess] Scheduler: Sending due task send-daily-words-test (send_daily_words_test)
[2022-09-09 18:02:13,133: INFO/MainProcess] Scheduler: Sending due task send-daily-words-test (send_daily_words_test)
[2022-09-09 18:02:18,119: INFO/MainProcess] Scheduler: Sending due task print-msg (print_msg_main)
[2022-09-09 18:02:18,120: ERROR/MainProcess] Message Error: Couldn't apply scheduled task print-msg: print_message() missing 1 required positional argument: 'message'
['  File "/Users/b.vance/Coding Projects/daily_words_project/daily_words_backend/.venv/bin/celery", line 10, in <module>\n    sys.exit(main())\n', '  File "/Users/b.vance/Coding Projects/daily_words_project/daily_words_backend/.venv/lib/python3.9/site-packages/celery/__main__.py", line 15, in main\n    sys.exit(_main())\n', '  File "/Users/b.vance/Coding Projects/daily_words_project/daily_words_backend/.venv/lib/python3.9/site-packages/celery/bin/celery.py", line 217, in main\n    return celery(auto_envvar_prefix="CELERY")\n', '  File "/Users/b.vance/Coding Projects/daily_words_project/daily_words_backend/.venv/lib/python3.9/site-packages/click/core.py", line 1130, in __call__\n    return self.main(*args, **kwargs)\n', '  File "/Users/b.vance/Coding Projects/daily_words_project/daily_words_backend/.venv/lib/python3.9/site-packages/click/core.py", line 1055, in main\n    rv = self.invoke(ctx)\n', '  File "/Users/b.vance/Coding Projects/daily_words_project/daily_words_backend/.venv/lib/python3.9/site-packages/click/core.py", line 1657, in invoke\n    return _process_result(sub_ctx.command.invoke(sub_ctx))\n', '  File "/Users/b.vance/Coding Projects/daily_words_project/daily_words_backend/.venv/lib/python3.9/site-packages/click/core.py", line 1404, in invoke\n    return ctx.invoke(self.callback, **ctx.params)\n', '  File "/Users/b.vance/Coding Projects/daily_words_project/daily_words_backend/.venv/lib/python3.9/site-packages/click/core.py", line 760, in invoke\n    return __callback(*args, **kwargs)\n', '  File "/Users/b.vance/Coding Projects/daily_words_project/daily_words_backend/.venv/lib/python3.9/site-packages/click/decorators.py", line 26, in new_func\n    return f(get_current_context(), *args, **kwargs)\n', '  File "/Users/b.vance/Coding Projects/daily_words_project/daily_words_backend/.venv/lib/python3.9/site-packages/celery/bin/base.py", line 134, in caller\n    return f(ctx, *args, **kwargs)\n', '  File "/Users/b.vance/Coding Projects/daily_words_project/daily_words_backend/.venv/lib/python3.9/site-packages/celery/bin/beat.py", line 70, in beat\n    return beat().run()\n', '  File "/Users/b.vance/Coding Projects/daily_words_project/daily_words_backend/.venv/lib/python3.9/site-packages/celery/apps/beat.py", line 77, in run\n    self.start_scheduler()\n', '  File "/Users/b.vance/Coding Projects/daily_words_project/daily_words_backend/.venv/lib/python3.9/site-packages/celery/apps/beat.py", line 105, in start_scheduler\n    service.start()\n', '  File "/Users/b.vance/Coding Projects/daily_words_project/daily_words_backend/.venv/lib/python3.9/site-packages/celery/beat.py", line 645, in start\n    interval = self.scheduler.tick()\n', '  File "/Users/b.vance/Coding Projects/daily_words_project/daily_words_backend/.venv/lib/python3.9/site-packages/celery/beat.py", line 357, in tick\n    self.apply_entry(entry, producer=self.producer)\n', '  File "/Users/b.vance/Coding Projects/daily_words_project/daily_words_backend/.venv/lib/python3.9/site-packages/celery/beat.py", line 290, in apply_entry\n    exc, traceback.format_stack(), exc_info=True)\n']
Traceback (most recent call last):
  File "/Users/b.vance/Coding Projects/daily_words_project/daily_words_backend/.venv/lib/python3.9/site-packages/celery/beat.py", line 404, in apply_async
    return task.apply_async(entry_args, entry_kwargs,
  File "/Users/b.vance/Coding Projects/daily_words_project/daily_words_backend/.venv/lib/python3.9/site-packages/celery/app/task.py", line 540, in apply_async
    check_arguments(*(args or ()), **(kwargs or {}))
TypeError: print_message() missing 1 required positional argument: 'message'

During handling of the above exception, another exception occurred:

Traceback (most recent call last):
  File "/Users/b.vance/Coding Projects/daily_words_project/daily_words_backend/.venv/lib/python3.9/site-packages/celery/beat.py", line 287, in apply_entry
    result = self.apply_async(entry, producer=producer, advance=False)
  File "/Users/b.vance/Coding Projects/daily_words_project/daily_words_backend/.venv/lib/python3.9/site-packages/celery/beat.py", line 412, in apply_async
    reraise(SchedulingError, SchedulingError(
  File "/Users/b.vance/Coding Projects/daily_words_project/daily_words_backend/.venv/lib/python3.9/site-packages/celery/exceptions.py", line 108, in reraise
    raise value.with_traceback(tb)
  File "/Users/b.vance/Coding Projects/daily_words_project/daily_words_backend/.venv/lib/python3.9/site-packages/celery/beat.py", line 404, in apply_async
    return task.apply_async(entry_args, entry_kwargs,
  File "/Users/b.vance/Coding Projects/daily_words_project/daily_words_backend/.venv/lib/python3.9/site-packages/celery/app/task.py", line 540, in apply_async
    check_arguments(*(args or ()), **(kwargs or {}))
celery.beat.SchedulingError: Couldn't apply scheduled task print-msg: print_message() missing 1 required positional argument: 'message'
[2022-09-09 18:02:18,133: INFO/MainProcess] Scheduler: Sending due task send-daily-words-test (send_daily_words_test)
[2022-09-09 18:02:59,254: INFO/MainProcess] beat: Starting...
[2022-09-09 18:03:04,281: INFO/MainProcess] Scheduler: Sending due task send-daily-words-test (send_daily_words_test)
[2022-09-09 18:03:09,276: INFO/MainProcess] Scheduler: Sending due task print-msg (print_msg_main)
[2022-09-09 18:03:09,291: ERROR/MainProcess] Message Error: Couldn't apply scheduled task print-msg: print_message() missing 1 required positional argument: 'message'
['  File "/Users/b.vance/Coding Projects/daily_words_project/daily_words_backend/.venv/bin/celery", line 10, in <module>\n    sys.exit(main())\n', '  File "/Users/b.vance/Coding Projects/daily_words_project/daily_words_backend/.venv/lib/python3.9/site-packages/celery/__main__.py", line 15, in main\n    sys.exit(_main())\n', '  File "/Users/b.vance/Coding Projects/daily_words_project/daily_words_backend/.venv/lib/python3.9/site-packages/celery/bin/celery.py", line 217, in main\n    return celery(auto_envvar_prefix="CELERY")\n', '  File "/Users/b.vance/Coding Projects/daily_words_project/daily_words_backend/.venv/lib/python3.9/site-packages/click/core.py", line 1130, in __call__\n    return self.main(*args, **kwargs)\n', '  File "/Users/b.vance/Coding Projects/daily_words_project/daily_words_backend/.venv/lib/python3.9/site-packages/click/core.py", line 1055, in main\n    rv = self.invoke(ctx)\n', '  File "/Users/b.vance/Coding Projects/daily_words_project/daily_words_backend/.venv/lib/python3.9/site-packages/click/core.py", line 1657, in invoke\n    return _process_result(sub_ctx.command.invoke(sub_ctx))\n', '  File "/Users/b.vance/Coding Projects/daily_words_project/daily_words_backend/.venv/lib/python3.9/site-packages/click/core.py", line 1404, in invoke\n    return ctx.invoke(self.callback, **ctx.params)\n', '  File "/Users/b.vance/Coding Projects/daily_words_project/daily_words_backend/.venv/lib/python3.9/site-packages/click/core.py", line 760, in invoke\n    return __callback(*args, **kwargs)\n', '  File "/Users/b.vance/Coding Projects/daily_words_project/daily_words_backend/.venv/lib/python3.9/site-packages/click/decorators.py", line 26, in new_func\n    return f(get_current_context(), *args, **kwargs)\n', '  File "/Users/b.vance/Coding Projects/daily_words_project/daily_words_backend/.venv/lib/python3.9/site-packages/celery/bin/base.py", line 134, in caller\n    return f(ctx, *args, **kwargs)\n', '  File "/Users/b.vance/Coding Projects/daily_words_project/daily_words_backend/.venv/lib/python3.9/site-packages/celery/bin/beat.py", line 70, in beat\n    return beat().run()\n', '  File "/Users/b.vance/Coding Projects/daily_words_project/daily_words_backend/.venv/lib/python3.9/site-packages/celery/apps/beat.py", line 77, in run\n    self.start_scheduler()\n', '  File "/Users/b.vance/Coding Projects/daily_words_project/daily_words_backend/.venv/lib/python3.9/site-packages/celery/apps/beat.py", line 105, in start_scheduler\n    service.start()\n', '  File "/Users/b.vance/Coding Projects/daily_words_project/daily_words_backend/.venv/lib/python3.9/site-packages/celery/beat.py", line 645, in start\n    interval = self.scheduler.tick()\n', '  File "/Users/b.vance/Coding Projects/daily_words_project/daily_words_backend/.venv/lib/python3.9/site-packages/celery/beat.py", line 357, in tick\n    self.apply_entry(entry, producer=self.producer)\n', '  File "/Users/b.vance/Coding Projects/daily_words_project/daily_words_backend/.venv/lib/python3.9/site-packages/celery/beat.py", line 290, in apply_entry\n    exc, traceback.format_stack(), exc_info=True)\n']
Traceback (most recent call last):
  File "/Users/b.vance/Coding Projects/daily_words_project/daily_words_backend/.venv/lib/python3.9/site-packages/celery/beat.py", line 404, in apply_async
    return task.apply_async(entry_args, entry_kwargs,
  File "/Users/b.vance/Coding Projects/daily_words_project/daily_words_backend/.venv/lib/python3.9/site-packages/celery/app/task.py", line 540, in apply_async
    check_arguments(*(args or ()), **(kwargs or {}))
TypeError: print_message() missing 1 required positional argument: 'message'

During handling of the above exception, another exception occurred:

Traceback (most recent call last):
  File "/Users/b.vance/Coding Projects/daily_words_project/daily_words_backend/.venv/lib/python3.9/site-packages/celery/beat.py", line 287, in apply_entry
    result = self.apply_async(entry, producer=producer, advance=False)
  File "/Users/b.vance/Coding Projects/daily_words_project/daily_words_backend/.venv/lib/python3.9/site-packages/celery/beat.py", line 412, in apply_async
    reraise(SchedulingError, SchedulingError(
  File "/Users/b.vance/Coding Projects/daily_words_project/daily_words_backend/.venv/lib/python3.9/site-packages/celery/exceptions.py", line 108, in reraise
    raise value.with_traceback(tb)
  File "/Users/b.vance/Coding Projects/daily_words_project/daily_words_backend/.venv/lib/python3.9/site-packages/celery/beat.py", line 404, in apply_async
    return task.apply_async(entry_args, entry_kwargs,
  File "/Users/b.vance/Coding Projects/daily_words_project/daily_words_backend/.venv/lib/python3.9/site-packages/celery/app/task.py", line 540, in apply_async
    check_arguments(*(args or ()), **(kwargs or {}))
celery.beat.SchedulingError: Couldn't apply scheduled task print-msg: print_message() missing 1 required positional argument: 'message'
[2022-09-09 18:03:09,295: INFO/MainProcess] Scheduler: Sending due task send-daily-words-test (send_daily_words_test)
[2022-09-09 18:03:14,295: INFO/MainProcess] Scheduler: Sending due task send-daily-words-test (send_daily_words_test)
[2022-09-09 18:03:19,276: INFO/MainProcess] Scheduler: Sending due task print-msg (print_msg_main)
[2022-09-09 18:03:19,278: ERROR/MainProcess] Message Error: Couldn't apply scheduled task print-msg: print_message() missing 1 required positional argument: 'message'
['  File "/Users/b.vance/Coding Projects/daily_words_project/daily_words_backend/.venv/bin/celery", line 10, in <module>\n    sys.exit(main())\n', '  File "/Users/b.vance/Coding Projects/daily_words_project/daily_words_backend/.venv/lib/python3.9/site-packages/celery/__main__.py", line 15, in main\n    sys.exit(_main())\n', '  File "/Users/b.vance/Coding Projects/daily_words_project/daily_words_backend/.venv/lib/python3.9/site-packages/celery/bin/celery.py", line 217, in main\n    return celery(auto_envvar_prefix="CELERY")\n', '  File "/Users/b.vance/Coding Projects/daily_words_project/daily_words_backend/.venv/lib/python3.9/site-packages/click/core.py", line 1130, in __call__\n    return self.main(*args, **kwargs)\n', '  File "/Users/b.vance/Coding Projects/daily_words_project/daily_words_backend/.venv/lib/python3.9/site-packages/click/core.py", line 1055, in main\n    rv = self.invoke(ctx)\n', '  File "/Users/b.vance/Coding Projects/daily_words_project/daily_words_backend/.venv/lib/python3.9/site-packages/click/core.py", line 1657, in invoke\n    return _process_result(sub_ctx.command.invoke(sub_ctx))\n', '  File "/Users/b.vance/Coding Projects/daily_words_project/daily_words_backend/.venv/lib/python3.9/site-packages/click/core.py", line 1404, in invoke\n    return ctx.invoke(self.callback, **ctx.params)\n', '  File "/Users/b.vance/Coding Projects/daily_words_project/daily_words_backend/.venv/lib/python3.9/site-packages/click/core.py", line 760, in invoke\n    return __callback(*args, **kwargs)\n', '  File "/Users/b.vance/Coding Projects/daily_words_project/daily_words_backend/.venv/lib/python3.9/site-packages/click/decorators.py", line 26, in new_func\n    return f(get_current_context(), *args, **kwargs)\n', '  File "/Users/b.vance/Coding Projects/daily_words_project/daily_words_backend/.venv/lib/python3.9/site-packages/celery/bin/base.py", line 134, in caller\n    return f(ctx, *args, **kwargs)\n', '  File "/Users/b.vance/Coding Projects/daily_words_project/daily_words_backend/.venv/lib/python3.9/site-packages/celery/bin/beat.py", line 70, in beat\n    return beat().run()\n', '  File "/Users/b.vance/Coding Projects/daily_words_project/daily_words_backend/.venv/lib/python3.9/site-packages/celery/apps/beat.py", line 77, in run\n    self.start_scheduler()\n', '  File "/Users/b.vance/Coding Projects/daily_words_project/daily_words_backend/.venv/lib/python3.9/site-packages/celery/apps/beat.py", line 105, in start_scheduler\n    service.start()\n', '  File "/Users/b.vance/Coding Projects/daily_words_project/daily_words_backend/.venv/lib/python3.9/site-packages/celery/beat.py", line 645, in start\n    interval = self.scheduler.tick()\n', '  File "/Users/b.vance/Coding Projects/daily_words_project/daily_words_backend/.venv/lib/python3.9/site-packages/celery/beat.py", line 357, in tick\n    self.apply_entry(entry, producer=self.producer)\n', '  File "/Users/b.vance/Coding Projects/daily_words_project/daily_words_backend/.venv/lib/python3.9/site-packages/celery/beat.py", line 290, in apply_entry\n    exc, traceback.format_stack(), exc_info=True)\n']
Traceback (most recent call last):
  File "/Users/b.vance/Coding Projects/daily_words_project/daily_words_backend/.venv/lib/python3.9/site-packages/celery/beat.py", line 404, in apply_async
    return task.apply_async(entry_args, entry_kwargs,
  File "/Users/b.vance/Coding Projects/daily_words_project/daily_words_backend/.venv/lib/python3.9/site-packages/celery/app/task.py", line 540, in apply_async
    check_arguments(*(args or ()), **(kwargs or {}))
TypeError: print_message() missing 1 required positional argument: 'message'

During handling of the above exception, another exception occurred:

Traceback (most recent call last):
  File "/Users/b.vance/Coding Projects/daily_words_project/daily_words_backend/.venv/lib/python3.9/site-packages/celery/beat.py", line 287, in apply_entry
    result = self.apply_async(entry, producer=producer, advance=False)
  File "/Users/b.vance/Coding Projects/daily_words_project/daily_words_backend/.venv/lib/python3.9/site-packages/celery/beat.py", line 412, in apply_async
    reraise(SchedulingError, SchedulingError(
  File "/Users/b.vance/Coding Projects/daily_words_project/daily_words_backend/.venv/lib/python3.9/site-packages/celery/exceptions.py", line 108, in reraise
    raise value.with_traceback(tb)
  File "/Users/b.vance/Coding Projects/daily_words_project/daily_words_backend/.venv/lib/python3.9/site-packages/celery/beat.py", line 404, in apply_async
    return task.apply_async(entry_args, entry_kwargs,
  File "/Users/b.vance/Coding Projects/daily_words_project/daily_words_backend/.venv/lib/python3.9/site-packages/celery/app/task.py", line 540, in apply_async
    check_arguments(*(args or ()), **(kwargs or {}))
celery.beat.SchedulingError: Couldn't apply scheduled task print-msg: print_message() missing 1 required positional argument: 'message'
[2022-09-09 18:03:19,295: INFO/MainProcess] Scheduler: Sending due task send-daily-words-test (send_daily_words_test)
[2022-09-09 18:03:24,295: INFO/MainProcess] Scheduler: Sending due task send-daily-words-test (send_daily_words_test)
[2022-09-09 18:03:29,276: INFO/MainProcess] Scheduler: Sending due task print-msg (print_msg_main)
[2022-09-09 18:03:29,277: ERROR/MainProcess] Message Error: Couldn't apply scheduled task print-msg: print_message() missing 1 required positional argument: 'message'
['  File "/Users/b.vance/Coding Projects/daily_words_project/daily_words_backend/.venv/bin/celery", line 10, in <module>\n    sys.exit(main())\n', '  File "/Users/b.vance/Coding Projects/daily_words_project/daily_words_backend/.venv/lib/python3.9/site-packages/celery/__main__.py", line 15, in main\n    sys.exit(_main())\n', '  File "/Users/b.vance/Coding Projects/daily_words_project/daily_words_backend/.venv/lib/python3.9/site-packages/celery/bin/celery.py", line 217, in main\n    return celery(auto_envvar_prefix="CELERY")\n', '  File "/Users/b.vance/Coding Projects/daily_words_project/daily_words_backend/.venv/lib/python3.9/site-packages/click/core.py", line 1130, in __call__\n    return self.main(*args, **kwargs)\n', '  File "/Users/b.vance/Coding Projects/daily_words_project/daily_words_backend/.venv/lib/python3.9/site-packages/click/core.py", line 1055, in main\n    rv = self.invoke(ctx)\n', '  File "/Users/b.vance/Coding Projects/daily_words_project/daily_words_backend/.venv/lib/python3.9/site-packages/click/core.py", line 1657, in invoke\n    return _process_result(sub_ctx.command.invoke(sub_ctx))\n', '  File "/Users/b.vance/Coding Projects/daily_words_project/daily_words_backend/.venv/lib/python3.9/site-packages/click/core.py", line 1404, in invoke\n    return ctx.invoke(self.callback, **ctx.params)\n', '  File "/Users/b.vance/Coding Projects/daily_words_project/daily_words_backend/.venv/lib/python3.9/site-packages/click/core.py", line 760, in invoke\n    return __callback(*args, **kwargs)\n', '  File "/Users/b.vance/Coding Projects/daily_words_project/daily_words_backend/.venv/lib/python3.9/site-packages/click/decorators.py", line 26, in new_func\n    return f(get_current_context(), *args, **kwargs)\n', '  File "/Users/b.vance/Coding Projects/daily_words_project/daily_words_backend/.venv/lib/python3.9/site-packages/celery/bin/base.py", line 134, in caller\n    return f(ctx, *args, **kwargs)\n', '  File "/Users/b.vance/Coding Projects/daily_words_project/daily_words_backend/.venv/lib/python3.9/site-packages/celery/bin/beat.py", line 70, in beat\n    return beat().run()\n', '  File "/Users/b.vance/Coding Projects/daily_words_project/daily_words_backend/.venv/lib/python3.9/site-packages/celery/apps/beat.py", line 77, in run\n    self.start_scheduler()\n', '  File "/Users/b.vance/Coding Projects/daily_words_project/daily_words_backend/.venv/lib/python3.9/site-packages/celery/apps/beat.py", line 105, in start_scheduler\n    service.start()\n', '  File "/Users/b.vance/Coding Projects/daily_words_project/daily_words_backend/.venv/lib/python3.9/site-packages/celery/beat.py", line 645, in start\n    interval = self.scheduler.tick()\n', '  File "/Users/b.vance/Coding Projects/daily_words_project/daily_words_backend/.venv/lib/python3.9/site-packages/celery/beat.py", line 357, in tick\n    self.apply_entry(entry, producer=self.producer)\n', '  File "/Users/b.vance/Coding Projects/daily_words_project/daily_words_backend/.venv/lib/python3.9/site-packages/celery/beat.py", line 290, in apply_entry\n    exc, traceback.format_stack(), exc_info=True)\n']
Traceback (most recent call last):
  File "/Users/b.vance/Coding Projects/daily_words_project/daily_words_backend/.venv/lib/python3.9/site-packages/celery/beat.py", line 404, in apply_async
    return task.apply_async(entry_args, entry_kwargs,
  File "/Users/b.vance/Coding Projects/daily_words_project/daily_words_backend/.venv/lib/python3.9/site-packages/celery/app/task.py", line 540, in apply_async
    check_arguments(*(args or ()), **(kwargs or {}))
TypeError: print_message() missing 1 required positional argument: 'message'

During handling of the above exception, another exception occurred:

Traceback (most recent call last):
  File "/Users/b.vance/Coding Projects/daily_words_project/daily_words_backend/.venv/lib/python3.9/site-packages/celery/beat.py", line 287, in apply_entry
    result = self.apply_async(entry, producer=producer, advance=False)
  File "/Users/b.vance/Coding Projects/daily_words_project/daily_words_backend/.venv/lib/python3.9/site-packages/celery/beat.py", line 412, in apply_async
    reraise(SchedulingError, SchedulingError(
  File "/Users/b.vance/Coding Projects/daily_words_project/daily_words_backend/.venv/lib/python3.9/site-packages/celery/exceptions.py", line 108, in reraise
    raise value.with_traceback(tb)
  File "/Users/b.vance/Coding Projects/daily_words_project/daily_words_backend/.venv/lib/python3.9/site-packages/celery/beat.py", line 404, in apply_async
    return task.apply_async(entry_args, entry_kwargs,
  File "/Users/b.vance/Coding Projects/daily_words_project/daily_words_backend/.venv/lib/python3.9/site-packages/celery/app/task.py", line 540, in apply_async
    check_arguments(*(args or ()), **(kwargs or {}))
celery.beat.SchedulingError: Couldn't apply scheduled task print-msg: print_message() missing 1 required positional argument: 'message'
[2022-09-09 18:03:29,295: INFO/MainProcess] Scheduler: Sending due task send-daily-words-test (send_daily_words_test)
[2022-09-09 18:07:11,090: INFO/MainProcess] beat: Starting...
[2022-09-09 18:07:16,121: INFO/MainProcess] Scheduler: Sending due task send-daily-words-test (send_daily_words_test)
[2022-09-09 18:07:21,116: INFO/MainProcess] Scheduler: Sending due task print-msg (print_msg_main)
[2022-09-09 18:07:21,133: ERROR/MainProcess] Message Error: Couldn't apply scheduled task print-msg: print_message() missing 1 required positional argument: 'message'
['  File "/Users/b.vance/Coding Projects/daily_words_project/daily_words_backend/.venv/bin/celery", line 10, in <module>\n    sys.exit(main())\n', '  File "/Users/b.vance/Coding Projects/daily_words_project/daily_words_backend/.venv/lib/python3.9/site-packages/celery/__main__.py", line 15, in main\n    sys.exit(_main())\n', '  File "/Users/b.vance/Coding Projects/daily_words_project/daily_words_backend/.venv/lib/python3.9/site-packages/celery/bin/celery.py", line 217, in main\n    return celery(auto_envvar_prefix="CELERY")\n', '  File "/Users/b.vance/Coding Projects/daily_words_project/daily_words_backend/.venv/lib/python3.9/site-packages/click/core.py", line 1130, in __call__\n    return self.main(*args, **kwargs)\n', '  File "/Users/b.vance/Coding Projects/daily_words_project/daily_words_backend/.venv/lib/python3.9/site-packages/click/core.py", line 1055, in main\n    rv = self.invoke(ctx)\n', '  File "/Users/b.vance/Coding Projects/daily_words_project/daily_words_backend/.venv/lib/python3.9/site-packages/click/core.py", line 1657, in invoke\n    return _process_result(sub_ctx.command.invoke(sub_ctx))\n', '  File "/Users/b.vance/Coding Projects/daily_words_project/daily_words_backend/.venv/lib/python3.9/site-packages/click/core.py", line 1404, in invoke\n    return ctx.invoke(self.callback, **ctx.params)\n', '  File "/Users/b.vance/Coding Projects/daily_words_project/daily_words_backend/.venv/lib/python3.9/site-packages/click/core.py", line 760, in invoke\n    return __callback(*args, **kwargs)\n', '  File "/Users/b.vance/Coding Projects/daily_words_project/daily_words_backend/.venv/lib/python3.9/site-packages/click/decorators.py", line 26, in new_func\n    return f(get_current_context(), *args, **kwargs)\n', '  File "/Users/b.vance/Coding Projects/daily_words_project/daily_words_backend/.venv/lib/python3.9/site-packages/celery/bin/base.py", line 134, in caller\n    return f(ctx, *args, **kwargs)\n', '  File "/Users/b.vance/Coding Projects/daily_words_project/daily_words_backend/.venv/lib/python3.9/site-packages/celery/bin/beat.py", line 70, in beat\n    return beat().run()\n', '  File "/Users/b.vance/Coding Projects/daily_words_project/daily_words_backend/.venv/lib/python3.9/site-packages/celery/apps/beat.py", line 77, in run\n    self.start_scheduler()\n', '  File "/Users/b.vance/Coding Projects/daily_words_project/daily_words_backend/.venv/lib/python3.9/site-packages/celery/apps/beat.py", line 105, in start_scheduler\n    service.start()\n', '  File "/Users/b.vance/Coding Projects/daily_words_project/daily_words_backend/.venv/lib/python3.9/site-packages/celery/beat.py", line 645, in start\n    interval = self.scheduler.tick()\n', '  File "/Users/b.vance/Coding Projects/daily_words_project/daily_words_backend/.venv/lib/python3.9/site-packages/celery/beat.py", line 357, in tick\n    self.apply_entry(entry, producer=self.producer)\n', '  File "/Users/b.vance/Coding Projects/daily_words_project/daily_words_backend/.venv/lib/python3.9/site-packages/celery/beat.py", line 290, in apply_entry\n    exc, traceback.format_stack(), exc_info=True)\n']
Traceback (most recent call last):
  File "/Users/b.vance/Coding Projects/daily_words_project/daily_words_backend/.venv/lib/python3.9/site-packages/celery/beat.py", line 404, in apply_async
    return task.apply_async(entry_args, entry_kwargs,
  File "/Users/b.vance/Coding Projects/daily_words_project/daily_words_backend/.venv/lib/python3.9/site-packages/celery/app/task.py", line 540, in apply_async
    check_arguments(*(args or ()), **(kwargs or {}))
TypeError: print_message() missing 1 required positional argument: 'message'

During handling of the above exception, another exception occurred:

Traceback (most recent call last):
  File "/Users/b.vance/Coding Projects/daily_words_project/daily_words_backend/.venv/lib/python3.9/site-packages/celery/beat.py", line 287, in apply_entry
    result = self.apply_async(entry, producer=producer, advance=False)
  File "/Users/b.vance/Coding Projects/daily_words_project/daily_words_backend/.venv/lib/python3.9/site-packages/celery/beat.py", line 412, in apply_async
    reraise(SchedulingError, SchedulingError(
  File "/Users/b.vance/Coding Projects/daily_words_project/daily_words_backend/.venv/lib/python3.9/site-packages/celery/exceptions.py", line 108, in reraise
    raise value.with_traceback(tb)
  File "/Users/b.vance/Coding Projects/daily_words_project/daily_words_backend/.venv/lib/python3.9/site-packages/celery/beat.py", line 404, in apply_async
    return task.apply_async(entry_args, entry_kwargs,
  File "/Users/b.vance/Coding Projects/daily_words_project/daily_words_backend/.venv/lib/python3.9/site-packages/celery/app/task.py", line 540, in apply_async
    check_arguments(*(args or ()), **(kwargs or {}))
celery.beat.SchedulingError: Couldn't apply scheduled task print-msg: print_message() missing 1 required positional argument: 'message'
[2022-09-09 18:07:21,139: INFO/MainProcess] Scheduler: Sending due task send-daily-words-test (send_daily_words_test)
[2022-09-09 18:07:26,139: INFO/MainProcess] Scheduler: Sending due task send-daily-words-test (send_daily_words_test)
[2022-09-09 18:07:31,116: INFO/MainProcess] Scheduler: Sending due task print-msg (print_msg_main)
[2022-09-09 18:07:31,116: ERROR/MainProcess] Message Error: Couldn't apply scheduled task print-msg: print_message() missing 1 required positional argument: 'message'
['  File "/Users/b.vance/Coding Projects/daily_words_project/daily_words_backend/.venv/bin/celery", line 10, in <module>\n    sys.exit(main())\n', '  File "/Users/b.vance/Coding Projects/daily_words_project/daily_words_backend/.venv/lib/python3.9/site-packages/celery/__main__.py", line 15, in main\n    sys.exit(_main())\n', '  File "/Users/b.vance/Coding Projects/daily_words_project/daily_words_backend/.venv/lib/python3.9/site-packages/celery/bin/celery.py", line 217, in main\n    return celery(auto_envvar_prefix="CELERY")\n', '  File "/Users/b.vance/Coding Projects/daily_words_project/daily_words_backend/.venv/lib/python3.9/site-packages/click/core.py", line 1130, in __call__\n    return self.main(*args, **kwargs)\n', '  File "/Users/b.vance/Coding Projects/daily_words_project/daily_words_backend/.venv/lib/python3.9/site-packages/click/core.py", line 1055, in main\n    rv = self.invoke(ctx)\n', '  File "/Users/b.vance/Coding Projects/daily_words_project/daily_words_backend/.venv/lib/python3.9/site-packages/click/core.py", line 1657, in invoke\n    return _process_result(sub_ctx.command.invoke(sub_ctx))\n', '  File "/Users/b.vance/Coding Projects/daily_words_project/daily_words_backend/.venv/lib/python3.9/site-packages/click/core.py", line 1404, in invoke\n    return ctx.invoke(self.callback, **ctx.params)\n', '  File "/Users/b.vance/Coding Projects/daily_words_project/daily_words_backend/.venv/lib/python3.9/site-packages/click/core.py", line 760, in invoke\n    return __callback(*args, **kwargs)\n', '  File "/Users/b.vance/Coding Projects/daily_words_project/daily_words_backend/.venv/lib/python3.9/site-packages/click/decorators.py", line 26, in new_func\n    return f(get_current_context(), *args, **kwargs)\n', '  File "/Users/b.vance/Coding Projects/daily_words_project/daily_words_backend/.venv/lib/python3.9/site-packages/celery/bin/base.py", line 134, in caller\n    return f(ctx, *args, **kwargs)\n', '  File "/Users/b.vance/Coding Projects/daily_words_project/daily_words_backend/.venv/lib/python3.9/site-packages/celery/bin/beat.py", line 70, in beat\n    return beat().run()\n', '  File "/Users/b.vance/Coding Projects/daily_words_project/daily_words_backend/.venv/lib/python3.9/site-packages/celery/apps/beat.py", line 77, in run\n    self.start_scheduler()\n', '  File "/Users/b.vance/Coding Projects/daily_words_project/daily_words_backend/.venv/lib/python3.9/site-packages/celery/apps/beat.py", line 105, in start_scheduler\n    service.start()\n', '  File "/Users/b.vance/Coding Projects/daily_words_project/daily_words_backend/.venv/lib/python3.9/site-packages/celery/beat.py", line 645, in start\n    interval = self.scheduler.tick()\n', '  File "/Users/b.vance/Coding Projects/daily_words_project/daily_words_backend/.venv/lib/python3.9/site-packages/celery/beat.py", line 357, in tick\n    self.apply_entry(entry, producer=self.producer)\n', '  File "/Users/b.vance/Coding Projects/daily_words_project/daily_words_backend/.venv/lib/python3.9/site-packages/celery/beat.py", line 290, in apply_entry\n    exc, traceback.format_stack(), exc_info=True)\n']
Traceback (most recent call last):
  File "/Users/b.vance/Coding Projects/daily_words_project/daily_words_backend/.venv/lib/python3.9/site-packages/celery/beat.py", line 404, in apply_async
    return task.apply_async(entry_args, entry_kwargs,
  File "/Users/b.vance/Coding Projects/daily_words_project/daily_words_backend/.venv/lib/python3.9/site-packages/celery/app/task.py", line 540, in apply_async
    check_arguments(*(args or ()), **(kwargs or {}))
TypeError: print_message() missing 1 required positional argument: 'message'

During handling of the above exception, another exception occurred:

Traceback (most recent call last):
  File "/Users/b.vance/Coding Projects/daily_words_project/daily_words_backend/.venv/lib/python3.9/site-packages/celery/beat.py", line 287, in apply_entry
    result = self.apply_async(entry, producer=producer, advance=False)
  File "/Users/b.vance/Coding Projects/daily_words_project/daily_words_backend/.venv/lib/python3.9/site-packages/celery/beat.py", line 412, in apply_async
    reraise(SchedulingError, SchedulingError(
  File "/Users/b.vance/Coding Projects/daily_words_project/daily_words_backend/.venv/lib/python3.9/site-packages/celery/exceptions.py", line 108, in reraise
    raise value.with_traceback(tb)
  File "/Users/b.vance/Coding Projects/daily_words_project/daily_words_backend/.venv/lib/python3.9/site-packages/celery/beat.py", line 404, in apply_async
    return task.apply_async(entry_args, entry_kwargs,
  File "/Users/b.vance/Coding Projects/daily_words_project/daily_words_backend/.venv/lib/python3.9/site-packages/celery/app/task.py", line 540, in apply_async
    check_arguments(*(args or ()), **(kwargs or {}))
celery.beat.SchedulingError: Couldn't apply scheduled task print-msg: print_message() missing 1 required positional argument: 'message'
[2022-09-09 18:07:31,139: INFO/MainProcess] Scheduler: Sending due task send-daily-words-test (send_daily_words_test)
[2022-09-09 18:07:36,139: INFO/MainProcess] Scheduler: Sending due task send-daily-words-test (send_daily_words_test)
[2022-09-09 18:07:41,116: INFO/MainProcess] Scheduler: Sending due task print-msg (print_msg_main)
[2022-09-09 18:07:41,117: ERROR/MainProcess] Message Error: Couldn't apply scheduled task print-msg: print_message() missing 1 required positional argument: 'message'
['  File "/Users/b.vance/Coding Projects/daily_words_project/daily_words_backend/.venv/bin/celery", line 10, in <module>\n    sys.exit(main())\n', '  File "/Users/b.vance/Coding Projects/daily_words_project/daily_words_backend/.venv/lib/python3.9/site-packages/celery/__main__.py", line 15, in main\n    sys.exit(_main())\n', '  File "/Users/b.vance/Coding Projects/daily_words_project/daily_words_backend/.venv/lib/python3.9/site-packages/celery/bin/celery.py", line 217, in main\n    return celery(auto_envvar_prefix="CELERY")\n', '  File "/Users/b.vance/Coding Projects/daily_words_project/daily_words_backend/.venv/lib/python3.9/site-packages/click/core.py", line 1130, in __call__\n    return self.main(*args, **kwargs)\n', '  File "/Users/b.vance/Coding Projects/daily_words_project/daily_words_backend/.venv/lib/python3.9/site-packages/click/core.py", line 1055, in main\n    rv = self.invoke(ctx)\n', '  File "/Users/b.vance/Coding Projects/daily_words_project/daily_words_backend/.venv/lib/python3.9/site-packages/click/core.py", line 1657, in invoke\n    return _process_result(sub_ctx.command.invoke(sub_ctx))\n', '  File "/Users/b.vance/Coding Projects/daily_words_project/daily_words_backend/.venv/lib/python3.9/site-packages/click/core.py", line 1404, in invoke\n    return ctx.invoke(self.callback, **ctx.params)\n', '  File "/Users/b.vance/Coding Projects/daily_words_project/daily_words_backend/.venv/lib/python3.9/site-packages/click/core.py", line 760, in invoke\n    return __callback(*args, **kwargs)\n', '  File "/Users/b.vance/Coding Projects/daily_words_project/daily_words_backend/.venv/lib/python3.9/site-packages/click/decorators.py", line 26, in new_func\n    return f(get_current_context(), *args, **kwargs)\n', '  File "/Users/b.vance/Coding Projects/daily_words_project/daily_words_backend/.venv/lib/python3.9/site-packages/celery/bin/base.py", line 134, in caller\n    return f(ctx, *args, **kwargs)\n', '  File "/Users/b.vance/Coding Projects/daily_words_project/daily_words_backend/.venv/lib/python3.9/site-packages/celery/bin/beat.py", line 70, in beat\n    return beat().run()\n', '  File "/Users/b.vance/Coding Projects/daily_words_project/daily_words_backend/.venv/lib/python3.9/site-packages/celery/apps/beat.py", line 77, in run\n    self.start_scheduler()\n', '  File "/Users/b.vance/Coding Projects/daily_words_project/daily_words_backend/.venv/lib/python3.9/site-packages/celery/apps/beat.py", line 105, in start_scheduler\n    service.start()\n', '  File "/Users/b.vance/Coding Projects/daily_words_project/daily_words_backend/.venv/lib/python3.9/site-packages/celery/beat.py", line 645, in start\n    interval = self.scheduler.tick()\n', '  File "/Users/b.vance/Coding Projects/daily_words_project/daily_words_backend/.venv/lib/python3.9/site-packages/celery/beat.py", line 357, in tick\n    self.apply_entry(entry, producer=self.producer)\n', '  File "/Users/b.vance/Coding Projects/daily_words_project/daily_words_backend/.venv/lib/python3.9/site-packages/celery/beat.py", line 290, in apply_entry\n    exc, traceback.format_stack(), exc_info=True)\n']
Traceback (most recent call last):
  File "/Users/b.vance/Coding Projects/daily_words_project/daily_words_backend/.venv/lib/python3.9/site-packages/celery/beat.py", line 404, in apply_async
    return task.apply_async(entry_args, entry_kwargs,
  File "/Users/b.vance/Coding Projects/daily_words_project/daily_words_backend/.venv/lib/python3.9/site-packages/celery/app/task.py", line 540, in apply_async
    check_arguments(*(args or ()), **(kwargs or {}))
TypeError: print_message() missing 1 required positional argument: 'message'

During handling of the above exception, another exception occurred:

Traceback (most recent call last):
  File "/Users/b.vance/Coding Projects/daily_words_project/daily_words_backend/.venv/lib/python3.9/site-packages/celery/beat.py", line 287, in apply_entry
    result = self.apply_async(entry, producer=producer, advance=False)
  File "/Users/b.vance/Coding Projects/daily_words_project/daily_words_backend/.venv/lib/python3.9/site-packages/celery/beat.py", line 412, in apply_async
    reraise(SchedulingError, SchedulingError(
  File "/Users/b.vance/Coding Projects/daily_words_project/daily_words_backend/.venv/lib/python3.9/site-packages/celery/exceptions.py", line 108, in reraise
    raise value.with_traceback(tb)
  File "/Users/b.vance/Coding Projects/daily_words_project/daily_words_backend/.venv/lib/python3.9/site-packages/celery/beat.py", line 404, in apply_async
    return task.apply_async(entry_args, entry_kwargs,
  File "/Users/b.vance/Coding Projects/daily_words_project/daily_words_backend/.venv/lib/python3.9/site-packages/celery/app/task.py", line 540, in apply_async
    check_arguments(*(args or ()), **(kwargs or {}))
celery.beat.SchedulingError: Couldn't apply scheduled task print-msg: print_message() missing 1 required positional argument: 'message'
[2022-09-09 18:07:41,139: INFO/MainProcess] Scheduler: Sending due task send-daily-words-test (send_daily_words_test)
[2022-09-09 18:07:46,139: INFO/MainProcess] Scheduler: Sending due task send-daily-words-test (send_daily_words_test)
[2022-09-09 18:07:51,116: INFO/MainProcess] Scheduler: Sending due task print-msg (print_msg_main)
[2022-09-09 18:07:51,117: ERROR/MainProcess] Message Error: Couldn't apply scheduled task print-msg: print_message() missing 1 required positional argument: 'message'
['  File "/Users/b.vance/Coding Projects/daily_words_project/daily_words_backend/.venv/bin/celery", line 10, in <module>\n    sys.exit(main())\n', '  File "/Users/b.vance/Coding Projects/daily_words_project/daily_words_backend/.venv/lib/python3.9/site-packages/celery/__main__.py", line 15, in main\n    sys.exit(_main())\n', '  File "/Users/b.vance/Coding Projects/daily_words_project/daily_words_backend/.venv/lib/python3.9/site-packages/celery/bin/celery.py", line 217, in main\n    return celery(auto_envvar_prefix="CELERY")\n', '  File "/Users/b.vance/Coding Projects/daily_words_project/daily_words_backend/.venv/lib/python3.9/site-packages/click/core.py", line 1130, in __call__\n    return self.main(*args, **kwargs)\n', '  File "/Users/b.vance/Coding Projects/daily_words_project/daily_words_backend/.venv/lib/python3.9/site-packages/click/core.py", line 1055, in main\n    rv = self.invoke(ctx)\n', '  File "/Users/b.vance/Coding Projects/daily_words_project/daily_words_backend/.venv/lib/python3.9/site-packages/click/core.py", line 1657, in invoke\n    return _process_result(sub_ctx.command.invoke(sub_ctx))\n', '  File "/Users/b.vance/Coding Projects/daily_words_project/daily_words_backend/.venv/lib/python3.9/site-packages/click/core.py", line 1404, in invoke\n    return ctx.invoke(self.callback, **ctx.params)\n', '  File "/Users/b.vance/Coding Projects/daily_words_project/daily_words_backend/.venv/lib/python3.9/site-packages/click/core.py", line 760, in invoke\n    return __callback(*args, **kwargs)\n', '  File "/Users/b.vance/Coding Projects/daily_words_project/daily_words_backend/.venv/lib/python3.9/site-packages/click/decorators.py", line 26, in new_func\n    return f(get_current_context(), *args, **kwargs)\n', '  File "/Users/b.vance/Coding Projects/daily_words_project/daily_words_backend/.venv/lib/python3.9/site-packages/celery/bin/base.py", line 134, in caller\n    return f(ctx, *args, **kwargs)\n', '  File "/Users/b.vance/Coding Projects/daily_words_project/daily_words_backend/.venv/lib/python3.9/site-packages/celery/bin/beat.py", line 70, in beat\n    return beat().run()\n', '  File "/Users/b.vance/Coding Projects/daily_words_project/daily_words_backend/.venv/lib/python3.9/site-packages/celery/apps/beat.py", line 77, in run\n    self.start_scheduler()\n', '  File "/Users/b.vance/Coding Projects/daily_words_project/daily_words_backend/.venv/lib/python3.9/site-packages/celery/apps/beat.py", line 105, in start_scheduler\n    service.start()\n', '  File "/Users/b.vance/Coding Projects/daily_words_project/daily_words_backend/.venv/lib/python3.9/site-packages/celery/beat.py", line 645, in start\n    interval = self.scheduler.tick()\n', '  File "/Users/b.vance/Coding Projects/daily_words_project/daily_words_backend/.venv/lib/python3.9/site-packages/celery/beat.py", line 357, in tick\n    self.apply_entry(entry, producer=self.producer)\n', '  File "/Users/b.vance/Coding Projects/daily_words_project/daily_words_backend/.venv/lib/python3.9/site-packages/celery/beat.py", line 290, in apply_entry\n    exc, traceback.format_stack(), exc_info=True)\n']
Traceback (most recent call last):
  File "/Users/b.vance/Coding Projects/daily_words_project/daily_words_backend/.venv/lib/python3.9/site-packages/celery/beat.py", line 404, in apply_async
    return task.apply_async(entry_args, entry_kwargs,
  File "/Users/b.vance/Coding Projects/daily_words_project/daily_words_backend/.venv/lib/python3.9/site-packages/celery/app/task.py", line 540, in apply_async
    check_arguments(*(args or ()), **(kwargs or {}))
TypeError: print_message() missing 1 required positional argument: 'message'

During handling of the above exception, another exception occurred:

Traceback (most recent call last):
  File "/Users/b.vance/Coding Projects/daily_words_project/daily_words_backend/.venv/lib/python3.9/site-packages/celery/beat.py", line 287, in apply_entry
    result = self.apply_async(entry, producer=producer, advance=False)
  File "/Users/b.vance/Coding Projects/daily_words_project/daily_words_backend/.venv/lib/python3.9/site-packages/celery/beat.py", line 412, in apply_async
    reraise(SchedulingError, SchedulingError(
  File "/Users/b.vance/Coding Projects/daily_words_project/daily_words_backend/.venv/lib/python3.9/site-packages/celery/exceptions.py", line 108, in reraise
    raise value.with_traceback(tb)
  File "/Users/b.vance/Coding Projects/daily_words_project/daily_words_backend/.venv/lib/python3.9/site-packages/celery/beat.py", line 404, in apply_async
    return task.apply_async(entry_args, entry_kwargs,
  File "/Users/b.vance/Coding Projects/daily_words_project/daily_words_backend/.venv/lib/python3.9/site-packages/celery/app/task.py", line 540, in apply_async
    check_arguments(*(args or ()), **(kwargs or {}))
celery.beat.SchedulingError: Couldn't apply scheduled task print-msg: print_message() missing 1 required positional argument: 'message'
[2022-09-09 18:07:51,139: INFO/MainProcess] Scheduler: Sending due task send-daily-words-test (send_daily_words_test)
[2022-09-09 18:07:56,139: INFO/MainProcess] Scheduler: Sending due task send-daily-words-test (send_daily_words_test)
[2022-09-09 18:08:01,116: INFO/MainProcess] Scheduler: Sending due task print-msg (print_msg_main)
[2022-09-09 18:08:01,117: ERROR/MainProcess] Message Error: Couldn't apply scheduled task print-msg: print_message() missing 1 required positional argument: 'message'
['  File "/Users/b.vance/Coding Projects/daily_words_project/daily_words_backend/.venv/bin/celery", line 10, in <module>\n    sys.exit(main())\n', '  File "/Users/b.vance/Coding Projects/daily_words_project/daily_words_backend/.venv/lib/python3.9/site-packages/celery/__main__.py", line 15, in main\n    sys.exit(_main())\n', '  File "/Users/b.vance/Coding Projects/daily_words_project/daily_words_backend/.venv/lib/python3.9/site-packages/celery/bin/celery.py", line 217, in main\n    return celery(auto_envvar_prefix="CELERY")\n', '  File "/Users/b.vance/Coding Projects/daily_words_project/daily_words_backend/.venv/lib/python3.9/site-packages/click/core.py", line 1130, in __call__\n    return self.main(*args, **kwargs)\n', '  File "/Users/b.vance/Coding Projects/daily_words_project/daily_words_backend/.venv/lib/python3.9/site-packages/click/core.py", line 1055, in main\n    rv = self.invoke(ctx)\n', '  File "/Users/b.vance/Coding Projects/daily_words_project/daily_words_backend/.venv/lib/python3.9/site-packages/click/core.py", line 1657, in invoke\n    return _process_result(sub_ctx.command.invoke(sub_ctx))\n', '  File "/Users/b.vance/Coding Projects/daily_words_project/daily_words_backend/.venv/lib/python3.9/site-packages/click/core.py", line 1404, in invoke\n    return ctx.invoke(self.callback, **ctx.params)\n', '  File "/Users/b.vance/Coding Projects/daily_words_project/daily_words_backend/.venv/lib/python3.9/site-packages/click/core.py", line 760, in invoke\n    return __callback(*args, **kwargs)\n', '  File "/Users/b.vance/Coding Projects/daily_words_project/daily_words_backend/.venv/lib/python3.9/site-packages/click/decorators.py", line 26, in new_func\n    return f(get_current_context(), *args, **kwargs)\n', '  File "/Users/b.vance/Coding Projects/daily_words_project/daily_words_backend/.venv/lib/python3.9/site-packages/celery/bin/base.py", line 134, in caller\n    return f(ctx, *args, **kwargs)\n', '  File "/Users/b.vance/Coding Projects/daily_words_project/daily_words_backend/.venv/lib/python3.9/site-packages/celery/bin/beat.py", line 70, in beat\n    return beat().run()\n', '  File "/Users/b.vance/Coding Projects/daily_words_project/daily_words_backend/.venv/lib/python3.9/site-packages/celery/apps/beat.py", line 77, in run\n    self.start_scheduler()\n', '  File "/Users/b.vance/Coding Projects/daily_words_project/daily_words_backend/.venv/lib/python3.9/site-packages/celery/apps/beat.py", line 105, in start_scheduler\n    service.start()\n', '  File "/Users/b.vance/Coding Projects/daily_words_project/daily_words_backend/.venv/lib/python3.9/site-packages/celery/beat.py", line 645, in start\n    interval = self.scheduler.tick()\n', '  File "/Users/b.vance/Coding Projects/daily_words_project/daily_words_backend/.venv/lib/python3.9/site-packages/celery/beat.py", line 357, in tick\n    self.apply_entry(entry, producer=self.producer)\n', '  File "/Users/b.vance/Coding Projects/daily_words_project/daily_words_backend/.venv/lib/python3.9/site-packages/celery/beat.py", line 290, in apply_entry\n    exc, traceback.format_stack(), exc_info=True)\n']
Traceback (most recent call last):
  File "/Users/b.vance/Coding Projects/daily_words_project/daily_words_backend/.venv/lib/python3.9/site-packages/celery/beat.py", line 404, in apply_async
    return task.apply_async(entry_args, entry_kwargs,
  File "/Users/b.vance/Coding Projects/daily_words_project/daily_words_backend/.venv/lib/python3.9/site-packages/celery/app/task.py", line 540, in apply_async
    check_arguments(*(args or ()), **(kwargs or {}))
TypeError: print_message() missing 1 required positional argument: 'message'

During handling of the above exception, another exception occurred:

Traceback (most recent call last):
  File "/Users/b.vance/Coding Projects/daily_words_project/daily_words_backend/.venv/lib/python3.9/site-packages/celery/beat.py", line 287, in apply_entry
    result = self.apply_async(entry, producer=producer, advance=False)
  File "/Users/b.vance/Coding Projects/daily_words_project/daily_words_backend/.venv/lib/python3.9/site-packages/celery/beat.py", line 412, in apply_async
    reraise(SchedulingError, SchedulingError(
  File "/Users/b.vance/Coding Projects/daily_words_project/daily_words_backend/.venv/lib/python3.9/site-packages/celery/exceptions.py", line 108, in reraise
    raise value.with_traceback(tb)
  File "/Users/b.vance/Coding Projects/daily_words_project/daily_words_backend/.venv/lib/python3.9/site-packages/celery/beat.py", line 404, in apply_async
    return task.apply_async(entry_args, entry_kwargs,
  File "/Users/b.vance/Coding Projects/daily_words_project/daily_words_backend/.venv/lib/python3.9/site-packages/celery/app/task.py", line 540, in apply_async
    check_arguments(*(args or ()), **(kwargs or {}))
celery.beat.SchedulingError: Couldn't apply scheduled task print-msg: print_message() missing 1 required positional argument: 'message'
[2022-09-09 18:08:01,139: INFO/MainProcess] Scheduler: Sending due task send-daily-words-test (send_daily_words_test)
[2022-09-09 18:08:06,139: INFO/MainProcess] Scheduler: Sending due task send-daily-words-test (send_daily_words_test)
[2022-09-09 18:08:11,116: INFO/MainProcess] Scheduler: Sending due task print-msg (print_msg_main)
[2022-09-09 18:08:11,117: ERROR/MainProcess] Message Error: Couldn't apply scheduled task print-msg: print_message() missing 1 required positional argument: 'message'
['  File "/Users/b.vance/Coding Projects/daily_words_project/daily_words_backend/.venv/bin/celery", line 10, in <module>\n    sys.exit(main())\n', '  File "/Users/b.vance/Coding Projects/daily_words_project/daily_words_backend/.venv/lib/python3.9/site-packages/celery/__main__.py", line 15, in main\n    sys.exit(_main())\n', '  File "/Users/b.vance/Coding Projects/daily_words_project/daily_words_backend/.venv/lib/python3.9/site-packages/celery/bin/celery.py", line 217, in main\n    return celery(auto_envvar_prefix="CELERY")\n', '  File "/Users/b.vance/Coding Projects/daily_words_project/daily_words_backend/.venv/lib/python3.9/site-packages/click/core.py", line 1130, in __call__\n    return self.main(*args, **kwargs)\n', '  File "/Users/b.vance/Coding Projects/daily_words_project/daily_words_backend/.venv/lib/python3.9/site-packages/click/core.py", line 1055, in main\n    rv = self.invoke(ctx)\n', '  File "/Users/b.vance/Coding Projects/daily_words_project/daily_words_backend/.venv/lib/python3.9/site-packages/click/core.py", line 1657, in invoke\n    return _process_result(sub_ctx.command.invoke(sub_ctx))\n', '  File "/Users/b.vance/Coding Projects/daily_words_project/daily_words_backend/.venv/lib/python3.9/site-packages/click/core.py", line 1404, in invoke\n    return ctx.invoke(self.callback, **ctx.params)\n', '  File "/Users/b.vance/Coding Projects/daily_words_project/daily_words_backend/.venv/lib/python3.9/site-packages/click/core.py", line 760, in invoke\n    return __callback(*args, **kwargs)\n', '  File "/Users/b.vance/Coding Projects/daily_words_project/daily_words_backend/.venv/lib/python3.9/site-packages/click/decorators.py", line 26, in new_func\n    return f(get_current_context(), *args, **kwargs)\n', '  File "/Users/b.vance/Coding Projects/daily_words_project/daily_words_backend/.venv/lib/python3.9/site-packages/celery/bin/base.py", line 134, in caller\n    return f(ctx, *args, **kwargs)\n', '  File "/Users/b.vance/Coding Projects/daily_words_project/daily_words_backend/.venv/lib/python3.9/site-packages/celery/bin/beat.py", line 70, in beat\n    return beat().run()\n', '  File "/Users/b.vance/Coding Projects/daily_words_project/daily_words_backend/.venv/lib/python3.9/site-packages/celery/apps/beat.py", line 77, in run\n    self.start_scheduler()\n', '  File "/Users/b.vance/Coding Projects/daily_words_project/daily_words_backend/.venv/lib/python3.9/site-packages/celery/apps/beat.py", line 105, in start_scheduler\n    service.start()\n', '  File "/Users/b.vance/Coding Projects/daily_words_project/daily_words_backend/.venv/lib/python3.9/site-packages/celery/beat.py", line 645, in start\n    interval = self.scheduler.tick()\n', '  File "/Users/b.vance/Coding Projects/daily_words_project/daily_words_backend/.venv/lib/python3.9/site-packages/celery/beat.py", line 357, in tick\n    self.apply_entry(entry, producer=self.producer)\n', '  File "/Users/b.vance/Coding Projects/daily_words_project/daily_words_backend/.venv/lib/python3.9/site-packages/celery/beat.py", line 290, in apply_entry\n    exc, traceback.format_stack(), exc_info=True)\n']
Traceback (most recent call last):
  File "/Users/b.vance/Coding Projects/daily_words_project/daily_words_backend/.venv/lib/python3.9/site-packages/celery/beat.py", line 404, in apply_async
    return task.apply_async(entry_args, entry_kwargs,
  File "/Users/b.vance/Coding Projects/daily_words_project/daily_words_backend/.venv/lib/python3.9/site-packages/celery/app/task.py", line 540, in apply_async
    check_arguments(*(args or ()), **(kwargs or {}))
TypeError: print_message() missing 1 required positional argument: 'message'

During handling of the above exception, another exception occurred:

Traceback (most recent call last):
  File "/Users/b.vance/Coding Projects/daily_words_project/daily_words_backend/.venv/lib/python3.9/site-packages/celery/beat.py", line 287, in apply_entry
    result = self.apply_async(entry, producer=producer, advance=False)
  File "/Users/b.vance/Coding Projects/daily_words_project/daily_words_backend/.venv/lib/python3.9/site-packages/celery/beat.py", line 412, in apply_async
    reraise(SchedulingError, SchedulingError(
  File "/Users/b.vance/Coding Projects/daily_words_project/daily_words_backend/.venv/lib/python3.9/site-packages/celery/exceptions.py", line 108, in reraise
    raise value.with_traceback(tb)
  File "/Users/b.vance/Coding Projects/daily_words_project/daily_words_backend/.venv/lib/python3.9/site-packages/celery/beat.py", line 404, in apply_async
    return task.apply_async(entry_args, entry_kwargs,
  File "/Users/b.vance/Coding Projects/daily_words_project/daily_words_backend/.venv/lib/python3.9/site-packages/celery/app/task.py", line 540, in apply_async
    check_arguments(*(args or ()), **(kwargs or {}))
celery.beat.SchedulingError: Couldn't apply scheduled task print-msg: print_message() missing 1 required positional argument: 'message'
[2022-09-09 18:08:11,139: INFO/MainProcess] Scheduler: Sending due task send-daily-words-test (send_daily_words_test)
[2022-09-09 18:08:16,140: INFO/MainProcess] Scheduler: Sending due task send-daily-words-test (send_daily_words_test)
[2022-09-09 18:08:21,116: INFO/MainProcess] Scheduler: Sending due task print-msg (print_msg_main)
[2022-09-09 18:08:21,117: ERROR/MainProcess] Message Error: Couldn't apply scheduled task print-msg: print_message() missing 1 required positional argument: 'message'
['  File "/Users/b.vance/Coding Projects/daily_words_project/daily_words_backend/.venv/bin/celery", line 10, in <module>\n    sys.exit(main())\n', '  File "/Users/b.vance/Coding Projects/daily_words_project/daily_words_backend/.venv/lib/python3.9/site-packages/celery/__main__.py", line 15, in main\n    sys.exit(_main())\n', '  File "/Users/b.vance/Coding Projects/daily_words_project/daily_words_backend/.venv/lib/python3.9/site-packages/celery/bin/celery.py", line 217, in main\n    return celery(auto_envvar_prefix="CELERY")\n', '  File "/Users/b.vance/Coding Projects/daily_words_project/daily_words_backend/.venv/lib/python3.9/site-packages/click/core.py", line 1130, in __call__\n    return self.main(*args, **kwargs)\n', '  File "/Users/b.vance/Coding Projects/daily_words_project/daily_words_backend/.venv/lib/python3.9/site-packages/click/core.py", line 1055, in main\n    rv = self.invoke(ctx)\n', '  File "/Users/b.vance/Coding Projects/daily_words_project/daily_words_backend/.venv/lib/python3.9/site-packages/click/core.py", line 1657, in invoke\n    return _process_result(sub_ctx.command.invoke(sub_ctx))\n', '  File "/Users/b.vance/Coding Projects/daily_words_project/daily_words_backend/.venv/lib/python3.9/site-packages/click/core.py", line 1404, in invoke\n    return ctx.invoke(self.callback, **ctx.params)\n', '  File "/Users/b.vance/Coding Projects/daily_words_project/daily_words_backend/.venv/lib/python3.9/site-packages/click/core.py", line 760, in invoke\n    return __callback(*args, **kwargs)\n', '  File "/Users/b.vance/Coding Projects/daily_words_project/daily_words_backend/.venv/lib/python3.9/site-packages/click/decorators.py", line 26, in new_func\n    return f(get_current_context(), *args, **kwargs)\n', '  File "/Users/b.vance/Coding Projects/daily_words_project/daily_words_backend/.venv/lib/python3.9/site-packages/celery/bin/base.py", line 134, in caller\n    return f(ctx, *args, **kwargs)\n', '  File "/Users/b.vance/Coding Projects/daily_words_project/daily_words_backend/.venv/lib/python3.9/site-packages/celery/bin/beat.py", line 70, in beat\n    return beat().run()\n', '  File "/Users/b.vance/Coding Projects/daily_words_project/daily_words_backend/.venv/lib/python3.9/site-packages/celery/apps/beat.py", line 77, in run\n    self.start_scheduler()\n', '  File "/Users/b.vance/Coding Projects/daily_words_project/daily_words_backend/.venv/lib/python3.9/site-packages/celery/apps/beat.py", line 105, in start_scheduler\n    service.start()\n', '  File "/Users/b.vance/Coding Projects/daily_words_project/daily_words_backend/.venv/lib/python3.9/site-packages/celery/beat.py", line 645, in start\n    interval = self.scheduler.tick()\n', '  File "/Users/b.vance/Coding Projects/daily_words_project/daily_words_backend/.venv/lib/python3.9/site-packages/celery/beat.py", line 357, in tick\n    self.apply_entry(entry, producer=self.producer)\n', '  File "/Users/b.vance/Coding Projects/daily_words_project/daily_words_backend/.venv/lib/python3.9/site-packages/celery/beat.py", line 290, in apply_entry\n    exc, traceback.format_stack(), exc_info=True)\n']
Traceback (most recent call last):
  File "/Users/b.vance/Coding Projects/daily_words_project/daily_words_backend/.venv/lib/python3.9/site-packages/celery/beat.py", line 404, in apply_async
    return task.apply_async(entry_args, entry_kwargs,
  File "/Users/b.vance/Coding Projects/daily_words_project/daily_words_backend/.venv/lib/python3.9/site-packages/celery/app/task.py", line 540, in apply_async
    check_arguments(*(args or ()), **(kwargs or {}))
TypeError: print_message() missing 1 required positional argument: 'message'

During handling of the above exception, another exception occurred:

Traceback (most recent call last):
  File "/Users/b.vance/Coding Projects/daily_words_project/daily_words_backend/.venv/lib/python3.9/site-packages/celery/beat.py", line 287, in apply_entry
    result = self.apply_async(entry, producer=producer, advance=False)
  File "/Users/b.vance/Coding Projects/daily_words_project/daily_words_backend/.venv/lib/python3.9/site-packages/celery/beat.py", line 412, in apply_async
    reraise(SchedulingError, SchedulingError(
  File "/Users/b.vance/Coding Projects/daily_words_project/daily_words_backend/.venv/lib/python3.9/site-packages/celery/exceptions.py", line 108, in reraise
    raise value.with_traceback(tb)
  File "/Users/b.vance/Coding Projects/daily_words_project/daily_words_backend/.venv/lib/python3.9/site-packages/celery/beat.py", line 404, in apply_async
    return task.apply_async(entry_args, entry_kwargs,
  File "/Users/b.vance/Coding Projects/daily_words_project/daily_words_backend/.venv/lib/python3.9/site-packages/celery/app/task.py", line 540, in apply_async
    check_arguments(*(args or ()), **(kwargs or {}))
celery.beat.SchedulingError: Couldn't apply scheduled task print-msg: print_message() missing 1 required positional argument: 'message'
[2022-09-09 18:08:21,140: INFO/MainProcess] Scheduler: Sending due task send-daily-words-test (send_daily_words_test)
[2022-09-09 18:08:26,140: INFO/MainProcess] Scheduler: Sending due task send-daily-words-test (send_daily_words_test)
[2022-09-09 18:08:31,116: INFO/MainProcess] Scheduler: Sending due task print-msg (print_msg_main)
[2022-09-09 18:08:31,118: ERROR/MainProcess] Message Error: Couldn't apply scheduled task print-msg: print_message() missing 1 required positional argument: 'message'
['  File "/Users/b.vance/Coding Projects/daily_words_project/daily_words_backend/.venv/bin/celery", line 10, in <module>\n    sys.exit(main())\n', '  File "/Users/b.vance/Coding Projects/daily_words_project/daily_words_backend/.venv/lib/python3.9/site-packages/celery/__main__.py", line 15, in main\n    sys.exit(_main())\n', '  File "/Users/b.vance/Coding Projects/daily_words_project/daily_words_backend/.venv/lib/python3.9/site-packages/celery/bin/celery.py", line 217, in main\n    return celery(auto_envvar_prefix="CELERY")\n', '  File "/Users/b.vance/Coding Projects/daily_words_project/daily_words_backend/.venv/lib/python3.9/site-packages/click/core.py", line 1130, in __call__\n    return self.main(*args, **kwargs)\n', '  File "/Users/b.vance/Coding Projects/daily_words_project/daily_words_backend/.venv/lib/python3.9/site-packages/click/core.py", line 1055, in main\n    rv = self.invoke(ctx)\n', '  File "/Users/b.vance/Coding Projects/daily_words_project/daily_words_backend/.venv/lib/python3.9/site-packages/click/core.py", line 1657, in invoke\n    return _process_result(sub_ctx.command.invoke(sub_ctx))\n', '  File "/Users/b.vance/Coding Projects/daily_words_project/daily_words_backend/.venv/lib/python3.9/site-packages/click/core.py", line 1404, in invoke\n    return ctx.invoke(self.callback, **ctx.params)\n', '  File "/Users/b.vance/Coding Projects/daily_words_project/daily_words_backend/.venv/lib/python3.9/site-packages/click/core.py", line 760, in invoke\n    return __callback(*args, **kwargs)\n', '  File "/Users/b.vance/Coding Projects/daily_words_project/daily_words_backend/.venv/lib/python3.9/site-packages/click/decorators.py", line 26, in new_func\n    return f(get_current_context(), *args, **kwargs)\n', '  File "/Users/b.vance/Coding Projects/daily_words_project/daily_words_backend/.venv/lib/python3.9/site-packages/celery/bin/base.py", line 134, in caller\n    return f(ctx, *args, **kwargs)\n', '  File "/Users/b.vance/Coding Projects/daily_words_project/daily_words_backend/.venv/lib/python3.9/site-packages/celery/bin/beat.py", line 70, in beat\n    return beat().run()\n', '  File "/Users/b.vance/Coding Projects/daily_words_project/daily_words_backend/.venv/lib/python3.9/site-packages/celery/apps/beat.py", line 77, in run\n    self.start_scheduler()\n', '  File "/Users/b.vance/Coding Projects/daily_words_project/daily_words_backend/.venv/lib/python3.9/site-packages/celery/apps/beat.py", line 105, in start_scheduler\n    service.start()\n', '  File "/Users/b.vance/Coding Projects/daily_words_project/daily_words_backend/.venv/lib/python3.9/site-packages/celery/beat.py", line 645, in start\n    interval = self.scheduler.tick()\n', '  File "/Users/b.vance/Coding Projects/daily_words_project/daily_words_backend/.venv/lib/python3.9/site-packages/celery/beat.py", line 357, in tick\n    self.apply_entry(entry, producer=self.producer)\n', '  File "/Users/b.vance/Coding Projects/daily_words_project/daily_words_backend/.venv/lib/python3.9/site-packages/celery/beat.py", line 290, in apply_entry\n    exc, traceback.format_stack(), exc_info=True)\n']
Traceback (most recent call last):
  File "/Users/b.vance/Coding Projects/daily_words_project/daily_words_backend/.venv/lib/python3.9/site-packages/celery/beat.py", line 404, in apply_async
    return task.apply_async(entry_args, entry_kwargs,
  File "/Users/b.vance/Coding Projects/daily_words_project/daily_words_backend/.venv/lib/python3.9/site-packages/celery/app/task.py", line 540, in apply_async
    check_arguments(*(args or ()), **(kwargs or {}))
TypeError: print_message() missing 1 required positional argument: 'message'

During handling of the above exception, another exception occurred:

Traceback (most recent call last):
  File "/Users/b.vance/Coding Projects/daily_words_project/daily_words_backend/.venv/lib/python3.9/site-packages/celery/beat.py", line 287, in apply_entry
    result = self.apply_async(entry, producer=producer, advance=False)
  File "/Users/b.vance/Coding Projects/daily_words_project/daily_words_backend/.venv/lib/python3.9/site-packages/celery/beat.py", line 412, in apply_async
    reraise(SchedulingError, SchedulingError(
  File "/Users/b.vance/Coding Projects/daily_words_project/daily_words_backend/.venv/lib/python3.9/site-packages/celery/exceptions.py", line 108, in reraise
    raise value.with_traceback(tb)
  File "/Users/b.vance/Coding Projects/daily_words_project/daily_words_backend/.venv/lib/python3.9/site-packages/celery/beat.py", line 404, in apply_async
    return task.apply_async(entry_args, entry_kwargs,
  File "/Users/b.vance/Coding Projects/daily_words_project/daily_words_backend/.venv/lib/python3.9/site-packages/celery/app/task.py", line 540, in apply_async
    check_arguments(*(args or ()), **(kwargs or {}))
celery.beat.SchedulingError: Couldn't apply scheduled task print-msg: print_message() missing 1 required positional argument: 'message'
[2022-09-09 18:08:31,140: INFO/MainProcess] Scheduler: Sending due task send-daily-words-test (send_daily_words_test)
[2022-09-09 18:08:36,140: INFO/MainProcess] Scheduler: Sending due task send-daily-words-test (send_daily_words_test)
[2022-09-09 18:08:41,116: INFO/MainProcess] Scheduler: Sending due task print-msg (print_msg_main)
[2022-09-09 18:08:41,117: ERROR/MainProcess] Message Error: Couldn't apply scheduled task print-msg: print_message() missing 1 required positional argument: 'message'
['  File "/Users/b.vance/Coding Projects/daily_words_project/daily_words_backend/.venv/bin/celery", line 10, in <module>\n    sys.exit(main())\n', '  File "/Users/b.vance/Coding Projects/daily_words_project/daily_words_backend/.venv/lib/python3.9/site-packages/celery/__main__.py", line 15, in main\n    sys.exit(_main())\n', '  File "/Users/b.vance/Coding Projects/daily_words_project/daily_words_backend/.venv/lib/python3.9/site-packages/celery/bin/celery.py", line 217, in main\n    return celery(auto_envvar_prefix="CELERY")\n', '  File "/Users/b.vance/Coding Projects/daily_words_project/daily_words_backend/.venv/lib/python3.9/site-packages/click/core.py", line 1130, in __call__\n    return self.main(*args, **kwargs)\n', '  File "/Users/b.vance/Coding Projects/daily_words_project/daily_words_backend/.venv/lib/python3.9/site-packages/click/core.py", line 1055, in main\n    rv = self.invoke(ctx)\n', '  File "/Users/b.vance/Coding Projects/daily_words_project/daily_words_backend/.venv/lib/python3.9/site-packages/click/core.py", line 1657, in invoke\n    return _process_result(sub_ctx.command.invoke(sub_ctx))\n', '  File "/Users/b.vance/Coding Projects/daily_words_project/daily_words_backend/.venv/lib/python3.9/site-packages/click/core.py", line 1404, in invoke\n    return ctx.invoke(self.callback, **ctx.params)\n', '  File "/Users/b.vance/Coding Projects/daily_words_project/daily_words_backend/.venv/lib/python3.9/site-packages/click/core.py", line 760, in invoke\n    return __callback(*args, **kwargs)\n', '  File "/Users/b.vance/Coding Projects/daily_words_project/daily_words_backend/.venv/lib/python3.9/site-packages/click/decorators.py", line 26, in new_func\n    return f(get_current_context(), *args, **kwargs)\n', '  File "/Users/b.vance/Coding Projects/daily_words_project/daily_words_backend/.venv/lib/python3.9/site-packages/celery/bin/base.py", line 134, in caller\n    return f(ctx, *args, **kwargs)\n', '  File "/Users/b.vance/Coding Projects/daily_words_project/daily_words_backend/.venv/lib/python3.9/site-packages/celery/bin/beat.py", line 70, in beat\n    return beat().run()\n', '  File "/Users/b.vance/Coding Projects/daily_words_project/daily_words_backend/.venv/lib/python3.9/site-packages/celery/apps/beat.py", line 77, in run\n    self.start_scheduler()\n', '  File "/Users/b.vance/Coding Projects/daily_words_project/daily_words_backend/.venv/lib/python3.9/site-packages/celery/apps/beat.py", line 105, in start_scheduler\n    service.start()\n', '  File "/Users/b.vance/Coding Projects/daily_words_project/daily_words_backend/.venv/lib/python3.9/site-packages/celery/beat.py", line 645, in start\n    interval = self.scheduler.tick()\n', '  File "/Users/b.vance/Coding Projects/daily_words_project/daily_words_backend/.venv/lib/python3.9/site-packages/celery/beat.py", line 357, in tick\n    self.apply_entry(entry, producer=self.producer)\n', '  File "/Users/b.vance/Coding Projects/daily_words_project/daily_words_backend/.venv/lib/python3.9/site-packages/celery/beat.py", line 290, in apply_entry\n    exc, traceback.format_stack(), exc_info=True)\n']
Traceback (most recent call last):
  File "/Users/b.vance/Coding Projects/daily_words_project/daily_words_backend/.venv/lib/python3.9/site-packages/celery/beat.py", line 404, in apply_async
    return task.apply_async(entry_args, entry_kwargs,
  File "/Users/b.vance/Coding Projects/daily_words_project/daily_words_backend/.venv/lib/python3.9/site-packages/celery/app/task.py", line 540, in apply_async
    check_arguments(*(args or ()), **(kwargs or {}))
TypeError: print_message() missing 1 required positional argument: 'message'

During handling of the above exception, another exception occurred:

Traceback (most recent call last):
  File "/Users/b.vance/Coding Projects/daily_words_project/daily_words_backend/.venv/lib/python3.9/site-packages/celery/beat.py", line 287, in apply_entry
    result = self.apply_async(entry, producer=producer, advance=False)
  File "/Users/b.vance/Coding Projects/daily_words_project/daily_words_backend/.venv/lib/python3.9/site-packages/celery/beat.py", line 412, in apply_async
    reraise(SchedulingError, SchedulingError(
  File "/Users/b.vance/Coding Projects/daily_words_project/daily_words_backend/.venv/lib/python3.9/site-packages/celery/exceptions.py", line 108, in reraise
    raise value.with_traceback(tb)
  File "/Users/b.vance/Coding Projects/daily_words_project/daily_words_backend/.venv/lib/python3.9/site-packages/celery/beat.py", line 404, in apply_async
    return task.apply_async(entry_args, entry_kwargs,
  File "/Users/b.vance/Coding Projects/daily_words_project/daily_words_backend/.venv/lib/python3.9/site-packages/celery/app/task.py", line 540, in apply_async
    check_arguments(*(args or ()), **(kwargs or {}))
celery.beat.SchedulingError: Couldn't apply scheduled task print-msg: print_message() missing 1 required positional argument: 'message'
[2022-09-09 18:08:41,140: INFO/MainProcess] Scheduler: Sending due task send-daily-words-test (send_daily_words_test)
[2022-09-09 18:08:46,140: INFO/MainProcess] Scheduler: Sending due task send-daily-words-test (send_daily_words_test)
[2022-09-09 18:08:51,116: INFO/MainProcess] Scheduler: Sending due task print-msg (print_msg_main)
[2022-09-09 18:08:51,119: ERROR/MainProcess] Message Error: Couldn't apply scheduled task print-msg: print_message() missing 1 required positional argument: 'message'
['  File "/Users/b.vance/Coding Projects/daily_words_project/daily_words_backend/.venv/bin/celery", line 10, in <module>\n    sys.exit(main())\n', '  File "/Users/b.vance/Coding Projects/daily_words_project/daily_words_backend/.venv/lib/python3.9/site-packages/celery/__main__.py", line 15, in main\n    sys.exit(_main())\n', '  File "/Users/b.vance/Coding Projects/daily_words_project/daily_words_backend/.venv/lib/python3.9/site-packages/celery/bin/celery.py", line 217, in main\n    return celery(auto_envvar_prefix="CELERY")\n', '  File "/Users/b.vance/Coding Projects/daily_words_project/daily_words_backend/.venv/lib/python3.9/site-packages/click/core.py", line 1130, in __call__\n    return self.main(*args, **kwargs)\n', '  File "/Users/b.vance/Coding Projects/daily_words_project/daily_words_backend/.venv/lib/python3.9/site-packages/click/core.py", line 1055, in main\n    rv = self.invoke(ctx)\n', '  File "/Users/b.vance/Coding Projects/daily_words_project/daily_words_backend/.venv/lib/python3.9/site-packages/click/core.py", line 1657, in invoke\n    return _process_result(sub_ctx.command.invoke(sub_ctx))\n', '  File "/Users/b.vance/Coding Projects/daily_words_project/daily_words_backend/.venv/lib/python3.9/site-packages/click/core.py", line 1404, in invoke\n    return ctx.invoke(self.callback, **ctx.params)\n', '  File "/Users/b.vance/Coding Projects/daily_words_project/daily_words_backend/.venv/lib/python3.9/site-packages/click/core.py", line 760, in invoke\n    return __callback(*args, **kwargs)\n', '  File "/Users/b.vance/Coding Projects/daily_words_project/daily_words_backend/.venv/lib/python3.9/site-packages/click/decorators.py", line 26, in new_func\n    return f(get_current_context(), *args, **kwargs)\n', '  File "/Users/b.vance/Coding Projects/daily_words_project/daily_words_backend/.venv/lib/python3.9/site-packages/celery/bin/base.py", line 134, in caller\n    return f(ctx, *args, **kwargs)\n', '  File "/Users/b.vance/Coding Projects/daily_words_project/daily_words_backend/.venv/lib/python3.9/site-packages/celery/bin/beat.py", line 70, in beat\n    return beat().run()\n', '  File "/Users/b.vance/Coding Projects/daily_words_project/daily_words_backend/.venv/lib/python3.9/site-packages/celery/apps/beat.py", line 77, in run\n    self.start_scheduler()\n', '  File "/Users/b.vance/Coding Projects/daily_words_project/daily_words_backend/.venv/lib/python3.9/site-packages/celery/apps/beat.py", line 105, in start_scheduler\n    service.start()\n', '  File "/Users/b.vance/Coding Projects/daily_words_project/daily_words_backend/.venv/lib/python3.9/site-packages/celery/beat.py", line 645, in start\n    interval = self.scheduler.tick()\n', '  File "/Users/b.vance/Coding Projects/daily_words_project/daily_words_backend/.venv/lib/python3.9/site-packages/celery/beat.py", line 357, in tick\n    self.apply_entry(entry, producer=self.producer)\n', '  File "/Users/b.vance/Coding Projects/daily_words_project/daily_words_backend/.venv/lib/python3.9/site-packages/celery/beat.py", line 290, in apply_entry\n    exc, traceback.format_stack(), exc_info=True)\n']
Traceback (most recent call last):
  File "/Users/b.vance/Coding Projects/daily_words_project/daily_words_backend/.venv/lib/python3.9/site-packages/celery/beat.py", line 404, in apply_async
    return task.apply_async(entry_args, entry_kwargs,
  File "/Users/b.vance/Coding Projects/daily_words_project/daily_words_backend/.venv/lib/python3.9/site-packages/celery/app/task.py", line 540, in apply_async
    check_arguments(*(args or ()), **(kwargs or {}))
TypeError: print_message() missing 1 required positional argument: 'message'

During handling of the above exception, another exception occurred:

Traceback (most recent call last):
  File "/Users/b.vance/Coding Projects/daily_words_project/daily_words_backend/.venv/lib/python3.9/site-packages/celery/beat.py", line 287, in apply_entry
    result = self.apply_async(entry, producer=producer, advance=False)
  File "/Users/b.vance/Coding Projects/daily_words_project/daily_words_backend/.venv/lib/python3.9/site-packages/celery/beat.py", line 412, in apply_async
    reraise(SchedulingError, SchedulingError(
  File "/Users/b.vance/Coding Projects/daily_words_project/daily_words_backend/.venv/lib/python3.9/site-packages/celery/exceptions.py", line 108, in reraise
    raise value.with_traceback(tb)
  File "/Users/b.vance/Coding Projects/daily_words_project/daily_words_backend/.venv/lib/python3.9/site-packages/celery/beat.py", line 404, in apply_async
    return task.apply_async(entry_args, entry_kwargs,
  File "/Users/b.vance/Coding Projects/daily_words_project/daily_words_backend/.venv/lib/python3.9/site-packages/celery/app/task.py", line 540, in apply_async
    check_arguments(*(args or ()), **(kwargs or {}))
celery.beat.SchedulingError: Couldn't apply scheduled task print-msg: print_message() missing 1 required positional argument: 'message'
[2022-09-09 18:08:51,140: INFO/MainProcess] Scheduler: Sending due task send-daily-words-test (send_daily_words_test)
[2022-09-09 18:08:56,140: INFO/MainProcess] Scheduler: Sending due task send-daily-words-test (send_daily_words_test)
[2022-09-09 18:09:01,116: INFO/MainProcess] Scheduler: Sending due task print-msg (print_msg_main)
[2022-09-09 18:09:01,117: ERROR/MainProcess] Message Error: Couldn't apply scheduled task print-msg: print_message() missing 1 required positional argument: 'message'
['  File "/Users/b.vance/Coding Projects/daily_words_project/daily_words_backend/.venv/bin/celery", line 10, in <module>\n    sys.exit(main())\n', '  File "/Users/b.vance/Coding Projects/daily_words_project/daily_words_backend/.venv/lib/python3.9/site-packages/celery/__main__.py", line 15, in main\n    sys.exit(_main())\n', '  File "/Users/b.vance/Coding Projects/daily_words_project/daily_words_backend/.venv/lib/python3.9/site-packages/celery/bin/celery.py", line 217, in main\n    return celery(auto_envvar_prefix="CELERY")\n', '  File "/Users/b.vance/Coding Projects/daily_words_project/daily_words_backend/.venv/lib/python3.9/site-packages/click/core.py", line 1130, in __call__\n    return self.main(*args, **kwargs)\n', '  File "/Users/b.vance/Coding Projects/daily_words_project/daily_words_backend/.venv/lib/python3.9/site-packages/click/core.py", line 1055, in main\n    rv = self.invoke(ctx)\n', '  File "/Users/b.vance/Coding Projects/daily_words_project/daily_words_backend/.venv/lib/python3.9/site-packages/click/core.py", line 1657, in invoke\n    return _process_result(sub_ctx.command.invoke(sub_ctx))\n', '  File "/Users/b.vance/Coding Projects/daily_words_project/daily_words_backend/.venv/lib/python3.9/site-packages/click/core.py", line 1404, in invoke\n    return ctx.invoke(self.callback, **ctx.params)\n', '  File "/Users/b.vance/Coding Projects/daily_words_project/daily_words_backend/.venv/lib/python3.9/site-packages/click/core.py", line 760, in invoke\n    return __callback(*args, **kwargs)\n', '  File "/Users/b.vance/Coding Projects/daily_words_project/daily_words_backend/.venv/lib/python3.9/site-packages/click/decorators.py", line 26, in new_func\n    return f(get_current_context(), *args, **kwargs)\n', '  File "/Users/b.vance/Coding Projects/daily_words_project/daily_words_backend/.venv/lib/python3.9/site-packages/celery/bin/base.py", line 134, in caller\n    return f(ctx, *args, **kwargs)\n', '  File "/Users/b.vance/Coding Projects/daily_words_project/daily_words_backend/.venv/lib/python3.9/site-packages/celery/bin/beat.py", line 70, in beat\n    return beat().run()\n', '  File "/Users/b.vance/Coding Projects/daily_words_project/daily_words_backend/.venv/lib/python3.9/site-packages/celery/apps/beat.py", line 77, in run\n    self.start_scheduler()\n', '  File "/Users/b.vance/Coding Projects/daily_words_project/daily_words_backend/.venv/lib/python3.9/site-packages/celery/apps/beat.py", line 105, in start_scheduler\n    service.start()\n', '  File "/Users/b.vance/Coding Projects/daily_words_project/daily_words_backend/.venv/lib/python3.9/site-packages/celery/beat.py", line 645, in start\n    interval = self.scheduler.tick()\n', '  File "/Users/b.vance/Coding Projects/daily_words_project/daily_words_backend/.venv/lib/python3.9/site-packages/celery/beat.py", line 357, in tick\n    self.apply_entry(entry, producer=self.producer)\n', '  File "/Users/b.vance/Coding Projects/daily_words_project/daily_words_backend/.venv/lib/python3.9/site-packages/celery/beat.py", line 290, in apply_entry\n    exc, traceback.format_stack(), exc_info=True)\n']
Traceback (most recent call last):
  File "/Users/b.vance/Coding Projects/daily_words_project/daily_words_backend/.venv/lib/python3.9/site-packages/celery/beat.py", line 404, in apply_async
    return task.apply_async(entry_args, entry_kwargs,
  File "/Users/b.vance/Coding Projects/daily_words_project/daily_words_backend/.venv/lib/python3.9/site-packages/celery/app/task.py", line 540, in apply_async
    check_arguments(*(args or ()), **(kwargs or {}))
TypeError: print_message() missing 1 required positional argument: 'message'

During handling of the above exception, another exception occurred:

Traceback (most recent call last):
  File "/Users/b.vance/Coding Projects/daily_words_project/daily_words_backend/.venv/lib/python3.9/site-packages/celery/beat.py", line 287, in apply_entry
    result = self.apply_async(entry, producer=producer, advance=False)
  File "/Users/b.vance/Coding Projects/daily_words_project/daily_words_backend/.venv/lib/python3.9/site-packages/celery/beat.py", line 412, in apply_async
    reraise(SchedulingError, SchedulingError(
  File "/Users/b.vance/Coding Projects/daily_words_project/daily_words_backend/.venv/lib/python3.9/site-packages/celery/exceptions.py", line 108, in reraise
    raise value.with_traceback(tb)
  File "/Users/b.vance/Coding Projects/daily_words_project/daily_words_backend/.venv/lib/python3.9/site-packages/celery/beat.py", line 404, in apply_async
    return task.apply_async(entry_args, entry_kwargs,
  File "/Users/b.vance/Coding Projects/daily_words_project/daily_words_backend/.venv/lib/python3.9/site-packages/celery/app/task.py", line 540, in apply_async
    check_arguments(*(args or ()), **(kwargs or {}))
celery.beat.SchedulingError: Couldn't apply scheduled task print-msg: print_message() missing 1 required positional argument: 'message'
[2022-09-09 18:09:01,140: INFO/MainProcess] Scheduler: Sending due task send-daily-words-test (send_daily_words_test)
[2022-09-09 18:09:06,140: INFO/MainProcess] Scheduler: Sending due task send-daily-words-test (send_daily_words_test)
[2022-09-09 18:09:11,116: INFO/MainProcess] Scheduler: Sending due task print-msg (print_msg_main)
[2022-09-09 18:09:11,117: ERROR/MainProcess] Message Error: Couldn't apply scheduled task print-msg: print_message() missing 1 required positional argument: 'message'
['  File "/Users/b.vance/Coding Projects/daily_words_project/daily_words_backend/.venv/bin/celery", line 10, in <module>\n    sys.exit(main())\n', '  File "/Users/b.vance/Coding Projects/daily_words_project/daily_words_backend/.venv/lib/python3.9/site-packages/celery/__main__.py", line 15, in main\n    sys.exit(_main())\n', '  File "/Users/b.vance/Coding Projects/daily_words_project/daily_words_backend/.venv/lib/python3.9/site-packages/celery/bin/celery.py", line 217, in main\n    return celery(auto_envvar_prefix="CELERY")\n', '  File "/Users/b.vance/Coding Projects/daily_words_project/daily_words_backend/.venv/lib/python3.9/site-packages/click/core.py", line 1130, in __call__\n    return self.main(*args, **kwargs)\n', '  File "/Users/b.vance/Coding Projects/daily_words_project/daily_words_backend/.venv/lib/python3.9/site-packages/click/core.py", line 1055, in main\n    rv = self.invoke(ctx)\n', '  File "/Users/b.vance/Coding Projects/daily_words_project/daily_words_backend/.venv/lib/python3.9/site-packages/click/core.py", line 1657, in invoke\n    return _process_result(sub_ctx.command.invoke(sub_ctx))\n', '  File "/Users/b.vance/Coding Projects/daily_words_project/daily_words_backend/.venv/lib/python3.9/site-packages/click/core.py", line 1404, in invoke\n    return ctx.invoke(self.callback, **ctx.params)\n', '  File "/Users/b.vance/Coding Projects/daily_words_project/daily_words_backend/.venv/lib/python3.9/site-packages/click/core.py", line 760, in invoke\n    return __callback(*args, **kwargs)\n', '  File "/Users/b.vance/Coding Projects/daily_words_project/daily_words_backend/.venv/lib/python3.9/site-packages/click/decorators.py", line 26, in new_func\n    return f(get_current_context(), *args, **kwargs)\n', '  File "/Users/b.vance/Coding Projects/daily_words_project/daily_words_backend/.venv/lib/python3.9/site-packages/celery/bin/base.py", line 134, in caller\n    return f(ctx, *args, **kwargs)\n', '  File "/Users/b.vance/Coding Projects/daily_words_project/daily_words_backend/.venv/lib/python3.9/site-packages/celery/bin/beat.py", line 70, in beat\n    return beat().run()\n', '  File "/Users/b.vance/Coding Projects/daily_words_project/daily_words_backend/.venv/lib/python3.9/site-packages/celery/apps/beat.py", line 77, in run\n    self.start_scheduler()\n', '  File "/Users/b.vance/Coding Projects/daily_words_project/daily_words_backend/.venv/lib/python3.9/site-packages/celery/apps/beat.py", line 105, in start_scheduler\n    service.start()\n', '  File "/Users/b.vance/Coding Projects/daily_words_project/daily_words_backend/.venv/lib/python3.9/site-packages/celery/beat.py", line 645, in start\n    interval = self.scheduler.tick()\n', '  File "/Users/b.vance/Coding Projects/daily_words_project/daily_words_backend/.venv/lib/python3.9/site-packages/celery/beat.py", line 357, in tick\n    self.apply_entry(entry, producer=self.producer)\n', '  File "/Users/b.vance/Coding Projects/daily_words_project/daily_words_backend/.venv/lib/python3.9/site-packages/celery/beat.py", line 290, in apply_entry\n    exc, traceback.format_stack(), exc_info=True)\n']
Traceback (most recent call last):
  File "/Users/b.vance/Coding Projects/daily_words_project/daily_words_backend/.venv/lib/python3.9/site-packages/celery/beat.py", line 404, in apply_async
    return task.apply_async(entry_args, entry_kwargs,
  File "/Users/b.vance/Coding Projects/daily_words_project/daily_words_backend/.venv/lib/python3.9/site-packages/celery/app/task.py", line 540, in apply_async
    check_arguments(*(args or ()), **(kwargs or {}))
TypeError: print_message() missing 1 required positional argument: 'message'

During handling of the above exception, another exception occurred:

Traceback (most recent call last):
  File "/Users/b.vance/Coding Projects/daily_words_project/daily_words_backend/.venv/lib/python3.9/site-packages/celery/beat.py", line 287, in apply_entry
    result = self.apply_async(entry, producer=producer, advance=False)
  File "/Users/b.vance/Coding Projects/daily_words_project/daily_words_backend/.venv/lib/python3.9/site-packages/celery/beat.py", line 412, in apply_async
    reraise(SchedulingError, SchedulingError(
  File "/Users/b.vance/Coding Projects/daily_words_project/daily_words_backend/.venv/lib/python3.9/site-packages/celery/exceptions.py", line 108, in reraise
    raise value.with_traceback(tb)
  File "/Users/b.vance/Coding Projects/daily_words_project/daily_words_backend/.venv/lib/python3.9/site-packages/celery/beat.py", line 404, in apply_async
    return task.apply_async(entry_args, entry_kwargs,
  File "/Users/b.vance/Coding Projects/daily_words_project/daily_words_backend/.venv/lib/python3.9/site-packages/celery/app/task.py", line 540, in apply_async
    check_arguments(*(args or ()), **(kwargs or {}))
celery.beat.SchedulingError: Couldn't apply scheduled task print-msg: print_message() missing 1 required positional argument: 'message'
[2022-09-09 18:09:11,140: INFO/MainProcess] Scheduler: Sending due task send-daily-words-test (send_daily_words_test)
[2022-09-09 18:09:16,141: INFO/MainProcess] Scheduler: Sending due task send-daily-words-test (send_daily_words_test)
[2022-09-09 18:09:21,116: INFO/MainProcess] Scheduler: Sending due task print-msg (print_msg_main)
[2022-09-09 18:09:21,117: ERROR/MainProcess] Message Error: Couldn't apply scheduled task print-msg: print_message() missing 1 required positional argument: 'message'
['  File "/Users/b.vance/Coding Projects/daily_words_project/daily_words_backend/.venv/bin/celery", line 10, in <module>\n    sys.exit(main())\n', '  File "/Users/b.vance/Coding Projects/daily_words_project/daily_words_backend/.venv/lib/python3.9/site-packages/celery/__main__.py", line 15, in main\n    sys.exit(_main())\n', '  File "/Users/b.vance/Coding Projects/daily_words_project/daily_words_backend/.venv/lib/python3.9/site-packages/celery/bin/celery.py", line 217, in main\n    return celery(auto_envvar_prefix="CELERY")\n', '  File "/Users/b.vance/Coding Projects/daily_words_project/daily_words_backend/.venv/lib/python3.9/site-packages/click/core.py", line 1130, in __call__\n    return self.main(*args, **kwargs)\n', '  File "/Users/b.vance/Coding Projects/daily_words_project/daily_words_backend/.venv/lib/python3.9/site-packages/click/core.py", line 1055, in main\n    rv = self.invoke(ctx)\n', '  File "/Users/b.vance/Coding Projects/daily_words_project/daily_words_backend/.venv/lib/python3.9/site-packages/click/core.py", line 1657, in invoke\n    return _process_result(sub_ctx.command.invoke(sub_ctx))\n', '  File "/Users/b.vance/Coding Projects/daily_words_project/daily_words_backend/.venv/lib/python3.9/site-packages/click/core.py", line 1404, in invoke\n    return ctx.invoke(self.callback, **ctx.params)\n', '  File "/Users/b.vance/Coding Projects/daily_words_project/daily_words_backend/.venv/lib/python3.9/site-packages/click/core.py", line 760, in invoke\n    return __callback(*args, **kwargs)\n', '  File "/Users/b.vance/Coding Projects/daily_words_project/daily_words_backend/.venv/lib/python3.9/site-packages/click/decorators.py", line 26, in new_func\n    return f(get_current_context(), *args, **kwargs)\n', '  File "/Users/b.vance/Coding Projects/daily_words_project/daily_words_backend/.venv/lib/python3.9/site-packages/celery/bin/base.py", line 134, in caller\n    return f(ctx, *args, **kwargs)\n', '  File "/Users/b.vance/Coding Projects/daily_words_project/daily_words_backend/.venv/lib/python3.9/site-packages/celery/bin/beat.py", line 70, in beat\n    return beat().run()\n', '  File "/Users/b.vance/Coding Projects/daily_words_project/daily_words_backend/.venv/lib/python3.9/site-packages/celery/apps/beat.py", line 77, in run\n    self.start_scheduler()\n', '  File "/Users/b.vance/Coding Projects/daily_words_project/daily_words_backend/.venv/lib/python3.9/site-packages/celery/apps/beat.py", line 105, in start_scheduler\n    service.start()\n', '  File "/Users/b.vance/Coding Projects/daily_words_project/daily_words_backend/.venv/lib/python3.9/site-packages/celery/beat.py", line 645, in start\n    interval = self.scheduler.tick()\n', '  File "/Users/b.vance/Coding Projects/daily_words_project/daily_words_backend/.venv/lib/python3.9/site-packages/celery/beat.py", line 357, in tick\n    self.apply_entry(entry, producer=self.producer)\n', '  File "/Users/b.vance/Coding Projects/daily_words_project/daily_words_backend/.venv/lib/python3.9/site-packages/celery/beat.py", line 290, in apply_entry\n    exc, traceback.format_stack(), exc_info=True)\n']
Traceback (most recent call last):
  File "/Users/b.vance/Coding Projects/daily_words_project/daily_words_backend/.venv/lib/python3.9/site-packages/celery/beat.py", line 404, in apply_async
    return task.apply_async(entry_args, entry_kwargs,
  File "/Users/b.vance/Coding Projects/daily_words_project/daily_words_backend/.venv/lib/python3.9/site-packages/celery/app/task.py", line 540, in apply_async
    check_arguments(*(args or ()), **(kwargs or {}))
TypeError: print_message() missing 1 required positional argument: 'message'

During handling of the above exception, another exception occurred:

Traceback (most recent call last):
  File "/Users/b.vance/Coding Projects/daily_words_project/daily_words_backend/.venv/lib/python3.9/site-packages/celery/beat.py", line 287, in apply_entry
    result = self.apply_async(entry, producer=producer, advance=False)
  File "/Users/b.vance/Coding Projects/daily_words_project/daily_words_backend/.venv/lib/python3.9/site-packages/celery/beat.py", line 412, in apply_async
    reraise(SchedulingError, SchedulingError(
  File "/Users/b.vance/Coding Projects/daily_words_project/daily_words_backend/.venv/lib/python3.9/site-packages/celery/exceptions.py", line 108, in reraise
    raise value.with_traceback(tb)
  File "/Users/b.vance/Coding Projects/daily_words_project/daily_words_backend/.venv/lib/python3.9/site-packages/celery/beat.py", line 404, in apply_async
    return task.apply_async(entry_args, entry_kwargs,
  File "/Users/b.vance/Coding Projects/daily_words_project/daily_words_backend/.venv/lib/python3.9/site-packages/celery/app/task.py", line 540, in apply_async
    check_arguments(*(args or ()), **(kwargs or {}))
celery.beat.SchedulingError: Couldn't apply scheduled task print-msg: print_message() missing 1 required positional argument: 'message'
[2022-09-09 18:09:21,141: INFO/MainProcess] Scheduler: Sending due task send-daily-words-test (send_daily_words_test)
[2022-09-09 18:09:26,141: INFO/MainProcess] Scheduler: Sending due task send-daily-words-test (send_daily_words_test)
[2022-09-09 18:09:31,116: INFO/MainProcess] Scheduler: Sending due task print-msg (print_msg_main)
[2022-09-09 18:09:31,117: ERROR/MainProcess] Message Error: Couldn't apply scheduled task print-msg: print_message() missing 1 required positional argument: 'message'
['  File "/Users/b.vance/Coding Projects/daily_words_project/daily_words_backend/.venv/bin/celery", line 10, in <module>\n    sys.exit(main())\n', '  File "/Users/b.vance/Coding Projects/daily_words_project/daily_words_backend/.venv/lib/python3.9/site-packages/celery/__main__.py", line 15, in main\n    sys.exit(_main())\n', '  File "/Users/b.vance/Coding Projects/daily_words_project/daily_words_backend/.venv/lib/python3.9/site-packages/celery/bin/celery.py", line 217, in main\n    return celery(auto_envvar_prefix="CELERY")\n', '  File "/Users/b.vance/Coding Projects/daily_words_project/daily_words_backend/.venv/lib/python3.9/site-packages/click/core.py", line 1130, in __call__\n    return self.main(*args, **kwargs)\n', '  File "/Users/b.vance/Coding Projects/daily_words_project/daily_words_backend/.venv/lib/python3.9/site-packages/click/core.py", line 1055, in main\n    rv = self.invoke(ctx)\n', '  File "/Users/b.vance/Coding Projects/daily_words_project/daily_words_backend/.venv/lib/python3.9/site-packages/click/core.py", line 1657, in invoke\n    return _process_result(sub_ctx.command.invoke(sub_ctx))\n', '  File "/Users/b.vance/Coding Projects/daily_words_project/daily_words_backend/.venv/lib/python3.9/site-packages/click/core.py", line 1404, in invoke\n    return ctx.invoke(self.callback, **ctx.params)\n', '  File "/Users/b.vance/Coding Projects/daily_words_project/daily_words_backend/.venv/lib/python3.9/site-packages/click/core.py", line 760, in invoke\n    return __callback(*args, **kwargs)\n', '  File "/Users/b.vance/Coding Projects/daily_words_project/daily_words_backend/.venv/lib/python3.9/site-packages/click/decorators.py", line 26, in new_func\n    return f(get_current_context(), *args, **kwargs)\n', '  File "/Users/b.vance/Coding Projects/daily_words_project/daily_words_backend/.venv/lib/python3.9/site-packages/celery/bin/base.py", line 134, in caller\n    return f(ctx, *args, **kwargs)\n', '  File "/Users/b.vance/Coding Projects/daily_words_project/daily_words_backend/.venv/lib/python3.9/site-packages/celery/bin/beat.py", line 70, in beat\n    return beat().run()\n', '  File "/Users/b.vance/Coding Projects/daily_words_project/daily_words_backend/.venv/lib/python3.9/site-packages/celery/apps/beat.py", line 77, in run\n    self.start_scheduler()\n', '  File "/Users/b.vance/Coding Projects/daily_words_project/daily_words_backend/.venv/lib/python3.9/site-packages/celery/apps/beat.py", line 105, in start_scheduler\n    service.start()\n', '  File "/Users/b.vance/Coding Projects/daily_words_project/daily_words_backend/.venv/lib/python3.9/site-packages/celery/beat.py", line 645, in start\n    interval = self.scheduler.tick()\n', '  File "/Users/b.vance/Coding Projects/daily_words_project/daily_words_backend/.venv/lib/python3.9/site-packages/celery/beat.py", line 357, in tick\n    self.apply_entry(entry, producer=self.producer)\n', '  File "/Users/b.vance/Coding Projects/daily_words_project/daily_words_backend/.venv/lib/python3.9/site-packages/celery/beat.py", line 290, in apply_entry\n    exc, traceback.format_stack(), exc_info=True)\n']
Traceback (most recent call last):
  File "/Users/b.vance/Coding Projects/daily_words_project/daily_words_backend/.venv/lib/python3.9/site-packages/celery/beat.py", line 404, in apply_async
    return task.apply_async(entry_args, entry_kwargs,
  File "/Users/b.vance/Coding Projects/daily_words_project/daily_words_backend/.venv/lib/python3.9/site-packages/celery/app/task.py", line 540, in apply_async
    check_arguments(*(args or ()), **(kwargs or {}))
TypeError: print_message() missing 1 required positional argument: 'message'

During handling of the above exception, another exception occurred:

Traceback (most recent call last):
  File "/Users/b.vance/Coding Projects/daily_words_project/daily_words_backend/.venv/lib/python3.9/site-packages/celery/beat.py", line 287, in apply_entry
    result = self.apply_async(entry, producer=producer, advance=False)
  File "/Users/b.vance/Coding Projects/daily_words_project/daily_words_backend/.venv/lib/python3.9/site-packages/celery/beat.py", line 412, in apply_async
    reraise(SchedulingError, SchedulingError(
  File "/Users/b.vance/Coding Projects/daily_words_project/daily_words_backend/.venv/lib/python3.9/site-packages/celery/exceptions.py", line 108, in reraise
    raise value.with_traceback(tb)
  File "/Users/b.vance/Coding Projects/daily_words_project/daily_words_backend/.venv/lib/python3.9/site-packages/celery/beat.py", line 404, in apply_async
    return task.apply_async(entry_args, entry_kwargs,
  File "/Users/b.vance/Coding Projects/daily_words_project/daily_words_backend/.venv/lib/python3.9/site-packages/celery/app/task.py", line 540, in apply_async
    check_arguments(*(args or ()), **(kwargs or {}))
celery.beat.SchedulingError: Couldn't apply scheduled task print-msg: print_message() missing 1 required positional argument: 'message'
[2022-09-09 18:09:31,141: INFO/MainProcess] Scheduler: Sending due task send-daily-words-test (send_daily_words_test)
[2022-09-09 18:09:36,141: INFO/MainProcess] Scheduler: Sending due task send-daily-words-test (send_daily_words_test)
[2022-09-09 18:09:41,117: INFO/MainProcess] Scheduler: Sending due task print-msg (print_msg_main)
[2022-09-09 18:09:41,118: ERROR/MainProcess] Message Error: Couldn't apply scheduled task print-msg: print_message() missing 1 required positional argument: 'message'
['  File "/Users/b.vance/Coding Projects/daily_words_project/daily_words_backend/.venv/bin/celery", line 10, in <module>\n    sys.exit(main())\n', '  File "/Users/b.vance/Coding Projects/daily_words_project/daily_words_backend/.venv/lib/python3.9/site-packages/celery/__main__.py", line 15, in main\n    sys.exit(_main())\n', '  File "/Users/b.vance/Coding Projects/daily_words_project/daily_words_backend/.venv/lib/python3.9/site-packages/celery/bin/celery.py", line 217, in main\n    return celery(auto_envvar_prefix="CELERY")\n', '  File "/Users/b.vance/Coding Projects/daily_words_project/daily_words_backend/.venv/lib/python3.9/site-packages/click/core.py", line 1130, in __call__\n    return self.main(*args, **kwargs)\n', '  File "/Users/b.vance/Coding Projects/daily_words_project/daily_words_backend/.venv/lib/python3.9/site-packages/click/core.py", line 1055, in main\n    rv = self.invoke(ctx)\n', '  File "/Users/b.vance/Coding Projects/daily_words_project/daily_words_backend/.venv/lib/python3.9/site-packages/click/core.py", line 1657, in invoke\n    return _process_result(sub_ctx.command.invoke(sub_ctx))\n', '  File "/Users/b.vance/Coding Projects/daily_words_project/daily_words_backend/.venv/lib/python3.9/site-packages/click/core.py", line 1404, in invoke\n    return ctx.invoke(self.callback, **ctx.params)\n', '  File "/Users/b.vance/Coding Projects/daily_words_project/daily_words_backend/.venv/lib/python3.9/site-packages/click/core.py", line 760, in invoke\n    return __callback(*args, **kwargs)\n', '  File "/Users/b.vance/Coding Projects/daily_words_project/daily_words_backend/.venv/lib/python3.9/site-packages/click/decorators.py", line 26, in new_func\n    return f(get_current_context(), *args, **kwargs)\n', '  File "/Users/b.vance/Coding Projects/daily_words_project/daily_words_backend/.venv/lib/python3.9/site-packages/celery/bin/base.py", line 134, in caller\n    return f(ctx, *args, **kwargs)\n', '  File "/Users/b.vance/Coding Projects/daily_words_project/daily_words_backend/.venv/lib/python3.9/site-packages/celery/bin/beat.py", line 70, in beat\n    return beat().run()\n', '  File "/Users/b.vance/Coding Projects/daily_words_project/daily_words_backend/.venv/lib/python3.9/site-packages/celery/apps/beat.py", line 77, in run\n    self.start_scheduler()\n', '  File "/Users/b.vance/Coding Projects/daily_words_project/daily_words_backend/.venv/lib/python3.9/site-packages/celery/apps/beat.py", line 105, in start_scheduler\n    service.start()\n', '  File "/Users/b.vance/Coding Projects/daily_words_project/daily_words_backend/.venv/lib/python3.9/site-packages/celery/beat.py", line 645, in start\n    interval = self.scheduler.tick()\n', '  File "/Users/b.vance/Coding Projects/daily_words_project/daily_words_backend/.venv/lib/python3.9/site-packages/celery/beat.py", line 357, in tick\n    self.apply_entry(entry, producer=self.producer)\n', '  File "/Users/b.vance/Coding Projects/daily_words_project/daily_words_backend/.venv/lib/python3.9/site-packages/celery/beat.py", line 290, in apply_entry\n    exc, traceback.format_stack(), exc_info=True)\n']
Traceback (most recent call last):
  File "/Users/b.vance/Coding Projects/daily_words_project/daily_words_backend/.venv/lib/python3.9/site-packages/celery/beat.py", line 404, in apply_async
    return task.apply_async(entry_args, entry_kwargs,
  File "/Users/b.vance/Coding Projects/daily_words_project/daily_words_backend/.venv/lib/python3.9/site-packages/celery/app/task.py", line 540, in apply_async
    check_arguments(*(args or ()), **(kwargs or {}))
TypeError: print_message() missing 1 required positional argument: 'message'

During handling of the above exception, another exception occurred:

Traceback (most recent call last):
  File "/Users/b.vance/Coding Projects/daily_words_project/daily_words_backend/.venv/lib/python3.9/site-packages/celery/beat.py", line 287, in apply_entry
    result = self.apply_async(entry, producer=producer, advance=False)
  File "/Users/b.vance/Coding Projects/daily_words_project/daily_words_backend/.venv/lib/python3.9/site-packages/celery/beat.py", line 412, in apply_async
    reraise(SchedulingError, SchedulingError(
  File "/Users/b.vance/Coding Projects/daily_words_project/daily_words_backend/.venv/lib/python3.9/site-packages/celery/exceptions.py", line 108, in reraise
    raise value.with_traceback(tb)
  File "/Users/b.vance/Coding Projects/daily_words_project/daily_words_backend/.venv/lib/python3.9/site-packages/celery/beat.py", line 404, in apply_async
    return task.apply_async(entry_args, entry_kwargs,
  File "/Users/b.vance/Coding Projects/daily_words_project/daily_words_backend/.venv/lib/python3.9/site-packages/celery/app/task.py", line 540, in apply_async
    check_arguments(*(args or ()), **(kwargs or {}))
celery.beat.SchedulingError: Couldn't apply scheduled task print-msg: print_message() missing 1 required positional argument: 'message'
[2022-09-09 18:09:41,141: INFO/MainProcess] Scheduler: Sending due task send-daily-words-test (send_daily_words_test)
[2022-09-09 18:09:46,141: INFO/MainProcess] Scheduler: Sending due task send-daily-words-test (send_daily_words_test)
[2022-09-09 18:09:51,117: INFO/MainProcess] Scheduler: Sending due task print-msg (print_msg_main)
[2022-09-09 18:09:51,118: ERROR/MainProcess] Message Error: Couldn't apply scheduled task print-msg: print_message() missing 1 required positional argument: 'message'
['  File "/Users/b.vance/Coding Projects/daily_words_project/daily_words_backend/.venv/bin/celery", line 10, in <module>\n    sys.exit(main())\n', '  File "/Users/b.vance/Coding Projects/daily_words_project/daily_words_backend/.venv/lib/python3.9/site-packages/celery/__main__.py", line 15, in main\n    sys.exit(_main())\n', '  File "/Users/b.vance/Coding Projects/daily_words_project/daily_words_backend/.venv/lib/python3.9/site-packages/celery/bin/celery.py", line 217, in main\n    return celery(auto_envvar_prefix="CELERY")\n', '  File "/Users/b.vance/Coding Projects/daily_words_project/daily_words_backend/.venv/lib/python3.9/site-packages/click/core.py", line 1130, in __call__\n    return self.main(*args, **kwargs)\n', '  File "/Users/b.vance/Coding Projects/daily_words_project/daily_words_backend/.venv/lib/python3.9/site-packages/click/core.py", line 1055, in main\n    rv = self.invoke(ctx)\n', '  File "/Users/b.vance/Coding Projects/daily_words_project/daily_words_backend/.venv/lib/python3.9/site-packages/click/core.py", line 1657, in invoke\n    return _process_result(sub_ctx.command.invoke(sub_ctx))\n', '  File "/Users/b.vance/Coding Projects/daily_words_project/daily_words_backend/.venv/lib/python3.9/site-packages/click/core.py", line 1404, in invoke\n    return ctx.invoke(self.callback, **ctx.params)\n', '  File "/Users/b.vance/Coding Projects/daily_words_project/daily_words_backend/.venv/lib/python3.9/site-packages/click/core.py", line 760, in invoke\n    return __callback(*args, **kwargs)\n', '  File "/Users/b.vance/Coding Projects/daily_words_project/daily_words_backend/.venv/lib/python3.9/site-packages/click/decorators.py", line 26, in new_func\n    return f(get_current_context(), *args, **kwargs)\n', '  File "/Users/b.vance/Coding Projects/daily_words_project/daily_words_backend/.venv/lib/python3.9/site-packages/celery/bin/base.py", line 134, in caller\n    return f(ctx, *args, **kwargs)\n', '  File "/Users/b.vance/Coding Projects/daily_words_project/daily_words_backend/.venv/lib/python3.9/site-packages/celery/bin/beat.py", line 70, in beat\n    return beat().run()\n', '  File "/Users/b.vance/Coding Projects/daily_words_project/daily_words_backend/.venv/lib/python3.9/site-packages/celery/apps/beat.py", line 77, in run\n    self.start_scheduler()\n', '  File "/Users/b.vance/Coding Projects/daily_words_project/daily_words_backend/.venv/lib/python3.9/site-packages/celery/apps/beat.py", line 105, in start_scheduler\n    service.start()\n', '  File "/Users/b.vance/Coding Projects/daily_words_project/daily_words_backend/.venv/lib/python3.9/site-packages/celery/beat.py", line 645, in start\n    interval = self.scheduler.tick()\n', '  File "/Users/b.vance/Coding Projects/daily_words_project/daily_words_backend/.venv/lib/python3.9/site-packages/celery/beat.py", line 357, in tick\n    self.apply_entry(entry, producer=self.producer)\n', '  File "/Users/b.vance/Coding Projects/daily_words_project/daily_words_backend/.venv/lib/python3.9/site-packages/celery/beat.py", line 290, in apply_entry\n    exc, traceback.format_stack(), exc_info=True)\n']
Traceback (most recent call last):
  File "/Users/b.vance/Coding Projects/daily_words_project/daily_words_backend/.venv/lib/python3.9/site-packages/celery/beat.py", line 404, in apply_async
    return task.apply_async(entry_args, entry_kwargs,
  File "/Users/b.vance/Coding Projects/daily_words_project/daily_words_backend/.venv/lib/python3.9/site-packages/celery/app/task.py", line 540, in apply_async
    check_arguments(*(args or ()), **(kwargs or {}))
TypeError: print_message() missing 1 required positional argument: 'message'

During handling of the above exception, another exception occurred:

Traceback (most recent call last):
  File "/Users/b.vance/Coding Projects/daily_words_project/daily_words_backend/.venv/lib/python3.9/site-packages/celery/beat.py", line 287, in apply_entry
    result = self.apply_async(entry, producer=producer, advance=False)
  File "/Users/b.vance/Coding Projects/daily_words_project/daily_words_backend/.venv/lib/python3.9/site-packages/celery/beat.py", line 412, in apply_async
    reraise(SchedulingError, SchedulingError(
  File "/Users/b.vance/Coding Projects/daily_words_project/daily_words_backend/.venv/lib/python3.9/site-packages/celery/exceptions.py", line 108, in reraise
    raise value.with_traceback(tb)
  File "/Users/b.vance/Coding Projects/daily_words_project/daily_words_backend/.venv/lib/python3.9/site-packages/celery/beat.py", line 404, in apply_async
    return task.apply_async(entry_args, entry_kwargs,
  File "/Users/b.vance/Coding Projects/daily_words_project/daily_words_backend/.venv/lib/python3.9/site-packages/celery/app/task.py", line 540, in apply_async
    check_arguments(*(args or ()), **(kwargs or {}))
celery.beat.SchedulingError: Couldn't apply scheduled task print-msg: print_message() missing 1 required positional argument: 'message'
[2022-09-09 18:09:51,141: INFO/MainProcess] Scheduler: Sending due task send-daily-words-test (send_daily_words_test)
[2022-09-09 18:09:56,141: INFO/MainProcess] Scheduler: Sending due task send-daily-words-test (send_daily_words_test)
[2022-09-09 18:10:01,117: INFO/MainProcess] Scheduler: Sending due task print-msg (print_msg_main)
[2022-09-09 18:10:01,118: ERROR/MainProcess] Message Error: Couldn't apply scheduled task print-msg: print_message() missing 1 required positional argument: 'message'
['  File "/Users/b.vance/Coding Projects/daily_words_project/daily_words_backend/.venv/bin/celery", line 10, in <module>\n    sys.exit(main())\n', '  File "/Users/b.vance/Coding Projects/daily_words_project/daily_words_backend/.venv/lib/python3.9/site-packages/celery/__main__.py", line 15, in main\n    sys.exit(_main())\n', '  File "/Users/b.vance/Coding Projects/daily_words_project/daily_words_backend/.venv/lib/python3.9/site-packages/celery/bin/celery.py", line 217, in main\n    return celery(auto_envvar_prefix="CELERY")\n', '  File "/Users/b.vance/Coding Projects/daily_words_project/daily_words_backend/.venv/lib/python3.9/site-packages/click/core.py", line 1130, in __call__\n    return self.main(*args, **kwargs)\n', '  File "/Users/b.vance/Coding Projects/daily_words_project/daily_words_backend/.venv/lib/python3.9/site-packages/click/core.py", line 1055, in main\n    rv = self.invoke(ctx)\n', '  File "/Users/b.vance/Coding Projects/daily_words_project/daily_words_backend/.venv/lib/python3.9/site-packages/click/core.py", line 1657, in invoke\n    return _process_result(sub_ctx.command.invoke(sub_ctx))\n', '  File "/Users/b.vance/Coding Projects/daily_words_project/daily_words_backend/.venv/lib/python3.9/site-packages/click/core.py", line 1404, in invoke\n    return ctx.invoke(self.callback, **ctx.params)\n', '  File "/Users/b.vance/Coding Projects/daily_words_project/daily_words_backend/.venv/lib/python3.9/site-packages/click/core.py", line 760, in invoke\n    return __callback(*args, **kwargs)\n', '  File "/Users/b.vance/Coding Projects/daily_words_project/daily_words_backend/.venv/lib/python3.9/site-packages/click/decorators.py", line 26, in new_func\n    return f(get_current_context(), *args, **kwargs)\n', '  File "/Users/b.vance/Coding Projects/daily_words_project/daily_words_backend/.venv/lib/python3.9/site-packages/celery/bin/base.py", line 134, in caller\n    return f(ctx, *args, **kwargs)\n', '  File "/Users/b.vance/Coding Projects/daily_words_project/daily_words_backend/.venv/lib/python3.9/site-packages/celery/bin/beat.py", line 70, in beat\n    return beat().run()\n', '  File "/Users/b.vance/Coding Projects/daily_words_project/daily_words_backend/.venv/lib/python3.9/site-packages/celery/apps/beat.py", line 77, in run\n    self.start_scheduler()\n', '  File "/Users/b.vance/Coding Projects/daily_words_project/daily_words_backend/.venv/lib/python3.9/site-packages/celery/apps/beat.py", line 105, in start_scheduler\n    service.start()\n', '  File "/Users/b.vance/Coding Projects/daily_words_project/daily_words_backend/.venv/lib/python3.9/site-packages/celery/beat.py", line 645, in start\n    interval = self.scheduler.tick()\n', '  File "/Users/b.vance/Coding Projects/daily_words_project/daily_words_backend/.venv/lib/python3.9/site-packages/celery/beat.py", line 357, in tick\n    self.apply_entry(entry, producer=self.producer)\n', '  File "/Users/b.vance/Coding Projects/daily_words_project/daily_words_backend/.venv/lib/python3.9/site-packages/celery/beat.py", line 290, in apply_entry\n    exc, traceback.format_stack(), exc_info=True)\n']
Traceback (most recent call last):
  File "/Users/b.vance/Coding Projects/daily_words_project/daily_words_backend/.venv/lib/python3.9/site-packages/celery/beat.py", line 404, in apply_async
    return task.apply_async(entry_args, entry_kwargs,
  File "/Users/b.vance/Coding Projects/daily_words_project/daily_words_backend/.venv/lib/python3.9/site-packages/celery/app/task.py", line 540, in apply_async
    check_arguments(*(args or ()), **(kwargs or {}))
TypeError: print_message() missing 1 required positional argument: 'message'

During handling of the above exception, another exception occurred:

Traceback (most recent call last):
  File "/Users/b.vance/Coding Projects/daily_words_project/daily_words_backend/.venv/lib/python3.9/site-packages/celery/beat.py", line 287, in apply_entry
    result = self.apply_async(entry, producer=producer, advance=False)
  File "/Users/b.vance/Coding Projects/daily_words_project/daily_words_backend/.venv/lib/python3.9/site-packages/celery/beat.py", line 412, in apply_async
    reraise(SchedulingError, SchedulingError(
  File "/Users/b.vance/Coding Projects/daily_words_project/daily_words_backend/.venv/lib/python3.9/site-packages/celery/exceptions.py", line 108, in reraise
    raise value.with_traceback(tb)
  File "/Users/b.vance/Coding Projects/daily_words_project/daily_words_backend/.venv/lib/python3.9/site-packages/celery/beat.py", line 404, in apply_async
    return task.apply_async(entry_args, entry_kwargs,
  File "/Users/b.vance/Coding Projects/daily_words_project/daily_words_backend/.venv/lib/python3.9/site-packages/celery/app/task.py", line 540, in apply_async
    check_arguments(*(args or ()), **(kwargs or {}))
celery.beat.SchedulingError: Couldn't apply scheduled task print-msg: print_message() missing 1 required positional argument: 'message'
[2022-09-09 18:10:01,141: INFO/MainProcess] Scheduler: Sending due task send-daily-words-test (send_daily_words_test)
[2022-09-09 18:10:06,141: INFO/MainProcess] Scheduler: Sending due task send-daily-words-test (send_daily_words_test)
[2022-09-09 18:10:11,117: INFO/MainProcess] Scheduler: Sending due task print-msg (print_msg_main)
[2022-09-09 18:10:11,120: ERROR/MainProcess] Message Error: Couldn't apply scheduled task print-msg: print_message() missing 1 required positional argument: 'message'
['  File "/Users/b.vance/Coding Projects/daily_words_project/daily_words_backend/.venv/bin/celery", line 10, in <module>\n    sys.exit(main())\n', '  File "/Users/b.vance/Coding Projects/daily_words_project/daily_words_backend/.venv/lib/python3.9/site-packages/celery/__main__.py", line 15, in main\n    sys.exit(_main())\n', '  File "/Users/b.vance/Coding Projects/daily_words_project/daily_words_backend/.venv/lib/python3.9/site-packages/celery/bin/celery.py", line 217, in main\n    return celery(auto_envvar_prefix="CELERY")\n', '  File "/Users/b.vance/Coding Projects/daily_words_project/daily_words_backend/.venv/lib/python3.9/site-packages/click/core.py", line 1130, in __call__\n    return self.main(*args, **kwargs)\n', '  File "/Users/b.vance/Coding Projects/daily_words_project/daily_words_backend/.venv/lib/python3.9/site-packages/click/core.py", line 1055, in main\n    rv = self.invoke(ctx)\n', '  File "/Users/b.vance/Coding Projects/daily_words_project/daily_words_backend/.venv/lib/python3.9/site-packages/click/core.py", line 1657, in invoke\n    return _process_result(sub_ctx.command.invoke(sub_ctx))\n', '  File "/Users/b.vance/Coding Projects/daily_words_project/daily_words_backend/.venv/lib/python3.9/site-packages/click/core.py", line 1404, in invoke\n    return ctx.invoke(self.callback, **ctx.params)\n', '  File "/Users/b.vance/Coding Projects/daily_words_project/daily_words_backend/.venv/lib/python3.9/site-packages/click/core.py", line 760, in invoke\n    return __callback(*args, **kwargs)\n', '  File "/Users/b.vance/Coding Projects/daily_words_project/daily_words_backend/.venv/lib/python3.9/site-packages/click/decorators.py", line 26, in new_func\n    return f(get_current_context(), *args, **kwargs)\n', '  File "/Users/b.vance/Coding Projects/daily_words_project/daily_words_backend/.venv/lib/python3.9/site-packages/celery/bin/base.py", line 134, in caller\n    return f(ctx, *args, **kwargs)\n', '  File "/Users/b.vance/Coding Projects/daily_words_project/daily_words_backend/.venv/lib/python3.9/site-packages/celery/bin/beat.py", line 70, in beat\n    return beat().run()\n', '  File "/Users/b.vance/Coding Projects/daily_words_project/daily_words_backend/.venv/lib/python3.9/site-packages/celery/apps/beat.py", line 77, in run\n    self.start_scheduler()\n', '  File "/Users/b.vance/Coding Projects/daily_words_project/daily_words_backend/.venv/lib/python3.9/site-packages/celery/apps/beat.py", line 105, in start_scheduler\n    service.start()\n', '  File "/Users/b.vance/Coding Projects/daily_words_project/daily_words_backend/.venv/lib/python3.9/site-packages/celery/beat.py", line 645, in start\n    interval = self.scheduler.tick()\n', '  File "/Users/b.vance/Coding Projects/daily_words_project/daily_words_backend/.venv/lib/python3.9/site-packages/celery/beat.py", line 357, in tick\n    self.apply_entry(entry, producer=self.producer)\n', '  File "/Users/b.vance/Coding Projects/daily_words_project/daily_words_backend/.venv/lib/python3.9/site-packages/celery/beat.py", line 290, in apply_entry\n    exc, traceback.format_stack(), exc_info=True)\n']
Traceback (most recent call last):
  File "/Users/b.vance/Coding Projects/daily_words_project/daily_words_backend/.venv/lib/python3.9/site-packages/celery/beat.py", line 404, in apply_async
    return task.apply_async(entry_args, entry_kwargs,
  File "/Users/b.vance/Coding Projects/daily_words_project/daily_words_backend/.venv/lib/python3.9/site-packages/celery/app/task.py", line 540, in apply_async
    check_arguments(*(args or ()), **(kwargs or {}))
TypeError: print_message() missing 1 required positional argument: 'message'

During handling of the above exception, another exception occurred:

Traceback (most recent call last):
  File "/Users/b.vance/Coding Projects/daily_words_project/daily_words_backend/.venv/lib/python3.9/site-packages/celery/beat.py", line 287, in apply_entry
    result = self.apply_async(entry, producer=producer, advance=False)
  File "/Users/b.vance/Coding Projects/daily_words_project/daily_words_backend/.venv/lib/python3.9/site-packages/celery/beat.py", line 412, in apply_async
    reraise(SchedulingError, SchedulingError(
  File "/Users/b.vance/Coding Projects/daily_words_project/daily_words_backend/.venv/lib/python3.9/site-packages/celery/exceptions.py", line 108, in reraise
    raise value.with_traceback(tb)
  File "/Users/b.vance/Coding Projects/daily_words_project/daily_words_backend/.venv/lib/python3.9/site-packages/celery/beat.py", line 404, in apply_async
    return task.apply_async(entry_args, entry_kwargs,
  File "/Users/b.vance/Coding Projects/daily_words_project/daily_words_backend/.venv/lib/python3.9/site-packages/celery/app/task.py", line 540, in apply_async
    check_arguments(*(args or ()), **(kwargs or {}))
celery.beat.SchedulingError: Couldn't apply scheduled task print-msg: print_message() missing 1 required positional argument: 'message'
[2022-09-09 18:10:11,141: INFO/MainProcess] Scheduler: Sending due task send-daily-words-test (send_daily_words_test)
[2022-09-09 18:10:16,141: INFO/MainProcess] Scheduler: Sending due task send-daily-words-test (send_daily_words_test)
[2022-09-09 18:10:21,117: INFO/MainProcess] Scheduler: Sending due task print-msg (print_msg_main)
[2022-09-09 18:10:21,118: ERROR/MainProcess] Message Error: Couldn't apply scheduled task print-msg: print_message() missing 1 required positional argument: 'message'
['  File "/Users/b.vance/Coding Projects/daily_words_project/daily_words_backend/.venv/bin/celery", line 10, in <module>\n    sys.exit(main())\n', '  File "/Users/b.vance/Coding Projects/daily_words_project/daily_words_backend/.venv/lib/python3.9/site-packages/celery/__main__.py", line 15, in main\n    sys.exit(_main())\n', '  File "/Users/b.vance/Coding Projects/daily_words_project/daily_words_backend/.venv/lib/python3.9/site-packages/celery/bin/celery.py", line 217, in main\n    return celery(auto_envvar_prefix="CELERY")\n', '  File "/Users/b.vance/Coding Projects/daily_words_project/daily_words_backend/.venv/lib/python3.9/site-packages/click/core.py", line 1130, in __call__\n    return self.main(*args, **kwargs)\n', '  File "/Users/b.vance/Coding Projects/daily_words_project/daily_words_backend/.venv/lib/python3.9/site-packages/click/core.py", line 1055, in main\n    rv = self.invoke(ctx)\n', '  File "/Users/b.vance/Coding Projects/daily_words_project/daily_words_backend/.venv/lib/python3.9/site-packages/click/core.py", line 1657, in invoke\n    return _process_result(sub_ctx.command.invoke(sub_ctx))\n', '  File "/Users/b.vance/Coding Projects/daily_words_project/daily_words_backend/.venv/lib/python3.9/site-packages/click/core.py", line 1404, in invoke\n    return ctx.invoke(self.callback, **ctx.params)\n', '  File "/Users/b.vance/Coding Projects/daily_words_project/daily_words_backend/.venv/lib/python3.9/site-packages/click/core.py", line 760, in invoke\n    return __callback(*args, **kwargs)\n', '  File "/Users/b.vance/Coding Projects/daily_words_project/daily_words_backend/.venv/lib/python3.9/site-packages/click/decorators.py", line 26, in new_func\n    return f(get_current_context(), *args, **kwargs)\n', '  File "/Users/b.vance/Coding Projects/daily_words_project/daily_words_backend/.venv/lib/python3.9/site-packages/celery/bin/base.py", line 134, in caller\n    return f(ctx, *args, **kwargs)\n', '  File "/Users/b.vance/Coding Projects/daily_words_project/daily_words_backend/.venv/lib/python3.9/site-packages/celery/bin/beat.py", line 70, in beat\n    return beat().run()\n', '  File "/Users/b.vance/Coding Projects/daily_words_project/daily_words_backend/.venv/lib/python3.9/site-packages/celery/apps/beat.py", line 77, in run\n    self.start_scheduler()\n', '  File "/Users/b.vance/Coding Projects/daily_words_project/daily_words_backend/.venv/lib/python3.9/site-packages/celery/apps/beat.py", line 105, in start_scheduler\n    service.start()\n', '  File "/Users/b.vance/Coding Projects/daily_words_project/daily_words_backend/.venv/lib/python3.9/site-packages/celery/beat.py", line 645, in start\n    interval = self.scheduler.tick()\n', '  File "/Users/b.vance/Coding Projects/daily_words_project/daily_words_backend/.venv/lib/python3.9/site-packages/celery/beat.py", line 357, in tick\n    self.apply_entry(entry, producer=self.producer)\n', '  File "/Users/b.vance/Coding Projects/daily_words_project/daily_words_backend/.venv/lib/python3.9/site-packages/celery/beat.py", line 290, in apply_entry\n    exc, traceback.format_stack(), exc_info=True)\n']
Traceback (most recent call last):
  File "/Users/b.vance/Coding Projects/daily_words_project/daily_words_backend/.venv/lib/python3.9/site-packages/celery/beat.py", line 404, in apply_async
    return task.apply_async(entry_args, entry_kwargs,
  File "/Users/b.vance/Coding Projects/daily_words_project/daily_words_backend/.venv/lib/python3.9/site-packages/celery/app/task.py", line 540, in apply_async
    check_arguments(*(args or ()), **(kwargs or {}))
TypeError: print_message() missing 1 required positional argument: 'message'

During handling of the above exception, another exception occurred:

Traceback (most recent call last):
  File "/Users/b.vance/Coding Projects/daily_words_project/daily_words_backend/.venv/lib/python3.9/site-packages/celery/beat.py", line 287, in apply_entry
    result = self.apply_async(entry, producer=producer, advance=False)
  File "/Users/b.vance/Coding Projects/daily_words_project/daily_words_backend/.venv/lib/python3.9/site-packages/celery/beat.py", line 412, in apply_async
    reraise(SchedulingError, SchedulingError(
  File "/Users/b.vance/Coding Projects/daily_words_project/daily_words_backend/.venv/lib/python3.9/site-packages/celery/exceptions.py", line 108, in reraise
    raise value.with_traceback(tb)
  File "/Users/b.vance/Coding Projects/daily_words_project/daily_words_backend/.venv/lib/python3.9/site-packages/celery/beat.py", line 404, in apply_async
    return task.apply_async(entry_args, entry_kwargs,
  File "/Users/b.vance/Coding Projects/daily_words_project/daily_words_backend/.venv/lib/python3.9/site-packages/celery/app/task.py", line 540, in apply_async
    check_arguments(*(args or ()), **(kwargs or {}))
celery.beat.SchedulingError: Couldn't apply scheduled task print-msg: print_message() missing 1 required positional argument: 'message'
[2022-09-09 18:10:21,141: INFO/MainProcess] Scheduler: Sending due task send-daily-words-test (send_daily_words_test)
[2022-09-09 18:10:26,141: INFO/MainProcess] Scheduler: Sending due task send-daily-words-test (send_daily_words_test)
[2022-09-09 18:10:31,117: INFO/MainProcess] Scheduler: Sending due task print-msg (print_msg_main)
[2022-09-09 18:10:31,119: ERROR/MainProcess] Message Error: Couldn't apply scheduled task print-msg: print_message() missing 1 required positional argument: 'message'
['  File "/Users/b.vance/Coding Projects/daily_words_project/daily_words_backend/.venv/bin/celery", line 10, in <module>\n    sys.exit(main())\n', '  File "/Users/b.vance/Coding Projects/daily_words_project/daily_words_backend/.venv/lib/python3.9/site-packages/celery/__main__.py", line 15, in main\n    sys.exit(_main())\n', '  File "/Users/b.vance/Coding Projects/daily_words_project/daily_words_backend/.venv/lib/python3.9/site-packages/celery/bin/celery.py", line 217, in main\n    return celery(auto_envvar_prefix="CELERY")\n', '  File "/Users/b.vance/Coding Projects/daily_words_project/daily_words_backend/.venv/lib/python3.9/site-packages/click/core.py", line 1130, in __call__\n    return self.main(*args, **kwargs)\n', '  File "/Users/b.vance/Coding Projects/daily_words_project/daily_words_backend/.venv/lib/python3.9/site-packages/click/core.py", line 1055, in main\n    rv = self.invoke(ctx)\n', '  File "/Users/b.vance/Coding Projects/daily_words_project/daily_words_backend/.venv/lib/python3.9/site-packages/click/core.py", line 1657, in invoke\n    return _process_result(sub_ctx.command.invoke(sub_ctx))\n', '  File "/Users/b.vance/Coding Projects/daily_words_project/daily_words_backend/.venv/lib/python3.9/site-packages/click/core.py", line 1404, in invoke\n    return ctx.invoke(self.callback, **ctx.params)\n', '  File "/Users/b.vance/Coding Projects/daily_words_project/daily_words_backend/.venv/lib/python3.9/site-packages/click/core.py", line 760, in invoke\n    return __callback(*args, **kwargs)\n', '  File "/Users/b.vance/Coding Projects/daily_words_project/daily_words_backend/.venv/lib/python3.9/site-packages/click/decorators.py", line 26, in new_func\n    return f(get_current_context(), *args, **kwargs)\n', '  File "/Users/b.vance/Coding Projects/daily_words_project/daily_words_backend/.venv/lib/python3.9/site-packages/celery/bin/base.py", line 134, in caller\n    return f(ctx, *args, **kwargs)\n', '  File "/Users/b.vance/Coding Projects/daily_words_project/daily_words_backend/.venv/lib/python3.9/site-packages/celery/bin/beat.py", line 70, in beat\n    return beat().run()\n', '  File "/Users/b.vance/Coding Projects/daily_words_project/daily_words_backend/.venv/lib/python3.9/site-packages/celery/apps/beat.py", line 77, in run\n    self.start_scheduler()\n', '  File "/Users/b.vance/Coding Projects/daily_words_project/daily_words_backend/.venv/lib/python3.9/site-packages/celery/apps/beat.py", line 105, in start_scheduler\n    service.start()\n', '  File "/Users/b.vance/Coding Projects/daily_words_project/daily_words_backend/.venv/lib/python3.9/site-packages/celery/beat.py", line 645, in start\n    interval = self.scheduler.tick()\n', '  File "/Users/b.vance/Coding Projects/daily_words_project/daily_words_backend/.venv/lib/python3.9/site-packages/celery/beat.py", line 357, in tick\n    self.apply_entry(entry, producer=self.producer)\n', '  File "/Users/b.vance/Coding Projects/daily_words_project/daily_words_backend/.venv/lib/python3.9/site-packages/celery/beat.py", line 290, in apply_entry\n    exc, traceback.format_stack(), exc_info=True)\n']
Traceback (most recent call last):
  File "/Users/b.vance/Coding Projects/daily_words_project/daily_words_backend/.venv/lib/python3.9/site-packages/celery/beat.py", line 404, in apply_async
    return task.apply_async(entry_args, entry_kwargs,
  File "/Users/b.vance/Coding Projects/daily_words_project/daily_words_backend/.venv/lib/python3.9/site-packages/celery/app/task.py", line 540, in apply_async
    check_arguments(*(args or ()), **(kwargs or {}))
TypeError: print_message() missing 1 required positional argument: 'message'

During handling of the above exception, another exception occurred:

Traceback (most recent call last):
  File "/Users/b.vance/Coding Projects/daily_words_project/daily_words_backend/.venv/lib/python3.9/site-packages/celery/beat.py", line 287, in apply_entry
    result = self.apply_async(entry, producer=producer, advance=False)
  File "/Users/b.vance/Coding Projects/daily_words_project/daily_words_backend/.venv/lib/python3.9/site-packages/celery/beat.py", line 412, in apply_async
    reraise(SchedulingError, SchedulingError(
  File "/Users/b.vance/Coding Projects/daily_words_project/daily_words_backend/.venv/lib/python3.9/site-packages/celery/exceptions.py", line 108, in reraise
    raise value.with_traceback(tb)
  File "/Users/b.vance/Coding Projects/daily_words_project/daily_words_backend/.venv/lib/python3.9/site-packages/celery/beat.py", line 404, in apply_async
    return task.apply_async(entry_args, entry_kwargs,
  File "/Users/b.vance/Coding Projects/daily_words_project/daily_words_backend/.venv/lib/python3.9/site-packages/celery/app/task.py", line 540, in apply_async
    check_arguments(*(args or ()), **(kwargs or {}))
celery.beat.SchedulingError: Couldn't apply scheduled task print-msg: print_message() missing 1 required positional argument: 'message'
[2022-09-09 18:10:31,141: INFO/MainProcess] Scheduler: Sending due task send-daily-words-test (send_daily_words_test)
[2022-09-09 18:10:36,142: INFO/MainProcess] Scheduler: Sending due task send-daily-words-test (send_daily_words_test)
[2022-09-09 18:10:41,117: INFO/MainProcess] Scheduler: Sending due task print-msg (print_msg_main)
[2022-09-09 18:10:41,119: ERROR/MainProcess] Message Error: Couldn't apply scheduled task print-msg: print_message() missing 1 required positional argument: 'message'
['  File "/Users/b.vance/Coding Projects/daily_words_project/daily_words_backend/.venv/bin/celery", line 10, in <module>\n    sys.exit(main())\n', '  File "/Users/b.vance/Coding Projects/daily_words_project/daily_words_backend/.venv/lib/python3.9/site-packages/celery/__main__.py", line 15, in main\n    sys.exit(_main())\n', '  File "/Users/b.vance/Coding Projects/daily_words_project/daily_words_backend/.venv/lib/python3.9/site-packages/celery/bin/celery.py", line 217, in main\n    return celery(auto_envvar_prefix="CELERY")\n', '  File "/Users/b.vance/Coding Projects/daily_words_project/daily_words_backend/.venv/lib/python3.9/site-packages/click/core.py", line 1130, in __call__\n    return self.main(*args, **kwargs)\n', '  File "/Users/b.vance/Coding Projects/daily_words_project/daily_words_backend/.venv/lib/python3.9/site-packages/click/core.py", line 1055, in main\n    rv = self.invoke(ctx)\n', '  File "/Users/b.vance/Coding Projects/daily_words_project/daily_words_backend/.venv/lib/python3.9/site-packages/click/core.py", line 1657, in invoke\n    return _process_result(sub_ctx.command.invoke(sub_ctx))\n', '  File "/Users/b.vance/Coding Projects/daily_words_project/daily_words_backend/.venv/lib/python3.9/site-packages/click/core.py", line 1404, in invoke\n    return ctx.invoke(self.callback, **ctx.params)\n', '  File "/Users/b.vance/Coding Projects/daily_words_project/daily_words_backend/.venv/lib/python3.9/site-packages/click/core.py", line 760, in invoke\n    return __callback(*args, **kwargs)\n', '  File "/Users/b.vance/Coding Projects/daily_words_project/daily_words_backend/.venv/lib/python3.9/site-packages/click/decorators.py", line 26, in new_func\n    return f(get_current_context(), *args, **kwargs)\n', '  File "/Users/b.vance/Coding Projects/daily_words_project/daily_words_backend/.venv/lib/python3.9/site-packages/celery/bin/base.py", line 134, in caller\n    return f(ctx, *args, **kwargs)\n', '  File "/Users/b.vance/Coding Projects/daily_words_project/daily_words_backend/.venv/lib/python3.9/site-packages/celery/bin/beat.py", line 70, in beat\n    return beat().run()\n', '  File "/Users/b.vance/Coding Projects/daily_words_project/daily_words_backend/.venv/lib/python3.9/site-packages/celery/apps/beat.py", line 77, in run\n    self.start_scheduler()\n', '  File "/Users/b.vance/Coding Projects/daily_words_project/daily_words_backend/.venv/lib/python3.9/site-packages/celery/apps/beat.py", line 105, in start_scheduler\n    service.start()\n', '  File "/Users/b.vance/Coding Projects/daily_words_project/daily_words_backend/.venv/lib/python3.9/site-packages/celery/beat.py", line 645, in start\n    interval = self.scheduler.tick()\n', '  File "/Users/b.vance/Coding Projects/daily_words_project/daily_words_backend/.venv/lib/python3.9/site-packages/celery/beat.py", line 357, in tick\n    self.apply_entry(entry, producer=self.producer)\n', '  File "/Users/b.vance/Coding Projects/daily_words_project/daily_words_backend/.venv/lib/python3.9/site-packages/celery/beat.py", line 290, in apply_entry\n    exc, traceback.format_stack(), exc_info=True)\n']
Traceback (most recent call last):
  File "/Users/b.vance/Coding Projects/daily_words_project/daily_words_backend/.venv/lib/python3.9/site-packages/celery/beat.py", line 404, in apply_async
    return task.apply_async(entry_args, entry_kwargs,
  File "/Users/b.vance/Coding Projects/daily_words_project/daily_words_backend/.venv/lib/python3.9/site-packages/celery/app/task.py", line 540, in apply_async
    check_arguments(*(args or ()), **(kwargs or {}))
TypeError: print_message() missing 1 required positional argument: 'message'

During handling of the above exception, another exception occurred:

Traceback (most recent call last):
  File "/Users/b.vance/Coding Projects/daily_words_project/daily_words_backend/.venv/lib/python3.9/site-packages/celery/beat.py", line 287, in apply_entry
    result = self.apply_async(entry, producer=producer, advance=False)
  File "/Users/b.vance/Coding Projects/daily_words_project/daily_words_backend/.venv/lib/python3.9/site-packages/celery/beat.py", line 412, in apply_async
    reraise(SchedulingError, SchedulingError(
  File "/Users/b.vance/Coding Projects/daily_words_project/daily_words_backend/.venv/lib/python3.9/site-packages/celery/exceptions.py", line 108, in reraise
    raise value.with_traceback(tb)
  File "/Users/b.vance/Coding Projects/daily_words_project/daily_words_backend/.venv/lib/python3.9/site-packages/celery/beat.py", line 404, in apply_async
    return task.apply_async(entry_args, entry_kwargs,
  File "/Users/b.vance/Coding Projects/daily_words_project/daily_words_backend/.venv/lib/python3.9/site-packages/celery/app/task.py", line 540, in apply_async
    check_arguments(*(args or ()), **(kwargs or {}))
celery.beat.SchedulingError: Couldn't apply scheduled task print-msg: print_message() missing 1 required positional argument: 'message'
[2022-09-09 18:10:41,142: INFO/MainProcess] Scheduler: Sending due task send-daily-words-test (send_daily_words_test)
[2022-09-09 18:10:46,142: INFO/MainProcess] Scheduler: Sending due task send-daily-words-test (send_daily_words_test)
[2022-09-09 18:10:51,117: INFO/MainProcess] Scheduler: Sending due task print-msg (print_msg_main)
[2022-09-09 18:10:51,119: ERROR/MainProcess] Message Error: Couldn't apply scheduled task print-msg: print_message() missing 1 required positional argument: 'message'
['  File "/Users/b.vance/Coding Projects/daily_words_project/daily_words_backend/.venv/bin/celery", line 10, in <module>\n    sys.exit(main())\n', '  File "/Users/b.vance/Coding Projects/daily_words_project/daily_words_backend/.venv/lib/python3.9/site-packages/celery/__main__.py", line 15, in main\n    sys.exit(_main())\n', '  File "/Users/b.vance/Coding Projects/daily_words_project/daily_words_backend/.venv/lib/python3.9/site-packages/celery/bin/celery.py", line 217, in main\n    return celery(auto_envvar_prefix="CELERY")\n', '  File "/Users/b.vance/Coding Projects/daily_words_project/daily_words_backend/.venv/lib/python3.9/site-packages/click/core.py", line 1130, in __call__\n    return self.main(*args, **kwargs)\n', '  File "/Users/b.vance/Coding Projects/daily_words_project/daily_words_backend/.venv/lib/python3.9/site-packages/click/core.py", line 1055, in main\n    rv = self.invoke(ctx)\n', '  File "/Users/b.vance/Coding Projects/daily_words_project/daily_words_backend/.venv/lib/python3.9/site-packages/click/core.py", line 1657, in invoke\n    return _process_result(sub_ctx.command.invoke(sub_ctx))\n', '  File "/Users/b.vance/Coding Projects/daily_words_project/daily_words_backend/.venv/lib/python3.9/site-packages/click/core.py", line 1404, in invoke\n    return ctx.invoke(self.callback, **ctx.params)\n', '  File "/Users/b.vance/Coding Projects/daily_words_project/daily_words_backend/.venv/lib/python3.9/site-packages/click/core.py", line 760, in invoke\n    return __callback(*args, **kwargs)\n', '  File "/Users/b.vance/Coding Projects/daily_words_project/daily_words_backend/.venv/lib/python3.9/site-packages/click/decorators.py", line 26, in new_func\n    return f(get_current_context(), *args, **kwargs)\n', '  File "/Users/b.vance/Coding Projects/daily_words_project/daily_words_backend/.venv/lib/python3.9/site-packages/celery/bin/base.py", line 134, in caller\n    return f(ctx, *args, **kwargs)\n', '  File "/Users/b.vance/Coding Projects/daily_words_project/daily_words_backend/.venv/lib/python3.9/site-packages/celery/bin/beat.py", line 70, in beat\n    return beat().run()\n', '  File "/Users/b.vance/Coding Projects/daily_words_project/daily_words_backend/.venv/lib/python3.9/site-packages/celery/apps/beat.py", line 77, in run\n    self.start_scheduler()\n', '  File "/Users/b.vance/Coding Projects/daily_words_project/daily_words_backend/.venv/lib/python3.9/site-packages/celery/apps/beat.py", line 105, in start_scheduler\n    service.start()\n', '  File "/Users/b.vance/Coding Projects/daily_words_project/daily_words_backend/.venv/lib/python3.9/site-packages/celery/beat.py", line 645, in start\n    interval = self.scheduler.tick()\n', '  File "/Users/b.vance/Coding Projects/daily_words_project/daily_words_backend/.venv/lib/python3.9/site-packages/celery/beat.py", line 357, in tick\n    self.apply_entry(entry, producer=self.producer)\n', '  File "/Users/b.vance/Coding Projects/daily_words_project/daily_words_backend/.venv/lib/python3.9/site-packages/celery/beat.py", line 290, in apply_entry\n    exc, traceback.format_stack(), exc_info=True)\n']
Traceback (most recent call last):
  File "/Users/b.vance/Coding Projects/daily_words_project/daily_words_backend/.venv/lib/python3.9/site-packages/celery/beat.py", line 404, in apply_async
    return task.apply_async(entry_args, entry_kwargs,
  File "/Users/b.vance/Coding Projects/daily_words_project/daily_words_backend/.venv/lib/python3.9/site-packages/celery/app/task.py", line 540, in apply_async
    check_arguments(*(args or ()), **(kwargs or {}))
TypeError: print_message() missing 1 required positional argument: 'message'

During handling of the above exception, another exception occurred:

Traceback (most recent call last):
  File "/Users/b.vance/Coding Projects/daily_words_project/daily_words_backend/.venv/lib/python3.9/site-packages/celery/beat.py", line 287, in apply_entry
    result = self.apply_async(entry, producer=producer, advance=False)
  File "/Users/b.vance/Coding Projects/daily_words_project/daily_words_backend/.venv/lib/python3.9/site-packages/celery/beat.py", line 412, in apply_async
    reraise(SchedulingError, SchedulingError(
  File "/Users/b.vance/Coding Projects/daily_words_project/daily_words_backend/.venv/lib/python3.9/site-packages/celery/exceptions.py", line 108, in reraise
    raise value.with_traceback(tb)
  File "/Users/b.vance/Coding Projects/daily_words_project/daily_words_backend/.venv/lib/python3.9/site-packages/celery/beat.py", line 404, in apply_async
    return task.apply_async(entry_args, entry_kwargs,
  File "/Users/b.vance/Coding Projects/daily_words_project/daily_words_backend/.venv/lib/python3.9/site-packages/celery/app/task.py", line 540, in apply_async
    check_arguments(*(args or ()), **(kwargs or {}))
celery.beat.SchedulingError: Couldn't apply scheduled task print-msg: print_message() missing 1 required positional argument: 'message'
[2022-09-09 18:10:51,142: INFO/MainProcess] Scheduler: Sending due task send-daily-words-test (send_daily_words_test)
[2022-09-09 18:10:56,142: INFO/MainProcess] Scheduler: Sending due task send-daily-words-test (send_daily_words_test)
[2022-09-09 18:10:57,069: INFO/MainProcess] beat: Starting...
[2022-09-09 18:11:01,117: INFO/MainProcess] Scheduler: Sending due task print-msg (print_msg_main)
[2022-09-09 18:11:01,118: ERROR/MainProcess] Message Error: Couldn't apply scheduled task print-msg: print_message() missing 1 required positional argument: 'message'
['  File "/Users/b.vance/Coding Projects/daily_words_project/daily_words_backend/.venv/bin/celery", line 10, in <module>\n    sys.exit(main())\n', '  File "/Users/b.vance/Coding Projects/daily_words_project/daily_words_backend/.venv/lib/python3.9/site-packages/celery/__main__.py", line 15, in main\n    sys.exit(_main())\n', '  File "/Users/b.vance/Coding Projects/daily_words_project/daily_words_backend/.venv/lib/python3.9/site-packages/celery/bin/celery.py", line 217, in main\n    return celery(auto_envvar_prefix="CELERY")\n', '  File "/Users/b.vance/Coding Projects/daily_words_project/daily_words_backend/.venv/lib/python3.9/site-packages/click/core.py", line 1130, in __call__\n    return self.main(*args, **kwargs)\n', '  File "/Users/b.vance/Coding Projects/daily_words_project/daily_words_backend/.venv/lib/python3.9/site-packages/click/core.py", line 1055, in main\n    rv = self.invoke(ctx)\n', '  File "/Users/b.vance/Coding Projects/daily_words_project/daily_words_backend/.venv/lib/python3.9/site-packages/click/core.py", line 1657, in invoke\n    return _process_result(sub_ctx.command.invoke(sub_ctx))\n', '  File "/Users/b.vance/Coding Projects/daily_words_project/daily_words_backend/.venv/lib/python3.9/site-packages/click/core.py", line 1404, in invoke\n    return ctx.invoke(self.callback, **ctx.params)\n', '  File "/Users/b.vance/Coding Projects/daily_words_project/daily_words_backend/.venv/lib/python3.9/site-packages/click/core.py", line 760, in invoke\n    return __callback(*args, **kwargs)\n', '  File "/Users/b.vance/Coding Projects/daily_words_project/daily_words_backend/.venv/lib/python3.9/site-packages/click/decorators.py", line 26, in new_func\n    return f(get_current_context(), *args, **kwargs)\n', '  File "/Users/b.vance/Coding Projects/daily_words_project/daily_words_backend/.venv/lib/python3.9/site-packages/celery/bin/base.py", line 134, in caller\n    return f(ctx, *args, **kwargs)\n', '  File "/Users/b.vance/Coding Projects/daily_words_project/daily_words_backend/.venv/lib/python3.9/site-packages/celery/bin/beat.py", line 70, in beat\n    return beat().run()\n', '  File "/Users/b.vance/Coding Projects/daily_words_project/daily_words_backend/.venv/lib/python3.9/site-packages/celery/apps/beat.py", line 77, in run\n    self.start_scheduler()\n', '  File "/Users/b.vance/Coding Projects/daily_words_project/daily_words_backend/.venv/lib/python3.9/site-packages/celery/apps/beat.py", line 105, in start_scheduler\n    service.start()\n', '  File "/Users/b.vance/Coding Projects/daily_words_project/daily_words_backend/.venv/lib/python3.9/site-packages/celery/beat.py", line 645, in start\n    interval = self.scheduler.tick()\n', '  File "/Users/b.vance/Coding Projects/daily_words_project/daily_words_backend/.venv/lib/python3.9/site-packages/celery/beat.py", line 357, in tick\n    self.apply_entry(entry, producer=self.producer)\n', '  File "/Users/b.vance/Coding Projects/daily_words_project/daily_words_backend/.venv/lib/python3.9/site-packages/celery/beat.py", line 290, in apply_entry\n    exc, traceback.format_stack(), exc_info=True)\n']
Traceback (most recent call last):
  File "/Users/b.vance/Coding Projects/daily_words_project/daily_words_backend/.venv/lib/python3.9/site-packages/celery/beat.py", line 404, in apply_async
    return task.apply_async(entry_args, entry_kwargs,
  File "/Users/b.vance/Coding Projects/daily_words_project/daily_words_backend/.venv/lib/python3.9/site-packages/celery/app/task.py", line 540, in apply_async
    check_arguments(*(args or ()), **(kwargs or {}))
TypeError: print_message() missing 1 required positional argument: 'message'

During handling of the above exception, another exception occurred:

Traceback (most recent call last):
  File "/Users/b.vance/Coding Projects/daily_words_project/daily_words_backend/.venv/lib/python3.9/site-packages/celery/beat.py", line 287, in apply_entry
    result = self.apply_async(entry, producer=producer, advance=False)
  File "/Users/b.vance/Coding Projects/daily_words_project/daily_words_backend/.venv/lib/python3.9/site-packages/celery/beat.py", line 412, in apply_async
    reraise(SchedulingError, SchedulingError(
  File "/Users/b.vance/Coding Projects/daily_words_project/daily_words_backend/.venv/lib/python3.9/site-packages/celery/exceptions.py", line 108, in reraise
    raise value.with_traceback(tb)
  File "/Users/b.vance/Coding Projects/daily_words_project/daily_words_backend/.venv/lib/python3.9/site-packages/celery/beat.py", line 404, in apply_async
    return task.apply_async(entry_args, entry_kwargs,
  File "/Users/b.vance/Coding Projects/daily_words_project/daily_words_backend/.venv/lib/python3.9/site-packages/celery/app/task.py", line 540, in apply_async
    check_arguments(*(args or ()), **(kwargs or {}))
celery.beat.SchedulingError: Couldn't apply scheduled task print-msg: print_message() missing 1 required positional argument: 'message'
[2022-09-09 18:11:01,142: INFO/MainProcess] Scheduler: Sending due task send-daily-words-test (send_daily_words_test)
[2022-09-09 18:11:02,104: INFO/MainProcess] Scheduler: Sending due task send-daily-words-test (send_daily_words_test)
[2022-09-09 18:11:06,142: INFO/MainProcess] Scheduler: Sending due task send-daily-words-test (send_daily_words_test)
[2022-09-09 18:11:07,097: INFO/MainProcess] Scheduler: Sending due task print-msg (print_msg_main)
[2022-09-09 18:11:07,108: ERROR/MainProcess] Message Error: Couldn't apply scheduled task print-msg: print_message() missing 1 required positional argument: 'message'
['  File "/Users/b.vance/Coding Projects/daily_words_project/daily_words_backend/.venv/bin/celery", line 10, in <module>\n    sys.exit(main())\n', '  File "/Users/b.vance/Coding Projects/daily_words_project/daily_words_backend/.venv/lib/python3.9/site-packages/celery/__main__.py", line 15, in main\n    sys.exit(_main())\n', '  File "/Users/b.vance/Coding Projects/daily_words_project/daily_words_backend/.venv/lib/python3.9/site-packages/celery/bin/celery.py", line 217, in main\n    return celery(auto_envvar_prefix="CELERY")\n', '  File "/Users/b.vance/Coding Projects/daily_words_project/daily_words_backend/.venv/lib/python3.9/site-packages/click/core.py", line 1130, in __call__\n    return self.main(*args, **kwargs)\n', '  File "/Users/b.vance/Coding Projects/daily_words_project/daily_words_backend/.venv/lib/python3.9/site-packages/click/core.py", line 1055, in main\n    rv = self.invoke(ctx)\n', '  File "/Users/b.vance/Coding Projects/daily_words_project/daily_words_backend/.venv/lib/python3.9/site-packages/click/core.py", line 1657, in invoke\n    return _process_result(sub_ctx.command.invoke(sub_ctx))\n', '  File "/Users/b.vance/Coding Projects/daily_words_project/daily_words_backend/.venv/lib/python3.9/site-packages/click/core.py", line 1404, in invoke\n    return ctx.invoke(self.callback, **ctx.params)\n', '  File "/Users/b.vance/Coding Projects/daily_words_project/daily_words_backend/.venv/lib/python3.9/site-packages/click/core.py", line 760, in invoke\n    return __callback(*args, **kwargs)\n', '  File "/Users/b.vance/Coding Projects/daily_words_project/daily_words_backend/.venv/lib/python3.9/site-packages/click/decorators.py", line 26, in new_func\n    return f(get_current_context(), *args, **kwargs)\n', '  File "/Users/b.vance/Coding Projects/daily_words_project/daily_words_backend/.venv/lib/python3.9/site-packages/celery/bin/base.py", line 134, in caller\n    return f(ctx, *args, **kwargs)\n', '  File "/Users/b.vance/Coding Projects/daily_words_project/daily_words_backend/.venv/lib/python3.9/site-packages/celery/bin/beat.py", line 70, in beat\n    return beat().run()\n', '  File "/Users/b.vance/Coding Projects/daily_words_project/daily_words_backend/.venv/lib/python3.9/site-packages/celery/apps/beat.py", line 77, in run\n    self.start_scheduler()\n', '  File "/Users/b.vance/Coding Projects/daily_words_project/daily_words_backend/.venv/lib/python3.9/site-packages/celery/apps/beat.py", line 105, in start_scheduler\n    service.start()\n', '  File "/Users/b.vance/Coding Projects/daily_words_project/daily_words_backend/.venv/lib/python3.9/site-packages/celery/beat.py", line 645, in start\n    interval = self.scheduler.tick()\n', '  File "/Users/b.vance/Coding Projects/daily_words_project/daily_words_backend/.venv/lib/python3.9/site-packages/celery/beat.py", line 357, in tick\n    self.apply_entry(entry, producer=self.producer)\n', '  File "/Users/b.vance/Coding Projects/daily_words_project/daily_words_backend/.venv/lib/python3.9/site-packages/celery/beat.py", line 290, in apply_entry\n    exc, traceback.format_stack(), exc_info=True)\n']
Traceback (most recent call last):
  File "/Users/b.vance/Coding Projects/daily_words_project/daily_words_backend/.venv/lib/python3.9/site-packages/celery/beat.py", line 404, in apply_async
    return task.apply_async(entry_args, entry_kwargs,
  File "/Users/b.vance/Coding Projects/daily_words_project/daily_words_backend/.venv/lib/python3.9/site-packages/celery/app/task.py", line 540, in apply_async
    check_arguments(*(args or ()), **(kwargs or {}))
TypeError: print_message() missing 1 required positional argument: 'message'

During handling of the above exception, another exception occurred:

Traceback (most recent call last):
  File "/Users/b.vance/Coding Projects/daily_words_project/daily_words_backend/.venv/lib/python3.9/site-packages/celery/beat.py", line 287, in apply_entry
    result = self.apply_async(entry, producer=producer, advance=False)
  File "/Users/b.vance/Coding Projects/daily_words_project/daily_words_backend/.venv/lib/python3.9/site-packages/celery/beat.py", line 412, in apply_async
    reraise(SchedulingError, SchedulingError(
  File "/Users/b.vance/Coding Projects/daily_words_project/daily_words_backend/.venv/lib/python3.9/site-packages/celery/exceptions.py", line 108, in reraise
    raise value.with_traceback(tb)
  File "/Users/b.vance/Coding Projects/daily_words_project/daily_words_backend/.venv/lib/python3.9/site-packages/celery/beat.py", line 404, in apply_async
    return task.apply_async(entry_args, entry_kwargs,
  File "/Users/b.vance/Coding Projects/daily_words_project/daily_words_backend/.venv/lib/python3.9/site-packages/celery/app/task.py", line 540, in apply_async
    check_arguments(*(args or ()), **(kwargs or {}))
celery.beat.SchedulingError: Couldn't apply scheduled task print-msg: print_message() missing 1 required positional argument: 'message'
[2022-09-09 18:11:07,112: INFO/MainProcess] Scheduler: Sending due task send-daily-words-test (send_daily_words_test)
[2022-09-09 18:11:11,117: INFO/MainProcess] Scheduler: Sending due task print-msg (print_msg_main)
[2022-09-09 18:11:11,118: ERROR/MainProcess] Message Error: Couldn't apply scheduled task print-msg: print_message() missing 1 required positional argument: 'message'
['  File "/Users/b.vance/Coding Projects/daily_words_project/daily_words_backend/.venv/bin/celery", line 10, in <module>\n    sys.exit(main())\n', '  File "/Users/b.vance/Coding Projects/daily_words_project/daily_words_backend/.venv/lib/python3.9/site-packages/celery/__main__.py", line 15, in main\n    sys.exit(_main())\n', '  File "/Users/b.vance/Coding Projects/daily_words_project/daily_words_backend/.venv/lib/python3.9/site-packages/celery/bin/celery.py", line 217, in main\n    return celery(auto_envvar_prefix="CELERY")\n', '  File "/Users/b.vance/Coding Projects/daily_words_project/daily_words_backend/.venv/lib/python3.9/site-packages/click/core.py", line 1130, in __call__\n    return self.main(*args, **kwargs)\n', '  File "/Users/b.vance/Coding Projects/daily_words_project/daily_words_backend/.venv/lib/python3.9/site-packages/click/core.py", line 1055, in main\n    rv = self.invoke(ctx)\n', '  File "/Users/b.vance/Coding Projects/daily_words_project/daily_words_backend/.venv/lib/python3.9/site-packages/click/core.py", line 1657, in invoke\n    return _process_result(sub_ctx.command.invoke(sub_ctx))\n', '  File "/Users/b.vance/Coding Projects/daily_words_project/daily_words_backend/.venv/lib/python3.9/site-packages/click/core.py", line 1404, in invoke\n    return ctx.invoke(self.callback, **ctx.params)\n', '  File "/Users/b.vance/Coding Projects/daily_words_project/daily_words_backend/.venv/lib/python3.9/site-packages/click/core.py", line 760, in invoke\n    return __callback(*args, **kwargs)\n', '  File "/Users/b.vance/Coding Projects/daily_words_project/daily_words_backend/.venv/lib/python3.9/site-packages/click/decorators.py", line 26, in new_func\n    return f(get_current_context(), *args, **kwargs)\n', '  File "/Users/b.vance/Coding Projects/daily_words_project/daily_words_backend/.venv/lib/python3.9/site-packages/celery/bin/base.py", line 134, in caller\n    return f(ctx, *args, **kwargs)\n', '  File "/Users/b.vance/Coding Projects/daily_words_project/daily_words_backend/.venv/lib/python3.9/site-packages/celery/bin/beat.py", line 70, in beat\n    return beat().run()\n', '  File "/Users/b.vance/Coding Projects/daily_words_project/daily_words_backend/.venv/lib/python3.9/site-packages/celery/apps/beat.py", line 77, in run\n    self.start_scheduler()\n', '  File "/Users/b.vance/Coding Projects/daily_words_project/daily_words_backend/.venv/lib/python3.9/site-packages/celery/apps/beat.py", line 105, in start_scheduler\n    service.start()\n', '  File "/Users/b.vance/Coding Projects/daily_words_project/daily_words_backend/.venv/lib/python3.9/site-packages/celery/beat.py", line 645, in start\n    interval = self.scheduler.tick()\n', '  File "/Users/b.vance/Coding Projects/daily_words_project/daily_words_backend/.venv/lib/python3.9/site-packages/celery/beat.py", line 357, in tick\n    self.apply_entry(entry, producer=self.producer)\n', '  File "/Users/b.vance/Coding Projects/daily_words_project/daily_words_backend/.venv/lib/python3.9/site-packages/celery/beat.py", line 290, in apply_entry\n    exc, traceback.format_stack(), exc_info=True)\n']
Traceback (most recent call last):
  File "/Users/b.vance/Coding Projects/daily_words_project/daily_words_backend/.venv/lib/python3.9/site-packages/celery/beat.py", line 404, in apply_async
    return task.apply_async(entry_args, entry_kwargs,
  File "/Users/b.vance/Coding Projects/daily_words_project/daily_words_backend/.venv/lib/python3.9/site-packages/celery/app/task.py", line 540, in apply_async
    check_arguments(*(args or ()), **(kwargs or {}))
TypeError: print_message() missing 1 required positional argument: 'message'

During handling of the above exception, another exception occurred:

Traceback (most recent call last):
  File "/Users/b.vance/Coding Projects/daily_words_project/daily_words_backend/.venv/lib/python3.9/site-packages/celery/beat.py", line 287, in apply_entry
    result = self.apply_async(entry, producer=producer, advance=False)
  File "/Users/b.vance/Coding Projects/daily_words_project/daily_words_backend/.venv/lib/python3.9/site-packages/celery/beat.py", line 412, in apply_async
    reraise(SchedulingError, SchedulingError(
  File "/Users/b.vance/Coding Projects/daily_words_project/daily_words_backend/.venv/lib/python3.9/site-packages/celery/exceptions.py", line 108, in reraise
    raise value.with_traceback(tb)
  File "/Users/b.vance/Coding Projects/daily_words_project/daily_words_backend/.venv/lib/python3.9/site-packages/celery/beat.py", line 404, in apply_async
    return task.apply_async(entry_args, entry_kwargs,
  File "/Users/b.vance/Coding Projects/daily_words_project/daily_words_backend/.venv/lib/python3.9/site-packages/celery/app/task.py", line 540, in apply_async
    check_arguments(*(args or ()), **(kwargs or {}))
celery.beat.SchedulingError: Couldn't apply scheduled task print-msg: print_message() missing 1 required positional argument: 'message'
[2022-09-09 18:11:11,142: INFO/MainProcess] Scheduler: Sending due task send-daily-words-test (send_daily_words_test)
[2022-09-09 18:11:12,112: INFO/MainProcess] Scheduler: Sending due task send-daily-words-test (send_daily_words_test)
[2022-09-09 18:11:16,142: INFO/MainProcess] Scheduler: Sending due task send-daily-words-test (send_daily_words_test)
[2022-09-09 18:11:17,097: INFO/MainProcess] Scheduler: Sending due task print-msg (print_msg_main)
[2022-09-09 18:11:17,099: ERROR/MainProcess] Message Error: Couldn't apply scheduled task print-msg: print_message() missing 1 required positional argument: 'message'
['  File "/Users/b.vance/Coding Projects/daily_words_project/daily_words_backend/.venv/bin/celery", line 10, in <module>\n    sys.exit(main())\n', '  File "/Users/b.vance/Coding Projects/daily_words_project/daily_words_backend/.venv/lib/python3.9/site-packages/celery/__main__.py", line 15, in main\n    sys.exit(_main())\n', '  File "/Users/b.vance/Coding Projects/daily_words_project/daily_words_backend/.venv/lib/python3.9/site-packages/celery/bin/celery.py", line 217, in main\n    return celery(auto_envvar_prefix="CELERY")\n', '  File "/Users/b.vance/Coding Projects/daily_words_project/daily_words_backend/.venv/lib/python3.9/site-packages/click/core.py", line 1130, in __call__\n    return self.main(*args, **kwargs)\n', '  File "/Users/b.vance/Coding Projects/daily_words_project/daily_words_backend/.venv/lib/python3.9/site-packages/click/core.py", line 1055, in main\n    rv = self.invoke(ctx)\n', '  File "/Users/b.vance/Coding Projects/daily_words_project/daily_words_backend/.venv/lib/python3.9/site-packages/click/core.py", line 1657, in invoke\n    return _process_result(sub_ctx.command.invoke(sub_ctx))\n', '  File "/Users/b.vance/Coding Projects/daily_words_project/daily_words_backend/.venv/lib/python3.9/site-packages/click/core.py", line 1404, in invoke\n    return ctx.invoke(self.callback, **ctx.params)\n', '  File "/Users/b.vance/Coding Projects/daily_words_project/daily_words_backend/.venv/lib/python3.9/site-packages/click/core.py", line 760, in invoke\n    return __callback(*args, **kwargs)\n', '  File "/Users/b.vance/Coding Projects/daily_words_project/daily_words_backend/.venv/lib/python3.9/site-packages/click/decorators.py", line 26, in new_func\n    return f(get_current_context(), *args, **kwargs)\n', '  File "/Users/b.vance/Coding Projects/daily_words_project/daily_words_backend/.venv/lib/python3.9/site-packages/celery/bin/base.py", line 134, in caller\n    return f(ctx, *args, **kwargs)\n', '  File "/Users/b.vance/Coding Projects/daily_words_project/daily_words_backend/.venv/lib/python3.9/site-packages/celery/bin/beat.py", line 70, in beat\n    return beat().run()\n', '  File "/Users/b.vance/Coding Projects/daily_words_project/daily_words_backend/.venv/lib/python3.9/site-packages/celery/apps/beat.py", line 77, in run\n    self.start_scheduler()\n', '  File "/Users/b.vance/Coding Projects/daily_words_project/daily_words_backend/.venv/lib/python3.9/site-packages/celery/apps/beat.py", line 105, in start_scheduler\n    service.start()\n', '  File "/Users/b.vance/Coding Projects/daily_words_project/daily_words_backend/.venv/lib/python3.9/site-packages/celery/beat.py", line 645, in start\n    interval = self.scheduler.tick()\n', '  File "/Users/b.vance/Coding Projects/daily_words_project/daily_words_backend/.venv/lib/python3.9/site-packages/celery/beat.py", line 357, in tick\n    self.apply_entry(entry, producer=self.producer)\n', '  File "/Users/b.vance/Coding Projects/daily_words_project/daily_words_backend/.venv/lib/python3.9/site-packages/celery/beat.py", line 290, in apply_entry\n    exc, traceback.format_stack(), exc_info=True)\n']
Traceback (most recent call last):
  File "/Users/b.vance/Coding Projects/daily_words_project/daily_words_backend/.venv/lib/python3.9/site-packages/celery/beat.py", line 404, in apply_async
    return task.apply_async(entry_args, entry_kwargs,
  File "/Users/b.vance/Coding Projects/daily_words_project/daily_words_backend/.venv/lib/python3.9/site-packages/celery/app/task.py", line 540, in apply_async
    check_arguments(*(args or ()), **(kwargs or {}))
TypeError: print_message() missing 1 required positional argument: 'message'

During handling of the above exception, another exception occurred:

Traceback (most recent call last):
  File "/Users/b.vance/Coding Projects/daily_words_project/daily_words_backend/.venv/lib/python3.9/site-packages/celery/beat.py", line 287, in apply_entry
    result = self.apply_async(entry, producer=producer, advance=False)
  File "/Users/b.vance/Coding Projects/daily_words_project/daily_words_backend/.venv/lib/python3.9/site-packages/celery/beat.py", line 412, in apply_async
    reraise(SchedulingError, SchedulingError(
  File "/Users/b.vance/Coding Projects/daily_words_project/daily_words_backend/.venv/lib/python3.9/site-packages/celery/exceptions.py", line 108, in reraise
    raise value.with_traceback(tb)
  File "/Users/b.vance/Coding Projects/daily_words_project/daily_words_backend/.venv/lib/python3.9/site-packages/celery/beat.py", line 404, in apply_async
    return task.apply_async(entry_args, entry_kwargs,
  File "/Users/b.vance/Coding Projects/daily_words_project/daily_words_backend/.venv/lib/python3.9/site-packages/celery/app/task.py", line 540, in apply_async
    check_arguments(*(args or ()), **(kwargs or {}))
celery.beat.SchedulingError: Couldn't apply scheduled task print-msg: print_message() missing 1 required positional argument: 'message'
[2022-09-09 18:11:17,113: INFO/MainProcess] Scheduler: Sending due task send-daily-words-test (send_daily_words_test)
[2022-09-09 18:14:55,006: INFO/MainProcess] beat: Starting...
[2022-09-09 18:15:05,037: INFO/MainProcess] Scheduler: Sending due task send-daily-words-test (send_daily_words_test)
[2022-09-09 18:15:05,052: INFO/MainProcess] Scheduler: Sending due task print-msg (print_msg_main)
[2022-09-09 18:15:05,061: ERROR/MainProcess] Message Error: Couldn't apply scheduled task print-msg: print_message() missing 1 required positional argument: 'message'
['  File "/Users/b.vance/Coding Projects/daily_words_project/daily_words_backend/.venv/bin/celery", line 10, in <module>\n    sys.exit(main())\n', '  File "/Users/b.vance/Coding Projects/daily_words_project/daily_words_backend/.venv/lib/python3.9/site-packages/celery/__main__.py", line 15, in main\n    sys.exit(_main())\n', '  File "/Users/b.vance/Coding Projects/daily_words_project/daily_words_backend/.venv/lib/python3.9/site-packages/celery/bin/celery.py", line 217, in main\n    return celery(auto_envvar_prefix="CELERY")\n', '  File "/Users/b.vance/Coding Projects/daily_words_project/daily_words_backend/.venv/lib/python3.9/site-packages/click/core.py", line 1130, in __call__\n    return self.main(*args, **kwargs)\n', '  File "/Users/b.vance/Coding Projects/daily_words_project/daily_words_backend/.venv/lib/python3.9/site-packages/click/core.py", line 1055, in main\n    rv = self.invoke(ctx)\n', '  File "/Users/b.vance/Coding Projects/daily_words_project/daily_words_backend/.venv/lib/python3.9/site-packages/click/core.py", line 1657, in invoke\n    return _process_result(sub_ctx.command.invoke(sub_ctx))\n', '  File "/Users/b.vance/Coding Projects/daily_words_project/daily_words_backend/.venv/lib/python3.9/site-packages/click/core.py", line 1404, in invoke\n    return ctx.invoke(self.callback, **ctx.params)\n', '  File "/Users/b.vance/Coding Projects/daily_words_project/daily_words_backend/.venv/lib/python3.9/site-packages/click/core.py", line 760, in invoke\n    return __callback(*args, **kwargs)\n', '  File "/Users/b.vance/Coding Projects/daily_words_project/daily_words_backend/.venv/lib/python3.9/site-packages/click/decorators.py", line 26, in new_func\n    return f(get_current_context(), *args, **kwargs)\n', '  File "/Users/b.vance/Coding Projects/daily_words_project/daily_words_backend/.venv/lib/python3.9/site-packages/celery/bin/base.py", line 134, in caller\n    return f(ctx, *args, **kwargs)\n', '  File "/Users/b.vance/Coding Projects/daily_words_project/daily_words_backend/.venv/lib/python3.9/site-packages/celery/bin/beat.py", line 70, in beat\n    return beat().run()\n', '  File "/Users/b.vance/Coding Projects/daily_words_project/daily_words_backend/.venv/lib/python3.9/site-packages/celery/apps/beat.py", line 77, in run\n    self.start_scheduler()\n', '  File "/Users/b.vance/Coding Projects/daily_words_project/daily_words_backend/.venv/lib/python3.9/site-packages/celery/apps/beat.py", line 105, in start_scheduler\n    service.start()\n', '  File "/Users/b.vance/Coding Projects/daily_words_project/daily_words_backend/.venv/lib/python3.9/site-packages/celery/beat.py", line 645, in start\n    interval = self.scheduler.tick()\n', '  File "/Users/b.vance/Coding Projects/daily_words_project/daily_words_backend/.venv/lib/python3.9/site-packages/celery/beat.py", line 357, in tick\n    self.apply_entry(entry, producer=self.producer)\n', '  File "/Users/b.vance/Coding Projects/daily_words_project/daily_words_backend/.venv/lib/python3.9/site-packages/celery/beat.py", line 290, in apply_entry\n    exc, traceback.format_stack(), exc_info=True)\n']
Traceback (most recent call last):
  File "/Users/b.vance/Coding Projects/daily_words_project/daily_words_backend/.venv/lib/python3.9/site-packages/celery/beat.py", line 404, in apply_async
    return task.apply_async(entry_args, entry_kwargs,
  File "/Users/b.vance/Coding Projects/daily_words_project/daily_words_backend/.venv/lib/python3.9/site-packages/celery/app/task.py", line 540, in apply_async
    check_arguments(*(args or ()), **(kwargs or {}))
TypeError: print_message() missing 1 required positional argument: 'message'

During handling of the above exception, another exception occurred:

Traceback (most recent call last):
  File "/Users/b.vance/Coding Projects/daily_words_project/daily_words_backend/.venv/lib/python3.9/site-packages/celery/beat.py", line 287, in apply_entry
    result = self.apply_async(entry, producer=producer, advance=False)
  File "/Users/b.vance/Coding Projects/daily_words_project/daily_words_backend/.venv/lib/python3.9/site-packages/celery/beat.py", line 412, in apply_async
    reraise(SchedulingError, SchedulingError(
  File "/Users/b.vance/Coding Projects/daily_words_project/daily_words_backend/.venv/lib/python3.9/site-packages/celery/exceptions.py", line 108, in reraise
    raise value.with_traceback(tb)
  File "/Users/b.vance/Coding Projects/daily_words_project/daily_words_backend/.venv/lib/python3.9/site-packages/celery/beat.py", line 404, in apply_async
    return task.apply_async(entry_args, entry_kwargs,
  File "/Users/b.vance/Coding Projects/daily_words_project/daily_words_backend/.venv/lib/python3.9/site-packages/celery/app/task.py", line 540, in apply_async
    check_arguments(*(args or ()), **(kwargs or {}))
celery.beat.SchedulingError: Couldn't apply scheduled task print-msg: print_message() missing 1 required positional argument: 'message'
[2022-09-09 18:16:38,574: INFO/MainProcess] beat: Starting...
[2022-09-09 18:16:48,601: INFO/MainProcess] Scheduler: Sending due task send-daily-words-test (send_daily_words_test)
[2022-09-09 18:16:48,614: INFO/MainProcess] Scheduler: Sending due task print-msg (print_msg_main)
[2022-09-09 18:16:48,623: ERROR/MainProcess] Message Error: Couldn't apply scheduled task print-msg: print_message() missing 1 required positional argument: 'message'
['  File "/Users/b.vance/Coding Projects/daily_words_project/daily_words_backend/.venv/bin/celery", line 10, in <module>\n    sys.exit(main())\n', '  File "/Users/b.vance/Coding Projects/daily_words_project/daily_words_backend/.venv/lib/python3.9/site-packages/celery/__main__.py", line 15, in main\n    sys.exit(_main())\n', '  File "/Users/b.vance/Coding Projects/daily_words_project/daily_words_backend/.venv/lib/python3.9/site-packages/celery/bin/celery.py", line 217, in main\n    return celery(auto_envvar_prefix="CELERY")\n', '  File "/Users/b.vance/Coding Projects/daily_words_project/daily_words_backend/.venv/lib/python3.9/site-packages/click/core.py", line 1130, in __call__\n    return self.main(*args, **kwargs)\n', '  File "/Users/b.vance/Coding Projects/daily_words_project/daily_words_backend/.venv/lib/python3.9/site-packages/click/core.py", line 1055, in main\n    rv = self.invoke(ctx)\n', '  File "/Users/b.vance/Coding Projects/daily_words_project/daily_words_backend/.venv/lib/python3.9/site-packages/click/core.py", line 1657, in invoke\n    return _process_result(sub_ctx.command.invoke(sub_ctx))\n', '  File "/Users/b.vance/Coding Projects/daily_words_project/daily_words_backend/.venv/lib/python3.9/site-packages/click/core.py", line 1404, in invoke\n    return ctx.invoke(self.callback, **ctx.params)\n', '  File "/Users/b.vance/Coding Projects/daily_words_project/daily_words_backend/.venv/lib/python3.9/site-packages/click/core.py", line 760, in invoke\n    return __callback(*args, **kwargs)\n', '  File "/Users/b.vance/Coding Projects/daily_words_project/daily_words_backend/.venv/lib/python3.9/site-packages/click/decorators.py", line 26, in new_func\n    return f(get_current_context(), *args, **kwargs)\n', '  File "/Users/b.vance/Coding Projects/daily_words_project/daily_words_backend/.venv/lib/python3.9/site-packages/celery/bin/base.py", line 134, in caller\n    return f(ctx, *args, **kwargs)\n', '  File "/Users/b.vance/Coding Projects/daily_words_project/daily_words_backend/.venv/lib/python3.9/site-packages/celery/bin/beat.py", line 70, in beat\n    return beat().run()\n', '  File "/Users/b.vance/Coding Projects/daily_words_project/daily_words_backend/.venv/lib/python3.9/site-packages/celery/apps/beat.py", line 77, in run\n    self.start_scheduler()\n', '  File "/Users/b.vance/Coding Projects/daily_words_project/daily_words_backend/.venv/lib/python3.9/site-packages/celery/apps/beat.py", line 105, in start_scheduler\n    service.start()\n', '  File "/Users/b.vance/Coding Projects/daily_words_project/daily_words_backend/.venv/lib/python3.9/site-packages/celery/beat.py", line 645, in start\n    interval = self.scheduler.tick()\n', '  File "/Users/b.vance/Coding Projects/daily_words_project/daily_words_backend/.venv/lib/python3.9/site-packages/celery/beat.py", line 357, in tick\n    self.apply_entry(entry, producer=self.producer)\n', '  File "/Users/b.vance/Coding Projects/daily_words_project/daily_words_backend/.venv/lib/python3.9/site-packages/celery/beat.py", line 290, in apply_entry\n    exc, traceback.format_stack(), exc_info=True)\n']
Traceback (most recent call last):
  File "/Users/b.vance/Coding Projects/daily_words_project/daily_words_backend/.venv/lib/python3.9/site-packages/celery/beat.py", line 404, in apply_async
    return task.apply_async(entry_args, entry_kwargs,
  File "/Users/b.vance/Coding Projects/daily_words_project/daily_words_backend/.venv/lib/python3.9/site-packages/celery/app/task.py", line 540, in apply_async
    check_arguments(*(args or ()), **(kwargs or {}))
TypeError: print_message() missing 1 required positional argument: 'message'

During handling of the above exception, another exception occurred:

Traceback (most recent call last):
  File "/Users/b.vance/Coding Projects/daily_words_project/daily_words_backend/.venv/lib/python3.9/site-packages/celery/beat.py", line 287, in apply_entry
    result = self.apply_async(entry, producer=producer, advance=False)
  File "/Users/b.vance/Coding Projects/daily_words_project/daily_words_backend/.venv/lib/python3.9/site-packages/celery/beat.py", line 412, in apply_async
    reraise(SchedulingError, SchedulingError(
  File "/Users/b.vance/Coding Projects/daily_words_project/daily_words_backend/.venv/lib/python3.9/site-packages/celery/exceptions.py", line 108, in reraise
    raise value.with_traceback(tb)
  File "/Users/b.vance/Coding Projects/daily_words_project/daily_words_backend/.venv/lib/python3.9/site-packages/celery/beat.py", line 404, in apply_async
    return task.apply_async(entry_args, entry_kwargs,
  File "/Users/b.vance/Coding Projects/daily_words_project/daily_words_backend/.venv/lib/python3.9/site-packages/celery/app/task.py", line 540, in apply_async
    check_arguments(*(args or ()), **(kwargs or {}))
celery.beat.SchedulingError: Couldn't apply scheduled task print-msg: print_message() missing 1 required positional argument: 'message'
[2022-09-09 18:16:58,596: INFO/MainProcess] Scheduler: Sending due task send-daily-words-test (send_daily_words_test)
[2022-09-09 18:16:58,614: INFO/MainProcess] Scheduler: Sending due task print-msg (print_msg_main)
[2022-09-09 18:16:58,615: ERROR/MainProcess] Message Error: Couldn't apply scheduled task print-msg: print_message() missing 1 required positional argument: 'message'
['  File "/Users/b.vance/Coding Projects/daily_words_project/daily_words_backend/.venv/bin/celery", line 10, in <module>\n    sys.exit(main())\n', '  File "/Users/b.vance/Coding Projects/daily_words_project/daily_words_backend/.venv/lib/python3.9/site-packages/celery/__main__.py", line 15, in main\n    sys.exit(_main())\n', '  File "/Users/b.vance/Coding Projects/daily_words_project/daily_words_backend/.venv/lib/python3.9/site-packages/celery/bin/celery.py", line 217, in main\n    return celery(auto_envvar_prefix="CELERY")\n', '  File "/Users/b.vance/Coding Projects/daily_words_project/daily_words_backend/.venv/lib/python3.9/site-packages/click/core.py", line 1130, in __call__\n    return self.main(*args, **kwargs)\n', '  File "/Users/b.vance/Coding Projects/daily_words_project/daily_words_backend/.venv/lib/python3.9/site-packages/click/core.py", line 1055, in main\n    rv = self.invoke(ctx)\n', '  File "/Users/b.vance/Coding Projects/daily_words_project/daily_words_backend/.venv/lib/python3.9/site-packages/click/core.py", line 1657, in invoke\n    return _process_result(sub_ctx.command.invoke(sub_ctx))\n', '  File "/Users/b.vance/Coding Projects/daily_words_project/daily_words_backend/.venv/lib/python3.9/site-packages/click/core.py", line 1404, in invoke\n    return ctx.invoke(self.callback, **ctx.params)\n', '  File "/Users/b.vance/Coding Projects/daily_words_project/daily_words_backend/.venv/lib/python3.9/site-packages/click/core.py", line 760, in invoke\n    return __callback(*args, **kwargs)\n', '  File "/Users/b.vance/Coding Projects/daily_words_project/daily_words_backend/.venv/lib/python3.9/site-packages/click/decorators.py", line 26, in new_func\n    return f(get_current_context(), *args, **kwargs)\n', '  File "/Users/b.vance/Coding Projects/daily_words_project/daily_words_backend/.venv/lib/python3.9/site-packages/celery/bin/base.py", line 134, in caller\n    return f(ctx, *args, **kwargs)\n', '  File "/Users/b.vance/Coding Projects/daily_words_project/daily_words_backend/.venv/lib/python3.9/site-packages/celery/bin/beat.py", line 70, in beat\n    return beat().run()\n', '  File "/Users/b.vance/Coding Projects/daily_words_project/daily_words_backend/.venv/lib/python3.9/site-packages/celery/apps/beat.py", line 77, in run\n    self.start_scheduler()\n', '  File "/Users/b.vance/Coding Projects/daily_words_project/daily_words_backend/.venv/lib/python3.9/site-packages/celery/apps/beat.py", line 105, in start_scheduler\n    service.start()\n', '  File "/Users/b.vance/Coding Projects/daily_words_project/daily_words_backend/.venv/lib/python3.9/site-packages/celery/beat.py", line 645, in start\n    interval = self.scheduler.tick()\n', '  File "/Users/b.vance/Coding Projects/daily_words_project/daily_words_backend/.venv/lib/python3.9/site-packages/celery/beat.py", line 357, in tick\n    self.apply_entry(entry, producer=self.producer)\n', '  File "/Users/b.vance/Coding Projects/daily_words_project/daily_words_backend/.venv/lib/python3.9/site-packages/celery/beat.py", line 290, in apply_entry\n    exc, traceback.format_stack(), exc_info=True)\n']
Traceback (most recent call last):
  File "/Users/b.vance/Coding Projects/daily_words_project/daily_words_backend/.venv/lib/python3.9/site-packages/celery/beat.py", line 404, in apply_async
    return task.apply_async(entry_args, entry_kwargs,
  File "/Users/b.vance/Coding Projects/daily_words_project/daily_words_backend/.venv/lib/python3.9/site-packages/celery/app/task.py", line 540, in apply_async
    check_arguments(*(args or ()), **(kwargs or {}))
TypeError: print_message() missing 1 required positional argument: 'message'

During handling of the above exception, another exception occurred:

Traceback (most recent call last):
  File "/Users/b.vance/Coding Projects/daily_words_project/daily_words_backend/.venv/lib/python3.9/site-packages/celery/beat.py", line 287, in apply_entry
    result = self.apply_async(entry, producer=producer, advance=False)
  File "/Users/b.vance/Coding Projects/daily_words_project/daily_words_backend/.venv/lib/python3.9/site-packages/celery/beat.py", line 412, in apply_async
    reraise(SchedulingError, SchedulingError(
  File "/Users/b.vance/Coding Projects/daily_words_project/daily_words_backend/.venv/lib/python3.9/site-packages/celery/exceptions.py", line 108, in reraise
    raise value.with_traceback(tb)
  File "/Users/b.vance/Coding Projects/daily_words_project/daily_words_backend/.venv/lib/python3.9/site-packages/celery/beat.py", line 404, in apply_async
    return task.apply_async(entry_args, entry_kwargs,
  File "/Users/b.vance/Coding Projects/daily_words_project/daily_words_backend/.venv/lib/python3.9/site-packages/celery/app/task.py", line 540, in apply_async
    check_arguments(*(args or ()), **(kwargs or {}))
celery.beat.SchedulingError: Couldn't apply scheduled task print-msg: print_message() missing 1 required positional argument: 'message'
[2022-09-09 18:17:08,596: INFO/MainProcess] Scheduler: Sending due task send-daily-words-test (send_daily_words_test)
[2022-09-09 18:17:08,614: INFO/MainProcess] Scheduler: Sending due task print-msg (print_msg_main)
[2022-09-09 18:17:08,615: ERROR/MainProcess] Message Error: Couldn't apply scheduled task print-msg: print_message() missing 1 required positional argument: 'message'
['  File "/Users/b.vance/Coding Projects/daily_words_project/daily_words_backend/.venv/bin/celery", line 10, in <module>\n    sys.exit(main())\n', '  File "/Users/b.vance/Coding Projects/daily_words_project/daily_words_backend/.venv/lib/python3.9/site-packages/celery/__main__.py", line 15, in main\n    sys.exit(_main())\n', '  File "/Users/b.vance/Coding Projects/daily_words_project/daily_words_backend/.venv/lib/python3.9/site-packages/celery/bin/celery.py", line 217, in main\n    return celery(auto_envvar_prefix="CELERY")\n', '  File "/Users/b.vance/Coding Projects/daily_words_project/daily_words_backend/.venv/lib/python3.9/site-packages/click/core.py", line 1130, in __call__\n    return self.main(*args, **kwargs)\n', '  File "/Users/b.vance/Coding Projects/daily_words_project/daily_words_backend/.venv/lib/python3.9/site-packages/click/core.py", line 1055, in main\n    rv = self.invoke(ctx)\n', '  File "/Users/b.vance/Coding Projects/daily_words_project/daily_words_backend/.venv/lib/python3.9/site-packages/click/core.py", line 1657, in invoke\n    return _process_result(sub_ctx.command.invoke(sub_ctx))\n', '  File "/Users/b.vance/Coding Projects/daily_words_project/daily_words_backend/.venv/lib/python3.9/site-packages/click/core.py", line 1404, in invoke\n    return ctx.invoke(self.callback, **ctx.params)\n', '  File "/Users/b.vance/Coding Projects/daily_words_project/daily_words_backend/.venv/lib/python3.9/site-packages/click/core.py", line 760, in invoke\n    return __callback(*args, **kwargs)\n', '  File "/Users/b.vance/Coding Projects/daily_words_project/daily_words_backend/.venv/lib/python3.9/site-packages/click/decorators.py", line 26, in new_func\n    return f(get_current_context(), *args, **kwargs)\n', '  File "/Users/b.vance/Coding Projects/daily_words_project/daily_words_backend/.venv/lib/python3.9/site-packages/celery/bin/base.py", line 134, in caller\n    return f(ctx, *args, **kwargs)\n', '  File "/Users/b.vance/Coding Projects/daily_words_project/daily_words_backend/.venv/lib/python3.9/site-packages/celery/bin/beat.py", line 70, in beat\n    return beat().run()\n', '  File "/Users/b.vance/Coding Projects/daily_words_project/daily_words_backend/.venv/lib/python3.9/site-packages/celery/apps/beat.py", line 77, in run\n    self.start_scheduler()\n', '  File "/Users/b.vance/Coding Projects/daily_words_project/daily_words_backend/.venv/lib/python3.9/site-packages/celery/apps/beat.py", line 105, in start_scheduler\n    service.start()\n', '  File "/Users/b.vance/Coding Projects/daily_words_project/daily_words_backend/.venv/lib/python3.9/site-packages/celery/beat.py", line 645, in start\n    interval = self.scheduler.tick()\n', '  File "/Users/b.vance/Coding Projects/daily_words_project/daily_words_backend/.venv/lib/python3.9/site-packages/celery/beat.py", line 357, in tick\n    self.apply_entry(entry, producer=self.producer)\n', '  File "/Users/b.vance/Coding Projects/daily_words_project/daily_words_backend/.venv/lib/python3.9/site-packages/celery/beat.py", line 290, in apply_entry\n    exc, traceback.format_stack(), exc_info=True)\n']
Traceback (most recent call last):
  File "/Users/b.vance/Coding Projects/daily_words_project/daily_words_backend/.venv/lib/python3.9/site-packages/celery/beat.py", line 404, in apply_async
    return task.apply_async(entry_args, entry_kwargs,
  File "/Users/b.vance/Coding Projects/daily_words_project/daily_words_backend/.venv/lib/python3.9/site-packages/celery/app/task.py", line 540, in apply_async
    check_arguments(*(args or ()), **(kwargs or {}))
TypeError: print_message() missing 1 required positional argument: 'message'

During handling of the above exception, another exception occurred:

Traceback (most recent call last):
  File "/Users/b.vance/Coding Projects/daily_words_project/daily_words_backend/.venv/lib/python3.9/site-packages/celery/beat.py", line 287, in apply_entry
    result = self.apply_async(entry, producer=producer, advance=False)
  File "/Users/b.vance/Coding Projects/daily_words_project/daily_words_backend/.venv/lib/python3.9/site-packages/celery/beat.py", line 412, in apply_async
    reraise(SchedulingError, SchedulingError(
  File "/Users/b.vance/Coding Projects/daily_words_project/daily_words_backend/.venv/lib/python3.9/site-packages/celery/exceptions.py", line 108, in reraise
    raise value.with_traceback(tb)
  File "/Users/b.vance/Coding Projects/daily_words_project/daily_words_backend/.venv/lib/python3.9/site-packages/celery/beat.py", line 404, in apply_async
    return task.apply_async(entry_args, entry_kwargs,
  File "/Users/b.vance/Coding Projects/daily_words_project/daily_words_backend/.venv/lib/python3.9/site-packages/celery/app/task.py", line 540, in apply_async
    check_arguments(*(args or ()), **(kwargs or {}))
celery.beat.SchedulingError: Couldn't apply scheduled task print-msg: print_message() missing 1 required positional argument: 'message'
[2022-09-09 18:17:18,596: INFO/MainProcess] Scheduler: Sending due task send-daily-words-test (send_daily_words_test)
[2022-09-09 18:17:18,614: INFO/MainProcess] Scheduler: Sending due task print-msg (print_msg_main)
[2022-09-09 18:17:18,615: ERROR/MainProcess] Message Error: Couldn't apply scheduled task print-msg: print_message() missing 1 required positional argument: 'message'
['  File "/Users/b.vance/Coding Projects/daily_words_project/daily_words_backend/.venv/bin/celery", line 10, in <module>\n    sys.exit(main())\n', '  File "/Users/b.vance/Coding Projects/daily_words_project/daily_words_backend/.venv/lib/python3.9/site-packages/celery/__main__.py", line 15, in main\n    sys.exit(_main())\n', '  File "/Users/b.vance/Coding Projects/daily_words_project/daily_words_backend/.venv/lib/python3.9/site-packages/celery/bin/celery.py", line 217, in main\n    return celery(auto_envvar_prefix="CELERY")\n', '  File "/Users/b.vance/Coding Projects/daily_words_project/daily_words_backend/.venv/lib/python3.9/site-packages/click/core.py", line 1130, in __call__\n    return self.main(*args, **kwargs)\n', '  File "/Users/b.vance/Coding Projects/daily_words_project/daily_words_backend/.venv/lib/python3.9/site-packages/click/core.py", line 1055, in main\n    rv = self.invoke(ctx)\n', '  File "/Users/b.vance/Coding Projects/daily_words_project/daily_words_backend/.venv/lib/python3.9/site-packages/click/core.py", line 1657, in invoke\n    return _process_result(sub_ctx.command.invoke(sub_ctx))\n', '  File "/Users/b.vance/Coding Projects/daily_words_project/daily_words_backend/.venv/lib/python3.9/site-packages/click/core.py", line 1404, in invoke\n    return ctx.invoke(self.callback, **ctx.params)\n', '  File "/Users/b.vance/Coding Projects/daily_words_project/daily_words_backend/.venv/lib/python3.9/site-packages/click/core.py", line 760, in invoke\n    return __callback(*args, **kwargs)\n', '  File "/Users/b.vance/Coding Projects/daily_words_project/daily_words_backend/.venv/lib/python3.9/site-packages/click/decorators.py", line 26, in new_func\n    return f(get_current_context(), *args, **kwargs)\n', '  File "/Users/b.vance/Coding Projects/daily_words_project/daily_words_backend/.venv/lib/python3.9/site-packages/celery/bin/base.py", line 134, in caller\n    return f(ctx, *args, **kwargs)\n', '  File "/Users/b.vance/Coding Projects/daily_words_project/daily_words_backend/.venv/lib/python3.9/site-packages/celery/bin/beat.py", line 70, in beat\n    return beat().run()\n', '  File "/Users/b.vance/Coding Projects/daily_words_project/daily_words_backend/.venv/lib/python3.9/site-packages/celery/apps/beat.py", line 77, in run\n    self.start_scheduler()\n', '  File "/Users/b.vance/Coding Projects/daily_words_project/daily_words_backend/.venv/lib/python3.9/site-packages/celery/apps/beat.py", line 105, in start_scheduler\n    service.start()\n', '  File "/Users/b.vance/Coding Projects/daily_words_project/daily_words_backend/.venv/lib/python3.9/site-packages/celery/beat.py", line 645, in start\n    interval = self.scheduler.tick()\n', '  File "/Users/b.vance/Coding Projects/daily_words_project/daily_words_backend/.venv/lib/python3.9/site-packages/celery/beat.py", line 357, in tick\n    self.apply_entry(entry, producer=self.producer)\n', '  File "/Users/b.vance/Coding Projects/daily_words_project/daily_words_backend/.venv/lib/python3.9/site-packages/celery/beat.py", line 290, in apply_entry\n    exc, traceback.format_stack(), exc_info=True)\n']
Traceback (most recent call last):
  File "/Users/b.vance/Coding Projects/daily_words_project/daily_words_backend/.venv/lib/python3.9/site-packages/celery/beat.py", line 404, in apply_async
    return task.apply_async(entry_args, entry_kwargs,
  File "/Users/b.vance/Coding Projects/daily_words_project/daily_words_backend/.venv/lib/python3.9/site-packages/celery/app/task.py", line 540, in apply_async
    check_arguments(*(args or ()), **(kwargs or {}))
TypeError: print_message() missing 1 required positional argument: 'message'

During handling of the above exception, another exception occurred:

Traceback (most recent call last):
  File "/Users/b.vance/Coding Projects/daily_words_project/daily_words_backend/.venv/lib/python3.9/site-packages/celery/beat.py", line 287, in apply_entry
    result = self.apply_async(entry, producer=producer, advance=False)
  File "/Users/b.vance/Coding Projects/daily_words_project/daily_words_backend/.venv/lib/python3.9/site-packages/celery/beat.py", line 412, in apply_async
    reraise(SchedulingError, SchedulingError(
  File "/Users/b.vance/Coding Projects/daily_words_project/daily_words_backend/.venv/lib/python3.9/site-packages/celery/exceptions.py", line 108, in reraise
    raise value.with_traceback(tb)
  File "/Users/b.vance/Coding Projects/daily_words_project/daily_words_backend/.venv/lib/python3.9/site-packages/celery/beat.py", line 404, in apply_async
    return task.apply_async(entry_args, entry_kwargs,
  File "/Users/b.vance/Coding Projects/daily_words_project/daily_words_backend/.venv/lib/python3.9/site-packages/celery/app/task.py", line 540, in apply_async
    check_arguments(*(args or ()), **(kwargs or {}))
celery.beat.SchedulingError: Couldn't apply scheduled task print-msg: print_message() missing 1 required positional argument: 'message'
[2022-09-09 18:18:09,877: INFO/MainProcess] beat: Starting...
[2022-09-09 18:18:19,907: INFO/MainProcess] Scheduler: Sending due task send-daily-words-test (send_daily_words_test)
[2022-09-09 18:18:19,933: INFO/MainProcess] Scheduler: Sending due task print-msg (print_msg_main)
[2022-09-09 18:18:19,944: ERROR/MainProcess] Message Error: Couldn't apply scheduled task print-msg: print_message() missing 1 required positional argument: 'message'
['  File "/Users/b.vance/Coding Projects/daily_words_project/daily_words_backend/.venv/bin/celery", line 10, in <module>\n    sys.exit(main())\n', '  File "/Users/b.vance/Coding Projects/daily_words_project/daily_words_backend/.venv/lib/python3.9/site-packages/celery/__main__.py", line 15, in main\n    sys.exit(_main())\n', '  File "/Users/b.vance/Coding Projects/daily_words_project/daily_words_backend/.venv/lib/python3.9/site-packages/celery/bin/celery.py", line 217, in main\n    return celery(auto_envvar_prefix="CELERY")\n', '  File "/Users/b.vance/Coding Projects/daily_words_project/daily_words_backend/.venv/lib/python3.9/site-packages/click/core.py", line 1130, in __call__\n    return self.main(*args, **kwargs)\n', '  File "/Users/b.vance/Coding Projects/daily_words_project/daily_words_backend/.venv/lib/python3.9/site-packages/click/core.py", line 1055, in main\n    rv = self.invoke(ctx)\n', '  File "/Users/b.vance/Coding Projects/daily_words_project/daily_words_backend/.venv/lib/python3.9/site-packages/click/core.py", line 1657, in invoke\n    return _process_result(sub_ctx.command.invoke(sub_ctx))\n', '  File "/Users/b.vance/Coding Projects/daily_words_project/daily_words_backend/.venv/lib/python3.9/site-packages/click/core.py", line 1404, in invoke\n    return ctx.invoke(self.callback, **ctx.params)\n', '  File "/Users/b.vance/Coding Projects/daily_words_project/daily_words_backend/.venv/lib/python3.9/site-packages/click/core.py", line 760, in invoke\n    return __callback(*args, **kwargs)\n', '  File "/Users/b.vance/Coding Projects/daily_words_project/daily_words_backend/.venv/lib/python3.9/site-packages/click/decorators.py", line 26, in new_func\n    return f(get_current_context(), *args, **kwargs)\n', '  File "/Users/b.vance/Coding Projects/daily_words_project/daily_words_backend/.venv/lib/python3.9/site-packages/celery/bin/base.py", line 134, in caller\n    return f(ctx, *args, **kwargs)\n', '  File "/Users/b.vance/Coding Projects/daily_words_project/daily_words_backend/.venv/lib/python3.9/site-packages/celery/bin/beat.py", line 70, in beat\n    return beat().run()\n', '  File "/Users/b.vance/Coding Projects/daily_words_project/daily_words_backend/.venv/lib/python3.9/site-packages/celery/apps/beat.py", line 77, in run\n    self.start_scheduler()\n', '  File "/Users/b.vance/Coding Projects/daily_words_project/daily_words_backend/.venv/lib/python3.9/site-packages/celery/apps/beat.py", line 105, in start_scheduler\n    service.start()\n', '  File "/Users/b.vance/Coding Projects/daily_words_project/daily_words_backend/.venv/lib/python3.9/site-packages/celery/beat.py", line 645, in start\n    interval = self.scheduler.tick()\n', '  File "/Users/b.vance/Coding Projects/daily_words_project/daily_words_backend/.venv/lib/python3.9/site-packages/celery/beat.py", line 357, in tick\n    self.apply_entry(entry, producer=self.producer)\n', '  File "/Users/b.vance/Coding Projects/daily_words_project/daily_words_backend/.venv/lib/python3.9/site-packages/celery/beat.py", line 290, in apply_entry\n    exc, traceback.format_stack(), exc_info=True)\n']
Traceback (most recent call last):
  File "/Users/b.vance/Coding Projects/daily_words_project/daily_words_backend/.venv/lib/python3.9/site-packages/celery/beat.py", line 404, in apply_async
    return task.apply_async(entry_args, entry_kwargs,
  File "/Users/b.vance/Coding Projects/daily_words_project/daily_words_backend/.venv/lib/python3.9/site-packages/celery/app/task.py", line 540, in apply_async
    check_arguments(*(args or ()), **(kwargs or {}))
TypeError: print_message() missing 1 required positional argument: 'message'

During handling of the above exception, another exception occurred:

Traceback (most recent call last):
  File "/Users/b.vance/Coding Projects/daily_words_project/daily_words_backend/.venv/lib/python3.9/site-packages/celery/beat.py", line 287, in apply_entry
    result = self.apply_async(entry, producer=producer, advance=False)
  File "/Users/b.vance/Coding Projects/daily_words_project/daily_words_backend/.venv/lib/python3.9/site-packages/celery/beat.py", line 412, in apply_async
    reraise(SchedulingError, SchedulingError(
  File "/Users/b.vance/Coding Projects/daily_words_project/daily_words_backend/.venv/lib/python3.9/site-packages/celery/exceptions.py", line 108, in reraise
    raise value.with_traceback(tb)
  File "/Users/b.vance/Coding Projects/daily_words_project/daily_words_backend/.venv/lib/python3.9/site-packages/celery/beat.py", line 404, in apply_async
    return task.apply_async(entry_args, entry_kwargs,
  File "/Users/b.vance/Coding Projects/daily_words_project/daily_words_backend/.venv/lib/python3.9/site-packages/celery/app/task.py", line 540, in apply_async
    check_arguments(*(args or ()), **(kwargs or {}))
celery.beat.SchedulingError: Couldn't apply scheduled task print-msg: print_message() missing 1 required positional argument: 'message'
[2022-09-09 18:18:25,984: INFO/MainProcess] beat: Starting...
[2022-09-09 18:18:36,002: INFO/MainProcess] Scheduler: Sending due task print-msg (print_msg_main)
[2022-09-09 18:18:36,014: ERROR/MainProcess] Message Error: Couldn't apply scheduled task print-msg: print_message() missing 1 required positional argument: 'message'
['  File "/Users/b.vance/Coding Projects/daily_words_project/daily_words_backend/.venv/bin/celery", line 10, in <module>\n    sys.exit(main())\n', '  File "/Users/b.vance/Coding Projects/daily_words_project/daily_words_backend/.venv/lib/python3.9/site-packages/celery/__main__.py", line 15, in main\n    sys.exit(_main())\n', '  File "/Users/b.vance/Coding Projects/daily_words_project/daily_words_backend/.venv/lib/python3.9/site-packages/celery/bin/celery.py", line 217, in main\n    return celery(auto_envvar_prefix="CELERY")\n', '  File "/Users/b.vance/Coding Projects/daily_words_project/daily_words_backend/.venv/lib/python3.9/site-packages/click/core.py", line 1130, in __call__\n    return self.main(*args, **kwargs)\n', '  File "/Users/b.vance/Coding Projects/daily_words_project/daily_words_backend/.venv/lib/python3.9/site-packages/click/core.py", line 1055, in main\n    rv = self.invoke(ctx)\n', '  File "/Users/b.vance/Coding Projects/daily_words_project/daily_words_backend/.venv/lib/python3.9/site-packages/click/core.py", line 1657, in invoke\n    return _process_result(sub_ctx.command.invoke(sub_ctx))\n', '  File "/Users/b.vance/Coding Projects/daily_words_project/daily_words_backend/.venv/lib/python3.9/site-packages/click/core.py", line 1404, in invoke\n    return ctx.invoke(self.callback, **ctx.params)\n', '  File "/Users/b.vance/Coding Projects/daily_words_project/daily_words_backend/.venv/lib/python3.9/site-packages/click/core.py", line 760, in invoke\n    return __callback(*args, **kwargs)\n', '  File "/Users/b.vance/Coding Projects/daily_words_project/daily_words_backend/.venv/lib/python3.9/site-packages/click/decorators.py", line 26, in new_func\n    return f(get_current_context(), *args, **kwargs)\n', '  File "/Users/b.vance/Coding Projects/daily_words_project/daily_words_backend/.venv/lib/python3.9/site-packages/celery/bin/base.py", line 134, in caller\n    return f(ctx, *args, **kwargs)\n', '  File "/Users/b.vance/Coding Projects/daily_words_project/daily_words_backend/.venv/lib/python3.9/site-packages/celery/bin/beat.py", line 70, in beat\n    return beat().run()\n', '  File "/Users/b.vance/Coding Projects/daily_words_project/daily_words_backend/.venv/lib/python3.9/site-packages/celery/apps/beat.py", line 77, in run\n    self.start_scheduler()\n', '  File "/Users/b.vance/Coding Projects/daily_words_project/daily_words_backend/.venv/lib/python3.9/site-packages/celery/apps/beat.py", line 105, in start_scheduler\n    service.start()\n', '  File "/Users/b.vance/Coding Projects/daily_words_project/daily_words_backend/.venv/lib/python3.9/site-packages/celery/beat.py", line 645, in start\n    interval = self.scheduler.tick()\n', '  File "/Users/b.vance/Coding Projects/daily_words_project/daily_words_backend/.venv/lib/python3.9/site-packages/celery/beat.py", line 357, in tick\n    self.apply_entry(entry, producer=self.producer)\n', '  File "/Users/b.vance/Coding Projects/daily_words_project/daily_words_backend/.venv/lib/python3.9/site-packages/celery/beat.py", line 290, in apply_entry\n    exc, traceback.format_stack(), exc_info=True)\n']
Traceback (most recent call last):
  File "/Users/b.vance/Coding Projects/daily_words_project/daily_words_backend/.venv/lib/python3.9/site-packages/celery/beat.py", line 404, in apply_async
    return task.apply_async(entry_args, entry_kwargs,
  File "/Users/b.vance/Coding Projects/daily_words_project/daily_words_backend/.venv/lib/python3.9/site-packages/celery/app/task.py", line 540, in apply_async
    check_arguments(*(args or ()), **(kwargs or {}))
TypeError: print_message() missing 1 required positional argument: 'message'

During handling of the above exception, another exception occurred:

Traceback (most recent call last):
  File "/Users/b.vance/Coding Projects/daily_words_project/daily_words_backend/.venv/lib/python3.9/site-packages/celery/beat.py", line 287, in apply_entry
    result = self.apply_async(entry, producer=producer, advance=False)
  File "/Users/b.vance/Coding Projects/daily_words_project/daily_words_backend/.venv/lib/python3.9/site-packages/celery/beat.py", line 412, in apply_async
    reraise(SchedulingError, SchedulingError(
  File "/Users/b.vance/Coding Projects/daily_words_project/daily_words_backend/.venv/lib/python3.9/site-packages/celery/exceptions.py", line 108, in reraise
    raise value.with_traceback(tb)
  File "/Users/b.vance/Coding Projects/daily_words_project/daily_words_backend/.venv/lib/python3.9/site-packages/celery/beat.py", line 404, in apply_async
    return task.apply_async(entry_args, entry_kwargs,
  File "/Users/b.vance/Coding Projects/daily_words_project/daily_words_backend/.venv/lib/python3.9/site-packages/celery/app/task.py", line 540, in apply_async
    check_arguments(*(args or ()), **(kwargs or {}))
celery.beat.SchedulingError: Couldn't apply scheduled task print-msg: print_message() missing 1 required positional argument: 'message'
[2022-09-09 18:18:36,018: INFO/MainProcess] Scheduler: Sending due task send-daily-words-test (send_daily_words_test)
[2022-09-09 18:18:45,998: INFO/MainProcess] Scheduler: Sending due task print-msg (print_msg_main)
[2022-09-09 18:18:45,999: ERROR/MainProcess] Message Error: Couldn't apply scheduled task print-msg: print_message() missing 1 required positional argument: 'message'
['  File "/Users/b.vance/Coding Projects/daily_words_project/daily_words_backend/.venv/bin/celery", line 10, in <module>\n    sys.exit(main())\n', '  File "/Users/b.vance/Coding Projects/daily_words_project/daily_words_backend/.venv/lib/python3.9/site-packages/celery/__main__.py", line 15, in main\n    sys.exit(_main())\n', '  File "/Users/b.vance/Coding Projects/daily_words_project/daily_words_backend/.venv/lib/python3.9/site-packages/celery/bin/celery.py", line 217, in main\n    return celery(auto_envvar_prefix="CELERY")\n', '  File "/Users/b.vance/Coding Projects/daily_words_project/daily_words_backend/.venv/lib/python3.9/site-packages/click/core.py", line 1130, in __call__\n    return self.main(*args, **kwargs)\n', '  File "/Users/b.vance/Coding Projects/daily_words_project/daily_words_backend/.venv/lib/python3.9/site-packages/click/core.py", line 1055, in main\n    rv = self.invoke(ctx)\n', '  File "/Users/b.vance/Coding Projects/daily_words_project/daily_words_backend/.venv/lib/python3.9/site-packages/click/core.py", line 1657, in invoke\n    return _process_result(sub_ctx.command.invoke(sub_ctx))\n', '  File "/Users/b.vance/Coding Projects/daily_words_project/daily_words_backend/.venv/lib/python3.9/site-packages/click/core.py", line 1404, in invoke\n    return ctx.invoke(self.callback, **ctx.params)\n', '  File "/Users/b.vance/Coding Projects/daily_words_project/daily_words_backend/.venv/lib/python3.9/site-packages/click/core.py", line 760, in invoke\n    return __callback(*args, **kwargs)\n', '  File "/Users/b.vance/Coding Projects/daily_words_project/daily_words_backend/.venv/lib/python3.9/site-packages/click/decorators.py", line 26, in new_func\n    return f(get_current_context(), *args, **kwargs)\n', '  File "/Users/b.vance/Coding Projects/daily_words_project/daily_words_backend/.venv/lib/python3.9/site-packages/celery/bin/base.py", line 134, in caller\n    return f(ctx, *args, **kwargs)\n', '  File "/Users/b.vance/Coding Projects/daily_words_project/daily_words_backend/.venv/lib/python3.9/site-packages/celery/bin/beat.py", line 70, in beat\n    return beat().run()\n', '  File "/Users/b.vance/Coding Projects/daily_words_project/daily_words_backend/.venv/lib/python3.9/site-packages/celery/apps/beat.py", line 77, in run\n    self.start_scheduler()\n', '  File "/Users/b.vance/Coding Projects/daily_words_project/daily_words_backend/.venv/lib/python3.9/site-packages/celery/apps/beat.py", line 105, in start_scheduler\n    service.start()\n', '  File "/Users/b.vance/Coding Projects/daily_words_project/daily_words_backend/.venv/lib/python3.9/site-packages/celery/beat.py", line 645, in start\n    interval = self.scheduler.tick()\n', '  File "/Users/b.vance/Coding Projects/daily_words_project/daily_words_backend/.venv/lib/python3.9/site-packages/celery/beat.py", line 357, in tick\n    self.apply_entry(entry, producer=self.producer)\n', '  File "/Users/b.vance/Coding Projects/daily_words_project/daily_words_backend/.venv/lib/python3.9/site-packages/celery/beat.py", line 290, in apply_entry\n    exc, traceback.format_stack(), exc_info=True)\n']
Traceback (most recent call last):
  File "/Users/b.vance/Coding Projects/daily_words_project/daily_words_backend/.venv/lib/python3.9/site-packages/celery/beat.py", line 404, in apply_async
    return task.apply_async(entry_args, entry_kwargs,
  File "/Users/b.vance/Coding Projects/daily_words_project/daily_words_backend/.venv/lib/python3.9/site-packages/celery/app/task.py", line 540, in apply_async
    check_arguments(*(args or ()), **(kwargs or {}))
TypeError: print_message() missing 1 required positional argument: 'message'

During handling of the above exception, another exception occurred:

Traceback (most recent call last):
  File "/Users/b.vance/Coding Projects/daily_words_project/daily_words_backend/.venv/lib/python3.9/site-packages/celery/beat.py", line 287, in apply_entry
    result = self.apply_async(entry, producer=producer, advance=False)
  File "/Users/b.vance/Coding Projects/daily_words_project/daily_words_backend/.venv/lib/python3.9/site-packages/celery/beat.py", line 412, in apply_async
    reraise(SchedulingError, SchedulingError(
  File "/Users/b.vance/Coding Projects/daily_words_project/daily_words_backend/.venv/lib/python3.9/site-packages/celery/exceptions.py", line 108, in reraise
    raise value.with_traceback(tb)
  File "/Users/b.vance/Coding Projects/daily_words_project/daily_words_backend/.venv/lib/python3.9/site-packages/celery/beat.py", line 404, in apply_async
    return task.apply_async(entry_args, entry_kwargs,
  File "/Users/b.vance/Coding Projects/daily_words_project/daily_words_backend/.venv/lib/python3.9/site-packages/celery/app/task.py", line 540, in apply_async
    check_arguments(*(args or ()), **(kwargs or {}))
celery.beat.SchedulingError: Couldn't apply scheduled task print-msg: print_message() missing 1 required positional argument: 'message'
[2022-09-09 18:18:46,018: INFO/MainProcess] Scheduler: Sending due task send-daily-words-test (send_daily_words_test)
[2022-09-09 18:18:55,998: INFO/MainProcess] Scheduler: Sending due task print-msg (print_msg_main)
[2022-09-09 18:18:55,999: ERROR/MainProcess] Message Error: Couldn't apply scheduled task print-msg: print_message() missing 1 required positional argument: 'message'
['  File "/Users/b.vance/Coding Projects/daily_words_project/daily_words_backend/.venv/bin/celery", line 10, in <module>\n    sys.exit(main())\n', '  File "/Users/b.vance/Coding Projects/daily_words_project/daily_words_backend/.venv/lib/python3.9/site-packages/celery/__main__.py", line 15, in main\n    sys.exit(_main())\n', '  File "/Users/b.vance/Coding Projects/daily_words_project/daily_words_backend/.venv/lib/python3.9/site-packages/celery/bin/celery.py", line 217, in main\n    return celery(auto_envvar_prefix="CELERY")\n', '  File "/Users/b.vance/Coding Projects/daily_words_project/daily_words_backend/.venv/lib/python3.9/site-packages/click/core.py", line 1130, in __call__\n    return self.main(*args, **kwargs)\n', '  File "/Users/b.vance/Coding Projects/daily_words_project/daily_words_backend/.venv/lib/python3.9/site-packages/click/core.py", line 1055, in main\n    rv = self.invoke(ctx)\n', '  File "/Users/b.vance/Coding Projects/daily_words_project/daily_words_backend/.venv/lib/python3.9/site-packages/click/core.py", line 1657, in invoke\n    return _process_result(sub_ctx.command.invoke(sub_ctx))\n', '  File "/Users/b.vance/Coding Projects/daily_words_project/daily_words_backend/.venv/lib/python3.9/site-packages/click/core.py", line 1404, in invoke\n    return ctx.invoke(self.callback, **ctx.params)\n', '  File "/Users/b.vance/Coding Projects/daily_words_project/daily_words_backend/.venv/lib/python3.9/site-packages/click/core.py", line 760, in invoke\n    return __callback(*args, **kwargs)\n', '  File "/Users/b.vance/Coding Projects/daily_words_project/daily_words_backend/.venv/lib/python3.9/site-packages/click/decorators.py", line 26, in new_func\n    return f(get_current_context(), *args, **kwargs)\n', '  File "/Users/b.vance/Coding Projects/daily_words_project/daily_words_backend/.venv/lib/python3.9/site-packages/celery/bin/base.py", line 134, in caller\n    return f(ctx, *args, **kwargs)\n', '  File "/Users/b.vance/Coding Projects/daily_words_project/daily_words_backend/.venv/lib/python3.9/site-packages/celery/bin/beat.py", line 70, in beat\n    return beat().run()\n', '  File "/Users/b.vance/Coding Projects/daily_words_project/daily_words_backend/.venv/lib/python3.9/site-packages/celery/apps/beat.py", line 77, in run\n    self.start_scheduler()\n', '  File "/Users/b.vance/Coding Projects/daily_words_project/daily_words_backend/.venv/lib/python3.9/site-packages/celery/apps/beat.py", line 105, in start_scheduler\n    service.start()\n', '  File "/Users/b.vance/Coding Projects/daily_words_project/daily_words_backend/.venv/lib/python3.9/site-packages/celery/beat.py", line 645, in start\n    interval = self.scheduler.tick()\n', '  File "/Users/b.vance/Coding Projects/daily_words_project/daily_words_backend/.venv/lib/python3.9/site-packages/celery/beat.py", line 357, in tick\n    self.apply_entry(entry, producer=self.producer)\n', '  File "/Users/b.vance/Coding Projects/daily_words_project/daily_words_backend/.venv/lib/python3.9/site-packages/celery/beat.py", line 290, in apply_entry\n    exc, traceback.format_stack(), exc_info=True)\n']
Traceback (most recent call last):
  File "/Users/b.vance/Coding Projects/daily_words_project/daily_words_backend/.venv/lib/python3.9/site-packages/celery/beat.py", line 404, in apply_async
    return task.apply_async(entry_args, entry_kwargs,
  File "/Users/b.vance/Coding Projects/daily_words_project/daily_words_backend/.venv/lib/python3.9/site-packages/celery/app/task.py", line 540, in apply_async
    check_arguments(*(args or ()), **(kwargs or {}))
TypeError: print_message() missing 1 required positional argument: 'message'

During handling of the above exception, another exception occurred:

Traceback (most recent call last):
  File "/Users/b.vance/Coding Projects/daily_words_project/daily_words_backend/.venv/lib/python3.9/site-packages/celery/beat.py", line 287, in apply_entry
    result = self.apply_async(entry, producer=producer, advance=False)
  File "/Users/b.vance/Coding Projects/daily_words_project/daily_words_backend/.venv/lib/python3.9/site-packages/celery/beat.py", line 412, in apply_async
    reraise(SchedulingError, SchedulingError(
  File "/Users/b.vance/Coding Projects/daily_words_project/daily_words_backend/.venv/lib/python3.9/site-packages/celery/exceptions.py", line 108, in reraise
    raise value.with_traceback(tb)
  File "/Users/b.vance/Coding Projects/daily_words_project/daily_words_backend/.venv/lib/python3.9/site-packages/celery/beat.py", line 404, in apply_async
    return task.apply_async(entry_args, entry_kwargs,
  File "/Users/b.vance/Coding Projects/daily_words_project/daily_words_backend/.venv/lib/python3.9/site-packages/celery/app/task.py", line 540, in apply_async
    check_arguments(*(args or ()), **(kwargs or {}))
celery.beat.SchedulingError: Couldn't apply scheduled task print-msg: print_message() missing 1 required positional argument: 'message'
[2022-09-09 18:18:56,019: INFO/MainProcess] Scheduler: Sending due task send-daily-words-test (send_daily_words_test)
